<?xml version="1.0" encoding="utf-8"?>
<coverage line-rate="0.6940000000000001" branch-rate="0.5714" version="1.9" timestamp="1779609389" lines-covered="397" lines-valid="572" branches-covered="120" branches-valid="210">
  <sources>
    <source>/Users/rage6c/Documents/dotnet-test-proj/PgDuckDump/</source>
  </sources>
  <packages>
    <package name="PgDuckDump" line-rate="0.6940000000000001" branch-rate="0.5714" complexity="251">
      <classes>
        <class name="System.Text.RegularExpressions.Generated.&lt;RegexGenerator_g&gt;F410866BB150844725AC495FE3A698E2EF574A5A9842CD20BADE3F842771B4C91__SafePathSegmentRegex_0" filename="obj/Debug/net10.0/System.Text.RegularExpressions.Generator/System.Text.RegularExpressions.Generator.RegexGenerator/RegexGenerator.g.cs" line-rate="1" branch-rate="1" complexity="2">
          <methods>
            <method name=".ctor" signature="()" line-rate="1" branch-rate="1" complexity="1">
              <lines>
                <line number="138" hits="1" branch="False" />
                <line number="139" hits="1" branch="False" />
                <line number="140" hits="1" branch="False" />
                <line number="141" hits="1" branch="False" />
                <line number="142" hits="1" branch="False" />
                <line number="143" hits="1" branch="False" />
                <line number="144" hits="1" branch="False" />
                <line number="145" hits="1" branch="False" />
                <line number="146" hits="1" branch="False" />
              </lines>
            </method>
            <method name=".cctor" signature="()" line-rate="1" branch-rate="1" complexity="1">
              <lines>
                <line number="135" hits="1" branch="False" />
              </lines>
            </method>
          </methods>
          <lines>
            <line number="138" hits="1" branch="False" />
            <line number="139" hits="1" branch="False" />
            <line number="140" hits="1" branch="False" />
            <line number="141" hits="1" branch="False" />
            <line number="142" hits="1" branch="False" />
            <line number="143" hits="1" branch="False" />
            <line number="144" hits="1" branch="False" />
            <line number="145" hits="1" branch="False" />
            <line number="146" hits="1" branch="False" />
            <line number="135" hits="1" branch="False" />
          </lines>
        </class>
        <class name="System.Text.RegularExpressions.Generated.&lt;RegexGenerator_g&gt;F410866BB150844725AC495FE3A698E2EF574A5A9842CD20BADE3F842771B4C91__SafePathSegmentRegex_0/RunnerFactory" filename="obj/Debug/net10.0/System.Text.RegularExpressions.Generator/System.Text.RegularExpressions.Generator.RegexGenerator/RegexGenerator.g.cs" line-rate="1" branch-rate="1" complexity="1">
          <methods>
            <method name="CreateInstance" signature="()" line-rate="1" branch-rate="1" complexity="1">
              <lines>
                <line number="152" hits="2" branch="False" />
              </lines>
            </method>
          </methods>
          <lines>
            <line number="152" hits="2" branch="False" />
          </lines>
        </class>
        <class name="System.Text.RegularExpressions.Generated.&lt;RegexGenerator_g&gt;F410866BB150844725AC495FE3A698E2EF574A5A9842CD20BADE3F842771B4C91__SafePathSegmentRegex_0/RunnerFactory/Runner" filename="obj/Debug/net10.0/System.Text.RegularExpressions.Generator/System.Text.RegularExpressions.Generator.RegexGenerator/RegexGenerator.g.cs" line-rate="0.8371999999999999" branch-rate="0.7" complexity="20">
          <methods>
            <method name="Scan" signature="(System.ReadOnlySpan`1&lt;System.Char&gt;)" line-rate="1" branch-rate="0.75" complexity="4">
              <lines>
                <line number="160" hits="8" branch="False" />
                <line number="162" hits="8" branch="True" condition-coverage="75% (3/4)">
                  <conditions>
                    <condition number="8" type="jump" coverage="50%" />
                    <condition number="25" type="jump" coverage="100%" />
                  </conditions>
                </line>
                <line number="163" hits="3" branch="False" />
                <line number="164" hits="3" branch="False" />
                <line number="165" hits="3" branch="False" />
                <line number="166" hits="8" branch="False" />
              </lines>
            </method>
            <method name="TryFindNextPossibleStartingPosition" signature="(System.ReadOnlySpan`1&lt;System.Char&gt;)" line-rate="0.7272" branch-rate="0.5" complexity="4">
              <lines>
                <line number="172" hits="8" branch="False" />
                <line number="173" hits="8" branch="False" />
                <line number="176" hits="8" branch="True" condition-coverage="50% (1/2)">
                  <conditions>
                    <condition number="20" type="jump" coverage="50%" />
                  </conditions>
                </line>
                <line number="177" hits="8" branch="False" />
                <line number="179" hits="8" branch="True" condition-coverage="50% (1/2)">
                  <conditions>
                    <condition number="29" type="jump" coverage="50%" />
                  </conditions>
                </line>
                <line number="180" hits="8" branch="False" />
                <line number="181" hits="8" branch="False" />
                <line number="183" hits="0" branch="False" />
                <line number="186" hits="0" branch="False" />
                <line number="187" hits="0" branch="False" />
                <line number="188" hits="8" branch="False" />
              </lines>
            </method>
            <method name="TryMatchAtCurrentPosition" signature="(System.ReadOnlySpan`1&lt;System.Char&gt;)" line-rate="0.8461" branch-rate="0.75" complexity="12">
              <lines>
                <line number="194" hits="8" branch="False" />
                <line number="195" hits="8" branch="False" />
                <line number="196" hits="8" branch="False" />
                <line number="197" hits="8" branch="False" />
                <line number="200" hits="8" branch="True" condition-coverage="50% (1/2)">
                  <conditions>
                    <condition number="25" type="jump" coverage="50%" />
                  </conditions>
                </line>
                <line number="201" hits="0" branch="False" />
                <line number="202" hits="0" branch="False" />
                <line number="206" hits="8" branch="False" />
                <line number="207" hits="8" branch="False" />
                <line number="208" hits="8" branch="True" condition-coverage="100% (2/2)">
                  <conditions>
                    <condition number="59" type="jump" coverage="100%" />
                  </conditions>
                </line>
                <line number="209" hits="5" branch="False" />
                <line number="210" hits="5" branch="False" />
                <line number="211" hits="5" branch="False" />
                <line number="213" hits="8" branch="True" condition-coverage="50% (1/2)">
                  <conditions>
                    <condition number="81" type="jump" coverage="50%" />
                  </conditions>
                </line>
                <line number="214" hits="0" branch="False" />
                <line number="215" hits="0" branch="False" />
                <line number="218" hits="8" branch="False" />
                <line number="219" hits="8" branch="False" />
                <line number="220" hits="8" branch="False" />
                <line number="223" hits="8" branch="True" condition-coverage="83.33% (5/6)">
                  <conditions>
                    <condition number="115" type="jump" coverage="100%" />
                    <condition number="125" type="jump" coverage="50%" />
                    <condition number="153" type="jump" coverage="100%" />
                  </conditions>
                </line>
                <line number="224" hits="3" branch="False" />
                <line number="225" hits="3" branch="False" />
                <line number="229" hits="5" branch="False" />
                <line number="230" hits="5" branch="False" />
                <line number="231" hits="5" branch="False" />
                <line number="232" hits="8" branch="False" />
              </lines>
            </method>
          </methods>
          <lines>
            <line number="160" hits="8" branch="False" />
            <line number="162" hits="8" branch="True" condition-coverage="75% (3/4)">
              <conditions>
                <condition number="8" type="jump" coverage="50%" />
                <condition number="25" type="jump" coverage="100%" />
              </conditions>
            </line>
            <line number="163" hits="3" branch="False" />
            <line number="164" hits="3" branch="False" />
            <line number="165" hits="3" branch="False" />
            <line number="166" hits="8" branch="False" />
            <line number="172" hits="8" branch="False" />
            <line number="173" hits="8" branch="False" />
            <line number="176" hits="8" branch="True" condition-coverage="50% (1/2)">
              <conditions>
                <condition number="20" type="jump" coverage="50%" />
              </conditions>
            </line>
            <line number="177" hits="8" branch="False" />
            <line number="179" hits="8" branch="True" condition-coverage="50% (1/2)">
              <conditions>
                <condition number="29" type="jump" coverage="50%" />
              </conditions>
            </line>
            <line number="180" hits="8" branch="False" />
            <line number="181" hits="8" branch="False" />
            <line number="183" hits="0" branch="False" />
            <line number="186" hits="0" branch="False" />
            <line number="187" hits="0" branch="False" />
            <line number="188" hits="8" branch="False" />
            <line number="194" hits="8" branch="False" />
            <line number="195" hits="8" branch="False" />
            <line number="196" hits="8" branch="False" />
            <line number="197" hits="8" branch="False" />
            <line number="200" hits="8" branch="True" condition-coverage="50% (1/2)">
              <conditions>
                <condition number="25" type="jump" coverage="50%" />
              </conditions>
            </line>
            <line number="201" hits="0" branch="False" />
            <line number="202" hits="0" branch="False" />
            <line number="206" hits="8" branch="False" />
            <line number="207" hits="8" branch="False" />
            <line number="208" hits="8" branch="True" condition-coverage="100% (2/2)">
              <conditions>
                <condition number="59" type="jump" coverage="100%" />
              </conditions>
            </line>
            <line number="209" hits="5" branch="False" />
            <line number="210" hits="5" branch="False" />
            <line number="211" hits="5" branch="False" />
            <line number="213" hits="8" branch="True" condition-coverage="50% (1/2)">
              <conditions>
                <condition number="81" type="jump" coverage="50%" />
              </conditions>
            </line>
            <line number="214" hits="0" branch="False" />
            <line number="215" hits="0" branch="False" />
            <line number="218" hits="8" branch="False" />
            <line number="219" hits="8" branch="False" />
            <line number="220" hits="8" branch="False" />
            <line number="223" hits="8" branch="True" condition-coverage="83.33% (5/6)">
              <conditions>
                <condition number="115" type="jump" coverage="100%" />
                <condition number="125" type="jump" coverage="50%" />
                <condition number="153" type="jump" coverage="100%" />
              </conditions>
            </line>
            <line number="224" hits="3" branch="False" />
            <line number="225" hits="3" branch="False" />
            <line number="229" hits="5" branch="False" />
            <line number="230" hits="5" branch="False" />
            <line number="231" hits="5" branch="False" />
            <line number="232" hits="8" branch="False" />
          </lines>
        </class>
        <class name="System.Text.RegularExpressions.Generated.&lt;RegexGenerator_g&gt;F410866BB150844725AC495FE3A698E2EF574A5A9842CD20BADE3F842771B4C91__ForbiddenKeywordRegex_1" filename="obj/Debug/net10.0/System.Text.RegularExpressions.Generator/System.Text.RegularExpressions.Generator.RegexGenerator/RegexGenerator.g.cs" line-rate="1" branch-rate="1" complexity="2">
          <methods>
            <method name=".ctor" signature="()" line-rate="1" branch-rate="1" complexity="1">
              <lines>
                <line number="246" hits="1" branch="False" />
                <line number="247" hits="1" branch="False" />
                <line number="248" hits="1" branch="False" />
                <line number="249" hits="1" branch="False" />
                <line number="250" hits="1" branch="False" />
                <line number="251" hits="1" branch="False" />
                <line number="252" hits="1" branch="False" />
                <line number="253" hits="1" branch="False" />
                <line number="254" hits="1" branch="False" />
              </lines>
            </method>
            <method name=".cctor" signature="()" line-rate="1" branch-rate="1" complexity="1">
              <lines>
                <line number="243" hits="1" branch="False" />
              </lines>
            </method>
          </methods>
          <lines>
            <line number="246" hits="1" branch="False" />
            <line number="247" hits="1" branch="False" />
            <line number="248" hits="1" branch="False" />
            <line number="249" hits="1" branch="False" />
            <line number="250" hits="1" branch="False" />
            <line number="251" hits="1" branch="False" />
            <line number="252" hits="1" branch="False" />
            <line number="253" hits="1" branch="False" />
            <line number="254" hits="1" branch="False" />
            <line number="243" hits="1" branch="False" />
          </lines>
        </class>
        <class name="System.Text.RegularExpressions.Generated.&lt;RegexGenerator_g&gt;F410866BB150844725AC495FE3A698E2EF574A5A9842CD20BADE3F842771B4C91__ForbiddenKeywordRegex_1/RunnerFactory" filename="obj/Debug/net10.0/System.Text.RegularExpressions.Generator/System.Text.RegularExpressions.Generator.RegexGenerator/RegexGenerator.g.cs" line-rate="1" branch-rate="1" complexity="1">
          <methods>
            <method name="CreateInstance" signature="()" line-rate="1" branch-rate="1" complexity="1">
              <lines>
                <line number="260" hits="1" branch="False" />
              </lines>
            </method>
          </methods>
          <lines>
            <line number="260" hits="1" branch="False" />
          </lines>
        </class>
        <class name="System.Text.RegularExpressions.Generated.&lt;RegexGenerator_g&gt;F410866BB150844725AC495FE3A698E2EF574A5A9842CD20BADE3F842771B4C91__ForbiddenKeywordRegex_1/RunnerFactory/Runner" filename="obj/Debug/net10.0/System.Text.RegularExpressions.Generator/System.Text.RegularExpressions.Generator.RegexGenerator/RegexGenerator.g.cs" line-rate="0.5395" branch-rate="0.4722" complexity="108">
          <methods>
            <method name="Scan" signature="(System.ReadOnlySpan`1&lt;System.Char&gt;)" line-rate="0.41659999999999997" branch-rate="0.5" complexity="8">
              <lines>
                <line number="268" hits="3" branch="False" />
                <line number="270" hits="3" branch="True" condition-coverage="66.66% (4/6)">
                  <conditions>
                    <condition number="78" type="jump" coverage="50%" />
                    <condition number="44" type="jump" coverage="100%" />
                    <condition number="53" type="jump" coverage="50%" />
                  </conditions>
                </line>
                <line number="271" hits="3" branch="False" />
                <line number="272" hits="3" branch="False" />
                <line number="273" hits="0" branch="False" />
                <line number="274" hits="0" branch="False" />
                <line number="275" hits="0" branch="True" condition-coverage="0% (0/2)">
                  <conditions>
                    <condition number="25" type="jump" coverage="0%" />
                  </conditions>
                </line>
                <line number="276" hits="0" branch="False" />
                <line number="277" hits="0" branch="False" />
                <line number="278" hits="0" branch="False" />
                <line number="279" hits="0" branch="False" />
                <line number="280" hits="3" branch="False" />
              </lines>
            </method>
            <method name="TryFindNextPossibleStartingPosition" signature="(System.ReadOnlySpan`1&lt;System.Char&gt;)" line-rate="1" branch-rate="1" complexity="4">
              <lines>
                <line number="286" hits="3" branch="False" />
                <line number="287" hits="3" branch="False" />
                <line number="290" hits="3" branch="True" condition-coverage="100% (2/2)">
                  <conditions>
                    <condition number="25" type="jump" coverage="100%" />
                  </conditions>
                </line>
                <line number="291" hits="3" branch="False" />
                <line number="294" hits="3" branch="False" />
                <line number="295" hits="3" branch="True" condition-coverage="100% (2/2)">
                  <conditions>
                    <condition number="56" type="jump" coverage="100%" />
                  </conditions>
                </line>
                <line number="296" hits="2" branch="False" />
                <line number="297" hits="2" branch="False" />
                <line number="298" hits="2" branch="False" />
                <line number="300" hits="1" branch="False" />
                <line number="303" hits="1" branch="False" />
                <line number="304" hits="1" branch="False" />
                <line number="305" hits="3" branch="False" />
              </lines>
            </method>
            <method name="TryMatchAtCurrentPosition" signature="(System.ReadOnlySpan`1&lt;System.Char&gt;)" line-rate="0.5163" branch-rate="0.4468" complexity="94">
              <lines>
                <line number="311" hits="2" branch="False" />
                <line number="312" hits="2" branch="False" />
                <line number="313" hits="2" branch="False" />
                <line number="314" hits="2" branch="False" />
                <line number="315" hits="2" branch="False" />
                <line number="316" hits="2" branch="False" />
                <line number="317" hits="2" branch="False" />
                <line number="318" hits="2" branch="False" />
                <line number="321" hits="2" branch="True" condition-coverage="50% (1/2)">
                  <conditions>
                    <condition number="44" type="jump" coverage="50%" />
                  </conditions>
                </line>
                <line number="322" hits="0" branch="False" />
                <line number="323" hits="0" branch="False" />
                <line number="324" hits="0" branch="False" />
                <line number="329" hits="2" branch="False" />
                <line number="333" hits="2" branch="False" />
                <line number="334" hits="2" branch="False" />
                <line number="338" hits="2" branch="True" condition-coverage="50% (2/4)">
                  <conditions>
                    <condition number="84" type="jump" coverage="50%" />
                    <condition number="114" type="jump" coverage="50%" />
                  </conditions>
                </line>
                <line number="339" hits="2" branch="False" />
                <line number="340" hits="2" branch="False" />
                <line number="341" hits="2" branch="False" />
                <line number="344" hits="0" branch="False" />
                <line number="345" hits="0" branch="False" />
                <line number="346" hits="0" branch="False" />
                <line number="347" hits="0" branch="False" />
                <line number="349" hits="2" branch="False" />
                <line number="350" hits="2" branch="False" />
                <line number="351" hits="2" branch="False" />
                <line number="352" hits="2" branch="False" />
                <line number="357" hits="2" branch="True" condition-coverage="50% (2/4)">
                  <conditions>
                    <condition number="170" type="jump" coverage="50%" />
                    <condition number="200" type="jump" coverage="50%" />
                  </conditions>
                </line>
                <line number="358" hits="2" branch="False" />
                <line number="359" hits="2" branch="False" />
                <line number="360" hits="2" branch="False" />
                <line number="363" hits="0" branch="False" />
                <line number="364" hits="0" branch="False" />
                <line number="365" hits="0" branch="False" />
                <line number="366" hits="0" branch="False" />
                <line number="368" hits="2" branch="False" />
                <line number="369" hits="2" branch="False" />
                <line number="370" hits="2" branch="False" />
                <line number="371" hits="2" branch="False" />
                <line number="377" hits="2" branch="True" condition-coverage="75% (3/4)">
                  <conditions>
                    <condition number="255" type="jump" coverage="50%" />
                    <condition number="283" type="jump" coverage="100%" />
                  </conditions>
                </line>
                <line number="378" hits="1" branch="False" />
                <line number="379" hits="1" branch="False" />
                <line number="384" hits="1" branch="True" condition-coverage="50% (1/2)">
                  <conditions>
                    <condition number="305" type="jump" coverage="50%" />
                  </conditions>
                </line>
                <line number="385" hits="0" branch="False" />
                <line number="386" hits="0" branch="False" />
                <line number="389" hits="1" branch="True" condition-coverage="50% (5/10)">
                  <conditions>
                    <condition number="332" type="jump" coverage="50%" />
                    <condition number="338" type="jump" coverage="50%" />
                    <condition number="357" type="jump" coverage="50%" />
                    <condition number="346" type="jump" coverage="50%" />
                    <condition number="365" type="jump" coverage="50%" />
                  </conditions>
                </line>
                <line number="393" hits="1" branch="True" condition-coverage="50% (2/4)">
                  <conditions>
                    <condition number="380" type="jump" coverage="50%" />
                    <condition number="416" type="jump" coverage="50%" />
                  </conditions>
                </line>
                <line number="394" hits="1" branch="False" />
                <line number="395" hits="0" branch="False" />
                <line number="396" hits="0" branch="False" />
                <line number="399" hits="1" branch="False" />
                <line number="400" hits="1" branch="False" />
                <line number="401" hits="1" branch="False" />
                <line number="405" hits="0" branch="True" condition-coverage="0% (0/4)">
                  <conditions>
                    <condition number="445" type="jump" coverage="0%" />
                    <condition number="481" type="jump" coverage="0%" />
                  </conditions>
                </line>
                <line number="406" hits="0" branch="False" />
                <line number="407" hits="0" branch="False" />
                <line number="408" hits="0" branch="False" />
                <line number="411" hits="0" branch="False" />
                <line number="412" hits="0" branch="False" />
                <line number="413" hits="0" branch="False" />
                <line number="416" hits="0" branch="False" />
                <line number="420" hits="1" branch="False" />
                <line number="421" hits="1" branch="False" />
                <line number="423" hits="1" branch="False" />
                <line number="424" hits="1" branch="False" />
                <line number="425" hits="1" branch="False" />
                <line number="426" hits="1" branch="False" />
                <line number="431" hits="1" branch="True" condition-coverage="50% (2/4)">
                  <conditions>
                    <condition number="541" type="jump" coverage="50%" />
                    <condition number="571" type="jump" coverage="50%" />
                  </conditions>
                </line>
                <line number="432" hits="1" branch="False" />
                <line number="433" hits="1" branch="False" />
                <line number="434" hits="1" branch="False" />
                <line number="437" hits="0" branch="False" />
                <line number="438" hits="0" branch="False" />
                <line number="439" hits="0" branch="False" />
                <line number="440" hits="0" branch="False" />
                <line number="442" hits="1" branch="False" />
                <line number="443" hits="1" branch="False" />
                <line number="444" hits="1" branch="False" />
                <line number="445" hits="1" branch="False" />
                <line number="450" hits="1" branch="True" condition-coverage="50% (2/4)">
                  <conditions>
                    <condition number="627" type="jump" coverage="50%" />
                    <condition number="657" type="jump" coverage="50%" />
                  </conditions>
                </line>
                <line number="451" hits="1" branch="False" />
                <line number="452" hits="1" branch="False" />
                <line number="453" hits="1" branch="False" />
                <line number="456" hits="0" branch="False" />
                <line number="457" hits="0" branch="False" />
                <line number="458" hits="0" branch="False" />
                <line number="459" hits="0" branch="False" />
                <line number="461" hits="1" branch="False" />
                <line number="462" hits="1" branch="False" />
                <line number="463" hits="1" branch="False" />
                <line number="464" hits="1" branch="False" />
                <line number="469" hits="1" branch="True" condition-coverage="50% (2/4)">
                  <conditions>
                    <condition number="713" type="jump" coverage="50%" />
                    <condition number="743" type="jump" coverage="50%" />
                  </conditions>
                </line>
                <line number="470" hits="1" branch="False" />
                <line number="471" hits="1" branch="False" />
                <line number="472" hits="1" branch="False" />
                <line number="475" hits="0" branch="False" />
                <line number="476" hits="0" branch="False" />
                <line number="477" hits="0" branch="False" />
                <line number="478" hits="0" branch="False" />
                <line number="480" hits="1" branch="False" />
                <line number="481" hits="1" branch="False" />
                <line number="482" hits="1" branch="False" />
                <line number="483" hits="1" branch="False" />
                <line number="488" hits="1" branch="True" condition-coverage="50% (2/4)">
                  <conditions>
                    <condition number="799" type="jump" coverage="50%" />
                    <condition number="829" type="jump" coverage="50%" />
                  </conditions>
                </line>
                <line number="489" hits="1" branch="False" />
                <line number="490" hits="1" branch="False" />
                <line number="491" hits="1" branch="False" />
                <line number="494" hits="0" branch="False" />
                <line number="495" hits="0" branch="False" />
                <line number="496" hits="0" branch="False" />
                <line number="497" hits="0" branch="False" />
                <line number="499" hits="1" branch="False" />
                <line number="500" hits="1" branch="False" />
                <line number="501" hits="1" branch="False" />
                <line number="502" hits="1" branch="False" />
                <line number="508" hits="1" branch="True" condition-coverage="50% (2/4)">
                  <conditions>
                    <condition number="884" type="jump" coverage="50%" />
                    <condition number="912" type="jump" coverage="50%" />
                  </conditions>
                </line>
                <line number="509" hits="0" branch="False" />
                <line number="510" hits="0" branch="False" />
                <line number="515" hits="1" branch="True" condition-coverage="50% (1/2)">
                  <conditions>
                    <condition number="934" type="jump" coverage="50%" />
                  </conditions>
                </line>
                <line number="516" hits="0" branch="False" />
                <line number="517" hits="0" branch="False" />
                <line number="520" hits="1" branch="True" condition-coverage="40% (4/10)">
                  <conditions>
                    <condition number="961" type="jump" coverage="50%" />
                    <condition number="967" type="jump" coverage="0%" />
                    <condition number="986" type="jump" coverage="50%" />
                    <condition number="975" type="jump" coverage="50%" />
                    <condition number="994" type="jump" coverage="50%" />
                  </conditions>
                </line>
                <line number="524" hits="1" branch="True" condition-coverage="50% (2/4)">
                  <conditions>
                    <condition number="1009" type="jump" coverage="50%" />
                    <condition number="1045" type="jump" coverage="50%" />
                  </conditions>
                </line>
                <line number="525" hits="1" branch="False" />
                <line number="526" hits="0" branch="False" />
                <line number="527" hits="0" branch="False" />
                <line number="530" hits="1" branch="False" />
                <line number="531" hits="1" branch="False" />
                <line number="532" hits="1" branch="False" />
                <line number="537" hits="0" branch="False" />
                <line number="538" hits="0" branch="True" condition-coverage="0% (0/6)">
                  <conditions>
                    <condition number="1075" type="jump" coverage="0%" />
                    <condition number="1091" type="jump" coverage="0%" />
                    <condition number="1119" type="jump" coverage="0%" />
                  </conditions>
                </line>
                <line number="539" hits="0" branch="False" />
                <line number="540" hits="0" branch="False" />
                <line number="541" hits="0" branch="False" />
                <line number="542" hits="0" branch="False" />
                <line number="544" hits="0" branch="False" />
                <line number="546" hits="0" branch="False" />
                <line number="547" hits="0" branch="False" />
                <line number="548" hits="0" branch="False" />
                <line number="551" hits="0" branch="False" />
                <line number="555" hits="1" branch="False" />
                <line number="556" hits="1" branch="False" />
                <line number="558" hits="0" branch="False" />
                <line number="559" hits="0" branch="False" />
                <line number="560" hits="0" branch="False" />
                <line number="561" hits="0" branch="False" />
                <line number="566" hits="0" branch="True" condition-coverage="0% (0/4)">
                  <conditions>
                    <condition number="1180" type="jump" coverage="0%" />
                    <condition number="1210" type="jump" coverage="0%" />
                  </conditions>
                </line>
                <line number="567" hits="0" branch="False" />
                <line number="568" hits="0" branch="False" />
                <line number="569" hits="0" branch="False" />
                <line number="570" hits="0" branch="False" />
                <line number="573" hits="0" branch="False" />
                <line number="574" hits="0" branch="False" />
                <line number="575" hits="0" branch="False" />
                <line number="576" hits="0" branch="False" />
                <line number="579" hits="0" branch="False" />
                <line number="580" hits="0" branch="True" condition-coverage="0% (0/2)">
                  <conditions>
                    <condition number="1257" type="jump" coverage="0%" />
                  </conditions>
                </line>
                <line number="581" hits="0" branch="False" />
                <line number="582" hits="0" branch="False" />
                <line number="583" hits="0" branch="False" />
                <line number="585" hits="0" branch="True" condition-coverage="80% (8/10)">
                  <conditions>
                    <condition number="1277" type="switch" coverage="80%" />
                  </conditions>
                </line>
                <line number="588" hits="0" branch="False" />
                <line number="590" hits="0" branch="False" />
                <line number="592" hits="0" branch="False" />
                <line number="594" hits="0" branch="False" />
                <line number="596" hits="0" branch="False" />
                <line number="598" hits="0" branch="False" />
                <line number="600" hits="0" branch="False" />
                <line number="602" hits="0" branch="False" />
                <line number="604" hits="0" branch="False" />
                <line number="605" hits="0" branch="False" />
                <line number="608" hits="4" branch="False" />
                <line number="611" hits="2" branch="False" />
                <line number="613" hits="2" branch="False" />
                <line number="615" hits="0" branch="False" />
                <line number="616" hits="0" branch="False" />
                <line number="618" hits="4" branch="False" />
                <line number="622" hits="2" branch="True" condition-coverage="50% (1/2)">
                  <conditions>
                    <condition number="1410" type="jump" coverage="50%" />
                  </conditions>
                </line>
                <line number="623" hits="0" branch="False" />
                <line number="624" hits="0" branch="False" />
                <line number="628" hits="2" branch="False" />
                <line number="629" hits="2" branch="False" />
                <line number="630" hits="2" branch="False" />
                <line number="641" hits="2" branch="False" />
              </lines>
            </method>
            <method name="&lt;TryMatchAtCurrentPosition&gt;g__UncaptureUntil|2_0" signature="(System.Int32)" line-rate="0.5" branch-rate="0.5" complexity="2">
              <lines>
                <line number="635" hits="9" branch="False" />
                <line number="636" hits="9" branch="True" condition-coverage="50% (1/2)">
                  <conditions>
                    <condition number="23" type="jump" coverage="50%" />
                  </conditions>
                </line>
                <line number="637" hits="0" branch="False" />
                <line number="638" hits="0" branch="False" />
                <line number="639" hits="0" branch="False" />
                <line number="640" hits="9" branch="False" />
              </lines>
            </method>
          </methods>
          <lines>
            <line number="268" hits="3" branch="False" />
            <line number="270" hits="3" branch="True" condition-coverage="66.66% (4/6)">
              <conditions>
                <condition number="78" type="jump" coverage="50%" />
                <condition number="44" type="jump" coverage="100%" />
                <condition number="53" type="jump" coverage="50%" />
              </conditions>
            </line>
            <line number="271" hits="3" branch="False" />
            <line number="272" hits="3" branch="False" />
            <line number="273" hits="0" branch="False" />
            <line number="274" hits="0" branch="False" />
            <line number="275" hits="0" branch="True" condition-coverage="0% (0/2)">
              <conditions>
                <condition number="25" type="jump" coverage="0%" />
              </conditions>
            </line>
            <line number="276" hits="0" branch="False" />
            <line number="277" hits="0" branch="False" />
            <line number="278" hits="0" branch="False" />
            <line number="279" hits="0" branch="False" />
            <line number="280" hits="3" branch="False" />
            <line number="286" hits="3" branch="False" />
            <line number="287" hits="3" branch="False" />
            <line number="290" hits="3" branch="True" condition-coverage="100% (2/2)">
              <conditions>
                <condition number="25" type="jump" coverage="100%" />
              </conditions>
            </line>
            <line number="291" hits="3" branch="False" />
            <line number="294" hits="3" branch="False" />
            <line number="295" hits="3" branch="True" condition-coverage="100% (2/2)">
              <conditions>
                <condition number="56" type="jump" coverage="100%" />
              </conditions>
            </line>
            <line number="296" hits="2" branch="False" />
            <line number="297" hits="2" branch="False" />
            <line number="298" hits="2" branch="False" />
            <line number="300" hits="1" branch="False" />
            <line number="303" hits="1" branch="False" />
            <line number="304" hits="1" branch="False" />
            <line number="305" hits="3" branch="False" />
            <line number="311" hits="2" branch="False" />
            <line number="312" hits="2" branch="False" />
            <line number="313" hits="2" branch="False" />
            <line number="314" hits="2" branch="False" />
            <line number="315" hits="2" branch="False" />
            <line number="316" hits="2" branch="False" />
            <line number="317" hits="2" branch="False" />
            <line number="318" hits="2" branch="False" />
            <line number="321" hits="2" branch="True" condition-coverage="50% (1/2)">
              <conditions>
                <condition number="44" type="jump" coverage="50%" />
              </conditions>
            </line>
            <line number="322" hits="0" branch="False" />
            <line number="323" hits="0" branch="False" />
            <line number="324" hits="0" branch="False" />
            <line number="329" hits="2" branch="False" />
            <line number="333" hits="2" branch="False" />
            <line number="334" hits="2" branch="False" />
            <line number="338" hits="2" branch="True" condition-coverage="50% (2/4)">
              <conditions>
                <condition number="84" type="jump" coverage="50%" />
                <condition number="114" type="jump" coverage="50%" />
              </conditions>
            </line>
            <line number="339" hits="2" branch="False" />
            <line number="340" hits="2" branch="False" />
            <line number="341" hits="2" branch="False" />
            <line number="344" hits="0" branch="False" />
            <line number="345" hits="0" branch="False" />
            <line number="346" hits="0" branch="False" />
            <line number="347" hits="0" branch="False" />
            <line number="349" hits="2" branch="False" />
            <line number="350" hits="2" branch="False" />
            <line number="351" hits="2" branch="False" />
            <line number="352" hits="2" branch="False" />
            <line number="357" hits="2" branch="True" condition-coverage="50% (2/4)">
              <conditions>
                <condition number="170" type="jump" coverage="50%" />
                <condition number="200" type="jump" coverage="50%" />
              </conditions>
            </line>
            <line number="358" hits="2" branch="False" />
            <line number="359" hits="2" branch="False" />
            <line number="360" hits="2" branch="False" />
            <line number="363" hits="0" branch="False" />
            <line number="364" hits="0" branch="False" />
            <line number="365" hits="0" branch="False" />
            <line number="366" hits="0" branch="False" />
            <line number="368" hits="2" branch="False" />
            <line number="369" hits="2" branch="False" />
            <line number="370" hits="2" branch="False" />
            <line number="371" hits="2" branch="False" />
            <line number="377" hits="2" branch="True" condition-coverage="75% (3/4)">
              <conditions>
                <condition number="255" type="jump" coverage="50%" />
                <condition number="283" type="jump" coverage="100%" />
              </conditions>
            </line>
            <line number="378" hits="1" branch="False" />
            <line number="379" hits="1" branch="False" />
            <line number="384" hits="1" branch="True" condition-coverage="50% (1/2)">
              <conditions>
                <condition number="305" type="jump" coverage="50%" />
              </conditions>
            </line>
            <line number="385" hits="0" branch="False" />
            <line number="386" hits="0" branch="False" />
            <line number="389" hits="1" branch="True" condition-coverage="50% (5/10)">
              <conditions>
                <condition number="332" type="jump" coverage="50%" />
                <condition number="338" type="jump" coverage="50%" />
                <condition number="357" type="jump" coverage="50%" />
                <condition number="346" type="jump" coverage="50%" />
                <condition number="365" type="jump" coverage="50%" />
              </conditions>
            </line>
            <line number="393" hits="1" branch="True" condition-coverage="50% (2/4)">
              <conditions>
                <condition number="380" type="jump" coverage="50%" />
                <condition number="416" type="jump" coverage="50%" />
              </conditions>
            </line>
            <line number="394" hits="1" branch="False" />
            <line number="395" hits="0" branch="False" />
            <line number="396" hits="0" branch="False" />
            <line number="399" hits="1" branch="False" />
            <line number="400" hits="1" branch="False" />
            <line number="401" hits="1" branch="False" />
            <line number="405" hits="0" branch="True" condition-coverage="0% (0/4)">
              <conditions>
                <condition number="445" type="jump" coverage="0%" />
                <condition number="481" type="jump" coverage="0%" />
              </conditions>
            </line>
            <line number="406" hits="0" branch="False" />
            <line number="407" hits="0" branch="False" />
            <line number="408" hits="0" branch="False" />
            <line number="411" hits="0" branch="False" />
            <line number="412" hits="0" branch="False" />
            <line number="413" hits="0" branch="False" />
            <line number="416" hits="0" branch="False" />
            <line number="420" hits="1" branch="False" />
            <line number="421" hits="1" branch="False" />
            <line number="423" hits="1" branch="False" />
            <line number="424" hits="1" branch="False" />
            <line number="425" hits="1" branch="False" />
            <line number="426" hits="1" branch="False" />
            <line number="431" hits="1" branch="True" condition-coverage="50% (2/4)">
              <conditions>
                <condition number="541" type="jump" coverage="50%" />
                <condition number="571" type="jump" coverage="50%" />
              </conditions>
            </line>
            <line number="432" hits="1" branch="False" />
            <line number="433" hits="1" branch="False" />
            <line number="434" hits="1" branch="False" />
            <line number="437" hits="0" branch="False" />
            <line number="438" hits="0" branch="False" />
            <line number="439" hits="0" branch="False" />
            <line number="440" hits="0" branch="False" />
            <line number="442" hits="1" branch="False" />
            <line number="443" hits="1" branch="False" />
            <line number="444" hits="1" branch="False" />
            <line number="445" hits="1" branch="False" />
            <line number="450" hits="1" branch="True" condition-coverage="50% (2/4)">
              <conditions>
                <condition number="627" type="jump" coverage="50%" />
                <condition number="657" type="jump" coverage="50%" />
              </conditions>
            </line>
            <line number="451" hits="1" branch="False" />
            <line number="452" hits="1" branch="False" />
            <line number="453" hits="1" branch="False" />
            <line number="456" hits="0" branch="False" />
            <line number="457" hits="0" branch="False" />
            <line number="458" hits="0" branch="False" />
            <line number="459" hits="0" branch="False" />
            <line number="461" hits="1" branch="False" />
            <line number="462" hits="1" branch="False" />
            <line number="463" hits="1" branch="False" />
            <line number="464" hits="1" branch="False" />
            <line number="469" hits="1" branch="True" condition-coverage="50% (2/4)">
              <conditions>
                <condition number="713" type="jump" coverage="50%" />
                <condition number="743" type="jump" coverage="50%" />
              </conditions>
            </line>
            <line number="470" hits="1" branch="False" />
            <line number="471" hits="1" branch="False" />
            <line number="472" hits="1" branch="False" />
            <line number="475" hits="0" branch="False" />
            <line number="476" hits="0" branch="False" />
            <line number="477" hits="0" branch="False" />
            <line number="478" hits="0" branch="False" />
            <line number="480" hits="1" branch="False" />
            <line number="481" hits="1" branch="False" />
            <line number="482" hits="1" branch="False" />
            <line number="483" hits="1" branch="False" />
            <line number="488" hits="1" branch="True" condition-coverage="50% (2/4)">
              <conditions>
                <condition number="799" type="jump" coverage="50%" />
                <condition number="829" type="jump" coverage="50%" />
              </conditions>
            </line>
            <line number="489" hits="1" branch="False" />
            <line number="490" hits="1" branch="False" />
            <line number="491" hits="1" branch="False" />
            <line number="494" hits="0" branch="False" />
            <line number="495" hits="0" branch="False" />
            <line number="496" hits="0" branch="False" />
            <line number="497" hits="0" branch="False" />
            <line number="499" hits="1" branch="False" />
            <line number="500" hits="1" branch="False" />
            <line number="501" hits="1" branch="False" />
            <line number="502" hits="1" branch="False" />
            <line number="508" hits="1" branch="True" condition-coverage="50% (2/4)">
              <conditions>
                <condition number="884" type="jump" coverage="50%" />
                <condition number="912" type="jump" coverage="50%" />
              </conditions>
            </line>
            <line number="509" hits="0" branch="False" />
            <line number="510" hits="0" branch="False" />
            <line number="515" hits="1" branch="True" condition-coverage="50% (1/2)">
              <conditions>
                <condition number="934" type="jump" coverage="50%" />
              </conditions>
            </line>
            <line number="516" hits="0" branch="False" />
            <line number="517" hits="0" branch="False" />
            <line number="520" hits="1" branch="True" condition-coverage="40% (4/10)">
              <conditions>
                <condition number="961" type="jump" coverage="50%" />
                <condition number="967" type="jump" coverage="0%" />
                <condition number="986" type="jump" coverage="50%" />
                <condition number="975" type="jump" coverage="50%" />
                <condition number="994" type="jump" coverage="50%" />
              </conditions>
            </line>
            <line number="524" hits="1" branch="True" condition-coverage="50% (2/4)">
              <conditions>
                <condition number="1009" type="jump" coverage="50%" />
                <condition number="1045" type="jump" coverage="50%" />
              </conditions>
            </line>
            <line number="525" hits="1" branch="False" />
            <line number="526" hits="0" branch="False" />
            <line number="527" hits="0" branch="False" />
            <line number="530" hits="1" branch="False" />
            <line number="531" hits="1" branch="False" />
            <line number="532" hits="1" branch="False" />
            <line number="537" hits="0" branch="False" />
            <line number="538" hits="0" branch="True" condition-coverage="0% (0/6)">
              <conditions>
                <condition number="1075" type="jump" coverage="0%" />
                <condition number="1091" type="jump" coverage="0%" />
                <condition number="1119" type="jump" coverage="0%" />
              </conditions>
            </line>
            <line number="539" hits="0" branch="False" />
            <line number="540" hits="0" branch="False" />
            <line number="541" hits="0" branch="False" />
            <line number="542" hits="0" branch="False" />
            <line number="544" hits="0" branch="False" />
            <line number="546" hits="0" branch="False" />
            <line number="547" hits="0" branch="False" />
            <line number="548" hits="0" branch="False" />
            <line number="551" hits="0" branch="False" />
            <line number="555" hits="1" branch="False" />
            <line number="556" hits="1" branch="False" />
            <line number="558" hits="0" branch="False" />
            <line number="559" hits="0" branch="False" />
            <line number="560" hits="0" branch="False" />
            <line number="561" hits="0" branch="False" />
            <line number="566" hits="0" branch="True" condition-coverage="0% (0/4)">
              <conditions>
                <condition number="1180" type="jump" coverage="0%" />
                <condition number="1210" type="jump" coverage="0%" />
              </conditions>
            </line>
            <line number="567" hits="0" branch="False" />
            <line number="568" hits="0" branch="False" />
            <line number="569" hits="0" branch="False" />
            <line number="570" hits="0" branch="False" />
            <line number="573" hits="0" branch="False" />
            <line number="574" hits="0" branch="False" />
            <line number="575" hits="0" branch="False" />
            <line number="576" hits="0" branch="False" />
            <line number="579" hits="0" branch="False" />
            <line number="580" hits="0" branch="True" condition-coverage="0% (0/2)">
              <conditions>
                <condition number="1257" type="jump" coverage="0%" />
              </conditions>
            </line>
            <line number="581" hits="0" branch="False" />
            <line number="582" hits="0" branch="False" />
            <line number="583" hits="0" branch="False" />
            <line number="585" hits="0" branch="True" condition-coverage="80% (8/10)">
              <conditions>
                <condition number="1277" type="switch" coverage="80%" />
              </conditions>
            </line>
            <line number="588" hits="0" branch="False" />
            <line number="590" hits="0" branch="False" />
            <line number="592" hits="0" branch="False" />
            <line number="594" hits="0" branch="False" />
            <line number="596" hits="0" branch="False" />
            <line number="598" hits="0" branch="False" />
            <line number="600" hits="0" branch="False" />
            <line number="602" hits="0" branch="False" />
            <line number="604" hits="0" branch="False" />
            <line number="605" hits="0" branch="False" />
            <line number="608" hits="4" branch="False" />
            <line number="611" hits="2" branch="False" />
            <line number="613" hits="2" branch="False" />
            <line number="615" hits="0" branch="False" />
            <line number="616" hits="0" branch="False" />
            <line number="618" hits="4" branch="False" />
            <line number="622" hits="2" branch="True" condition-coverage="50% (1/2)">
              <conditions>
                <condition number="1410" type="jump" coverage="50%" />
              </conditions>
            </line>
            <line number="623" hits="0" branch="False" />
            <line number="624" hits="0" branch="False" />
            <line number="628" hits="2" branch="False" />
            <line number="629" hits="2" branch="False" />
            <line number="630" hits="2" branch="False" />
            <line number="641" hits="2" branch="False" />
            <line number="635" hits="9" branch="False" />
            <line number="636" hits="9" branch="True" condition-coverage="50% (1/2)">
              <conditions>
                <condition number="23" type="jump" coverage="50%" />
              </conditions>
            </line>
            <line number="637" hits="0" branch="False" />
            <line number="638" hits="0" branch="False" />
            <line number="639" hits="0" branch="False" />
            <line number="640" hits="9" branch="False" />
          </lines>
        </class>
        <class name="System.Text.RegularExpressions.Generated.&lt;RegexGenerator_g&gt;F410866BB150844725AC495FE3A698E2EF574A5A9842CD20BADE3F842771B4C91__Utilities" filename="obj/Debug/net10.0/System.Text.RegularExpressions.Generator/System.Text.RegularExpressions.Generator.RegexGenerator/RegexGenerator.g.cs" line-rate="1" branch-rate="0.2857" complexity="15">
          <methods>
            <method name="IsBoundaryWordChar" signature="(System.Char)" line-rate="1" branch-rate="0.125" complexity="8">
              <lines>
                <line number="661" hits="2" branch="False" />
                <line number="662" hits="2" branch="False" />
                <line number="663" hits="2" branch="False" />
                <line number="664" hits="2" branch="True" condition-coverage="12.5% (1/8)">
                  <conditions>
                    <condition number="19" type="jump" coverage="50%" />
                    <condition number="71" type="jump" coverage="0%" />
                    <condition number="79" type="jump" coverage="0%" />
                    <condition number="89" type="jump" coverage="0%" />
                  </conditions>
                </line>
                <line number="665" hits="2" branch="False" />
                <line number="666" hits="2" branch="False" />
                <line number="667" hits="2" branch="False" />
              </lines>
            </method>
            <method name="IsPostWordCharBoundary" signature="(System.ReadOnlySpan`1&lt;System.Char&gt;,System.Int32)" line-rate="1" branch-rate="0.5" complexity="2">
              <lines>
                <line number="673" hits="2" branch="True" condition-coverage="50% (1/2)">
                  <conditions>
                    <condition number="8" type="jump" coverage="50%" />
                  </conditions>
                </line>
              </lines>
            </method>
            <method name="IsPreWordCharBoundary" signature="(System.ReadOnlySpan`1&lt;System.Char&gt;,System.Int32)" line-rate="1" branch-rate="0.5" complexity="2">
              <lines>
                <line number="679" hits="2" branch="False" />
                <line number="680" hits="2" branch="False" />
                <line number="681" hits="2" branch="True" condition-coverage="50% (1/2)">
                  <conditions>
                    <condition number="13" type="jump" coverage="50%" />
                  </conditions>
                </line>
                <line number="682" hits="2" branch="False" />
              </lines>
            </method>
            <method name="get_WordCharBitmap" signature="()" line-rate="1" branch-rate="1" complexity="1">
              <lines>
                <line number="696" hits="2" branch="False" />
                <line number="697" hits="2" branch="False" />
                <line number="698" hits="2" branch="False" />
                <line number="699" hits="2" branch="False" />
                <line number="700" hits="2" branch="False" />
              </lines>
            </method>
            <method name=".cctor" signature="()" line-rate="1" branch-rate="0.5" complexity="2">
              <lines>
                <line number="652" hits="1" branch="True" condition-coverage="50% (1/2)">
                  <conditions>
                    <condition number="17" type="jump" coverage="50%" />
                  </conditions>
                </line>
                <line number="655" hits="1" branch="False" />
                <line number="703" hits="1" branch="False" />
                <line number="706" hits="1" branch="False" />
              </lines>
            </method>
          </methods>
          <lines>
            <line number="661" hits="2" branch="False" />
            <line number="662" hits="2" branch="False" />
            <line number="663" hits="2" branch="False" />
            <line number="664" hits="2" branch="True" condition-coverage="12.5% (1/8)">
              <conditions>
                <condition number="19" type="jump" coverage="50%" />
                <condition number="71" type="jump" coverage="0%" />
                <condition number="79" type="jump" coverage="0%" />
                <condition number="89" type="jump" coverage="0%" />
              </conditions>
            </line>
            <line number="665" hits="2" branch="False" />
            <line number="666" hits="2" branch="False" />
            <line number="667" hits="2" branch="False" />
            <line number="673" hits="2" branch="True" condition-coverage="50% (1/2)">
              <conditions>
                <condition number="8" type="jump" coverage="50%" />
              </conditions>
            </line>
            <line number="679" hits="2" branch="False" />
            <line number="680" hits="2" branch="False" />
            <line number="681" hits="2" branch="True" condition-coverage="50% (1/2)">
              <conditions>
                <condition number="13" type="jump" coverage="50%" />
              </conditions>
            </line>
            <line number="682" hits="2" branch="False" />
            <line number="696" hits="2" branch="False" />
            <line number="697" hits="2" branch="False" />
            <line number="698" hits="2" branch="False" />
            <line number="699" hits="2" branch="False" />
            <line number="700" hits="2" branch="False" />
            <line number="652" hits="1" branch="True" condition-coverage="50% (1/2)">
              <conditions>
                <condition number="17" type="jump" coverage="50%" />
              </conditions>
            </line>
            <line number="655" hits="1" branch="False" />
            <line number="703" hits="1" branch="False" />
            <line number="706" hits="1" branch="False" />
          </lines>
        </class>
        <class name="PgDuckDump.Utilities.SqlIdentifier" filename="obj/Debug/net10.0/System.Text.RegularExpressions.Generator/System.Text.RegularExpressions.Generator.RegexGenerator/RegexGenerator.g.cs" line-rate="1" branch-rate="1" complexity="1">
          <methods>
            <method name="SafePathSegmentRegex" signature="()" line-rate="1" branch-rate="1" complexity="1">
              <lines>
                <line number="20" hits="8" branch="False" />
              </lines>
            </method>
          </methods>
          <lines>
            <line number="20" hits="8" branch="False" />
          </lines>
        </class>
        <class name="PgDuckDump.Utilities.SqlInjectionGuard" filename="obj/Debug/net10.0/System.Text.RegularExpressions.Generator/System.Text.RegularExpressions.Generator.RegexGenerator/RegexGenerator.g.cs" line-rate="1" branch-rate="1" complexity="1">
          <methods>
            <method name="ForbiddenKeywordRegex" signature="()" line-rate="1" branch-rate="1" complexity="1">
              <lines>
                <line number="114" hits="3" branch="False" />
              </lines>
            </method>
          </methods>
          <lines>
            <line number="114" hits="3" branch="False" />
          </lines>
        </class>
        <class name="PgDuckDump.Utilities.DuckDbCopyOptions" filename="Utilities/DuckDbCopyOptions.cs" line-rate="1" branch-rate="1" complexity="1">
          <methods>
            <method name="get_Compression" signature="()" line-rate="1" branch-rate="1" complexity="1">
              <lines>
                <line number="3" hits="3" branch="False" />
              </lines>
            </method>
          </methods>
          <lines>
            <line number="3" hits="3" branch="False" />
          </lines>
        </class>
        <class name="PgDuckDump.Utilities.SqlIdentifier" filename="Utilities/SqlIdentifier.cs" line-rate="1" branch-rate="1" complexity="13">
          <methods>
            <method name="Quote" signature="(System.String)" line-rate="1" branch-rate="1" complexity="2">
              <lines>
                <line number="8" hits="12" branch="False" />
                <line number="9" hits="12" branch="True" condition-coverage="100% (2/2)">
                  <conditions>
                    <condition number="9" type="jump" coverage="100%" />
                  </conditions>
                </line>
                <line number="10" hits="1" branch="False" />
                <line number="11" hits="1" branch="False" />
                <line number="14" hits="11" branch="False" />
                <line number="15" hits="11" branch="False" />
              </lines>
            </method>
            <method name="Literal" signature="(System.String)" line-rate="1" branch-rate="1" complexity="1">
              <lines>
                <line number="17" hits="5" branch="False" />
              </lines>
            </method>
            <method name="ValidateSafePathSegment" signature="(System.String,System.String)" line-rate="1" branch-rate="1" complexity="10">
              <lines>
                <line number="20" hits="12" branch="False" />
                <line number="21" hits="12" branch="True" condition-coverage="100% (2/2)">
                  <conditions>
                    <condition number="9" type="jump" coverage="100%" />
                  </conditions>
                </line>
                <line number="22" hits="2" branch="False" />
                <line number="23" hits="2" branch="False" />
                <line number="26" hits="10" branch="True" condition-coverage="100% (6/6)">
                  <conditions>
                    <condition number="41" type="jump" coverage="100%" />
                    <condition number="54" type="jump" coverage="100%" />
                    <condition number="67" type="jump" coverage="100%" />
                  </conditions>
                </line>
                <line number="27" hits="2" branch="False" />
                <line number="28" hits="2" branch="False" />
                <line number="31" hits="8" branch="True" condition-coverage="100% (2/2)">
                  <conditions>
                    <condition number="105" type="jump" coverage="100%" />
                  </conditions>
                </line>
                <line number="32" hits="3" branch="False" />
                <line number="33" hits="3" branch="False" />
                <line number="34" hits="3" branch="False" />
                <line number="35" hits="3" branch="False" />
                <line number="37" hits="5" branch="False" />
              </lines>
            </method>
          </methods>
          <lines>
            <line number="8" hits="12" branch="False" />
            <line number="9" hits="12" branch="True" condition-coverage="100% (2/2)">
              <conditions>
                <condition number="9" type="jump" coverage="100%" />
              </conditions>
            </line>
            <line number="10" hits="1" branch="False" />
            <line number="11" hits="1" branch="False" />
            <line number="14" hits="11" branch="False" />
            <line number="15" hits="11" branch="False" />
            <line number="17" hits="5" branch="False" />
            <line number="20" hits="12" branch="False" />
            <line number="21" hits="12" branch="True" condition-coverage="100% (2/2)">
              <conditions>
                <condition number="9" type="jump" coverage="100%" />
              </conditions>
            </line>
            <line number="22" hits="2" branch="False" />
            <line number="23" hits="2" branch="False" />
            <line number="26" hits="10" branch="True" condition-coverage="100% (6/6)">
              <conditions>
                <condition number="41" type="jump" coverage="100%" />
                <condition number="54" type="jump" coverage="100%" />
                <condition number="67" type="jump" coverage="100%" />
              </conditions>
            </line>
            <line number="27" hits="2" branch="False" />
            <line number="28" hits="2" branch="False" />
            <line number="31" hits="8" branch="True" condition-coverage="100% (2/2)">
              <conditions>
                <condition number="105" type="jump" coverage="100%" />
              </conditions>
            </line>
            <line number="32" hits="3" branch="False" />
            <line number="33" hits="3" branch="False" />
            <line number="34" hits="3" branch="False" />
            <line number="35" hits="3" branch="False" />
            <line number="37" hits="5" branch="False" />
          </lines>
        </class>
        <class name="PgDuckDump.Utilities.SqlInjectionGuard" filename="Utilities/SqlInjectionGuard.cs" line-rate="1" branch-rate="1" complexity="9">
          <methods>
            <method name="ValidateTrustedPredicate" signature="(System.String,System.String)" line-rate="1" branch-rate="1" complexity="8">
              <lines>
                <line number="10" hits="10" branch="False" />
                <line number="11" hits="10" branch="True" condition-coverage="100% (2/2)">
                  <conditions>
                    <condition number="9" type="jump" coverage="100%" />
                  </conditions>
                </line>
                <line number="12" hits="3" branch="False" />
                <line number="13" hits="3" branch="False" />
                <line number="16" hits="55" branch="True" condition-coverage="100% (2/2)">
                  <conditions>
                    <condition number="84" type="jump" coverage="100%" />
                  </conditions>
                </line>
                <line number="17" hits="19" branch="False" />
                <line number="18" hits="19" branch="True" condition-coverage="100% (2/2)">
                  <conditions>
                    <condition number="47" type="jump" coverage="100%" />
                  </conditions>
                </line>
                <line number="19" hits="4" branch="False" />
                <line number="20" hits="4" branch="False" />
                <line number="21" hits="4" branch="False" />
                <line number="22" hits="4" branch="False" />
                <line number="24" hits="15" branch="False" />
                <line number="26" hits="3" branch="False" />
                <line number="27" hits="3" branch="True" condition-coverage="100% (2/2)">
                  <conditions>
                    <condition number="108" type="jump" coverage="100%" />
                  </conditions>
                </line>
                <line number="28" hits="2" branch="False" />
                <line number="29" hits="2" branch="False" />
                <line number="30" hits="2" branch="False" />
                <line number="31" hits="2" branch="False" />
                <line number="33" hits="4" branch="False" />
              </lines>
            </method>
            <method name=".cctor" signature="()" line-rate="1" branch-rate="1" complexity="1">
              <lines>
                <line number="7" hits="1" branch="False" />
              </lines>
            </method>
          </methods>
          <lines>
            <line number="10" hits="10" branch="False" />
            <line number="11" hits="10" branch="True" condition-coverage="100% (2/2)">
              <conditions>
                <condition number="9" type="jump" coverage="100%" />
              </conditions>
            </line>
            <line number="12" hits="3" branch="False" />
            <line number="13" hits="3" branch="False" />
            <line number="16" hits="55" branch="True" condition-coverage="100% (2/2)">
              <conditions>
                <condition number="84" type="jump" coverage="100%" />
              </conditions>
            </line>
            <line number="17" hits="19" branch="False" />
            <line number="18" hits="19" branch="True" condition-coverage="100% (2/2)">
              <conditions>
                <condition number="47" type="jump" coverage="100%" />
              </conditions>
            </line>
            <line number="19" hits="4" branch="False" />
            <line number="20" hits="4" branch="False" />
            <line number="21" hits="4" branch="False" />
            <line number="22" hits="4" branch="False" />
            <line number="24" hits="15" branch="False" />
            <line number="26" hits="3" branch="False" />
            <line number="27" hits="3" branch="True" condition-coverage="100% (2/2)">
              <conditions>
                <condition number="108" type="jump" coverage="100%" />
              </conditions>
            </line>
            <line number="28" hits="2" branch="False" />
            <line number="29" hits="2" branch="False" />
            <line number="30" hits="2" branch="False" />
            <line number="31" hits="2" branch="False" />
            <line number="33" hits="4" branch="False" />
            <line number="7" hits="1" branch="False" />
          </lines>
        </class>
        <class name="PgDuckDump.Services.DbDumpService" filename="Services/DbDumpService.cs" line-rate="0.6208" branch-rate="0.6136" complexity="50">
          <methods>
            <method name="RunAsync" signature="(System.Threading.CancellationToken)" line-rate="0.24239999999999998" branch-rate="0" complexity="2">
              <lines>
                <line number="21" hits="10" branch="False" />
                <line number="23" hits="10" branch="False" />
                <line number="24" hits="10" branch="False" />
                <line number="26" hits="0" branch="False" />
                <line number="27" hits="0" branch="False" />
                <line number="29" hits="0" branch="False" />
                <line number="30" hits="0" branch="False" />
                <line number="32" hits="0" branch="False" />
                <line number="33" hits="0" branch="False" />
                <line number="34" hits="0" branch="False" />
                <line number="35" hits="0" branch="False" />
                <line number="36" hits="0" branch="False" />
                <line number="37" hits="0" branch="False" />
                <line number="39" hits="0" branch="True" condition-coverage="0% (0/2)">
                  <conditions>
                    <condition number="208" type="jump" coverage="0%" />
                  </conditions>
                </line>
                <line number="40" hits="0" branch="False" />
                <line number="41" hits="0" branch="False" />
                <line number="42" hits="0" branch="False" />
                <line number="43" hits="0" branch="False" />
                <line number="45" hits="0" branch="False" />
                <line number="46" hits="0" branch="False" />
                <line number="48" hits="10" branch="False" />
                <line number="49" hits="10" branch="False" />
                <line number="50" hits="10" branch="False" />
                <line number="51" hits="10" branch="False" />
                <line number="53" hits="0" branch="False" />
                <line number="54" hits="0" branch="False" />
                <line number="55" hits="0" branch="False" />
                <line number="56" hits="0" branch="False" />
                <line number="58" hits="0" branch="False" />
                <line number="59" hits="0" branch="False" />
                <line number="60" hits="0" branch="False" />
                <line number="61" hits="0" branch="False" />
                <line number="63" hits="10" branch="False" />
              </lines>
            </method>
            <method name="DumpTable" signature="(PgDuckDump.Configuration.TableDumpOptions,PgDuckDump.Services.DumpMonth,System.String)" line-rate="0" branch-rate="0" complexity="14">
              <lines>
                <line number="66" hits="0" branch="False" />
                <line number="67" hits="0" branch="False" />
                <line number="68" hits="0" branch="False" />
                <line number="69" hits="0" branch="False" />
                <line number="70" hits="0" branch="True" condition-coverage="0% (0/4)">
                  <conditions>
                    <condition number="62" type="jump" coverage="0%" />
                    <condition number="75" type="jump" coverage="0%" />
                  </conditions>
                </line>
                <line number="71" hits="0" branch="False" />
                <line number="72" hits="0" branch="False" />
                <line number="74" hits="0" branch="False" />
                <line number="75" hits="0" branch="False" />
                <line number="76" hits="0" branch="False" />
                <line number="77" hits="0" branch="False" />
                <line number="79" hits="0" branch="False" />
                <line number="81" hits="0" branch="False" />
                <line number="82" hits="0" branch="False" />
                <line number="83" hits="0" branch="False" />
                <line number="84" hits="0" branch="False" />
                <line number="86" hits="0" branch="False" />
                <line number="88" hits="0" branch="False" />
                <line number="89" hits="0" branch="True" condition-coverage="0% (0/2)">
                  <conditions>
                    <condition number="227" type="jump" coverage="0%" />
                  </conditions>
                </line>
                <line number="90" hits="0" branch="False" />
                <line number="91" hits="0" branch="False" />
                <line number="92" hits="0" branch="True" condition-coverage="0% (0/4)">
                  <conditions>
                    <condition number="289" type="jump" coverage="0%" />
                    <condition number="341" type="jump" coverage="0%" />
                  </conditions>
                </line>
                <line number="93" hits="0" branch="False" />
                <line number="94" hits="0" branch="False" />
                <line number="95" hits="0" branch="False" />
                <line number="97" hits="0" branch="False" />
                <line number="99" hits="0" branch="True" condition-coverage="0% (0/4)">
                  <conditions>
                    <condition number="474" type="jump" coverage="0%" />
                    <condition number="494" type="jump" coverage="0%" />
                  </conditions>
                </line>
                <line number="100" hits="0" branch="False" />
                <line number="101" hits="0" branch="False" />
                <line number="102" hits="0" branch="False" />
                <line number="103" hits="0" branch="False" />
                <line number="104" hits="0" branch="False" />
                <line number="105" hits="0" branch="False" />
                <line number="106" hits="0" branch="False" />
                <line number="107" hits="0" branch="False" />
                <line number="110" hits="0" branch="False" />
                <line number="111" hits="0" branch="False" />
                <line number="112" hits="0" branch="False" />
                <line number="113" hits="0" branch="False" />
                <line number="114" hits="0" branch="False" />
              </lines>
            </method>
            <method name="BuildMonthlySelect" signature="(PgDuckDump.Configuration.TableDumpOptions,PgDuckDump.Services.DumpMonth)" line-rate="1" branch-rate="1" complexity="1">
              <lines>
                <line number="117" hits="1" branch="False" />
                <line number="118" hits="1" branch="False" />
                <line number="119" hits="1" branch="False" />
                <line number="120" hits="1" branch="False" />
                <line number="121" hits="1" branch="False" />
                <line number="122" hits="1" branch="False" />
                <line number="123" hits="1" branch="False" />
                <line number="124" hits="1" branch="False" />
              </lines>
            </method>
            <method name="BuildMonthlyDelete" signature="(PgDuckDump.Configuration.TableDumpOptions,PgDuckDump.Services.DumpMonth)" line-rate="1" branch-rate="1" complexity="1">
              <lines>
                <line number="127" hits="1" branch="False" />
                <line number="128" hits="1" branch="False" />
                <line number="129" hits="1" branch="False" />
                <line number="130" hits="1" branch="False" />
                <line number="131" hits="1" branch="False" />
                <line number="132" hits="1" branch="False" />
                <line number="133" hits="1" branch="False" />
              </lines>
[...]
            <line number="136" hits="3" branch="False" />
            <line number="137" hits="3" branch="True" condition-coverage="100% (2/2)">
              <conditions>
                <condition number="12" type="jump" coverage="100%" />
              </conditions>
            </line>
            <line number="138" hits="1" branch="False" />
            <line number="139" hits="1" branch="False" />
            <line number="142" hits="2" branch="True" condition-coverage="100% (2/2)">
              <conditions>
                <condition number="33" type="jump" coverage="100%" />
              </conditions>
            </line>
            <line number="143" hits="1" branch="False" />
            <line number="144" hits="1" branch="False" />
            <line number="145" hits="1" branch="False" />
            <line number="148" hits="1" branch="False" />
            <line number="149" hits="2" branch="False" />
            <line number="152" hits="3" branch="False" />
            <line number="153" hits="3" branch="True" condition-coverage="100% (2/2)">
              <conditions>
                <condition number="12" type="jump" coverage="100%" />
              </conditions>
            </line>
            <line number="154" hits="1" branch="False" />
            <line number="155" hits="1" branch="False" />
            <line number="158" hits="2" branch="False" />
            <line number="159" hits="2" branch="False" />
            <line number="160" hits="4" branch="False" />
            <line number="162" hits="2" branch="True" condition-coverage="100% (2/2)">
              <conditions>
                <condition number="87" type="jump" coverage="100%" />
              </conditions>
            </line>
            <line number="163" hits="1" branch="False" />
            <line number="164" hits="1" branch="False" />
            <line number="166" hits="1" branch="False" />
            <line number="169" hits="10" branch="False" />
            <line number="170" hits="10" branch="True" condition-coverage="100% (2/2)">
              <conditions>
                <condition number="19" type="jump" coverage="100%" />
              </conditions>
            </line>
            <line number="171" hits="1" branch="False" />
            <line number="172" hits="1" branch="False" />
            <line number="175" hits="9" branch="True" condition-coverage="100% (2/2)">
              <conditions>
                <condition number="51" type="jump" coverage="100%" />
              </conditions>
            </line>
            <line number="176" hits="1" branch="False" />
            <line number="177" hits="1" branch="False" />
            <line number="180" hits="8" branch="True" condition-coverage="100% (2/2)">
              <conditions>
                <condition number="83" type="jump" coverage="100%" />
              </conditions>
            </line>
            <line number="181" hits="1" branch="False" />
            <line number="182" hits="1" branch="False" />
            <line number="185" hits="7" branch="True" condition-coverage="100% (2/2)">
              <conditions>
                <condition number="113" type="jump" coverage="100%" />
              </conditions>
            </line>
            <line number="186" hits="1" branch="False" />
            <line number="187" hits="1" branch="False" />
            <line number="190" hits="6" branch="True" condition-coverage="100% (2/2)">
              <conditions>
                <condition number="145" type="jump" coverage="100%" />
              </conditions>
            </line>
            <line number="191" hits="1" branch="False" />
            <line number="192" hits="1" branch="False" />
            <line number="195" hits="5" branch="True" condition-coverage="100% (2/2)">
              <conditions>
                <condition number="179" type="jump" coverage="100%" />
              </conditions>
            </line>
            <line number="196" hits="1" branch="False" />
            <line number="197" hits="1" branch="False" />
            <line number="200" hits="4" branch="True" condition-coverage="100% (2/2)">
              <conditions>
                <condition number="216" type="jump" coverage="100%" />
              </conditions>
            </line>
            <line number="201" hits="1" branch="False" />
            <line number="202" hits="1" branch="False" />
            <line number="205" hits="12" branch="True" condition-coverage="50% (1/2)">
              <conditions>
                <condition number="277" type="jump" coverage="50%" />
              </conditions>
            </line>
            <line number="206" hits="3" branch="False" />
            <line number="207" hits="3" branch="False" />
            <line number="208" hits="0" branch="False" />
            <line number="209" hits="0" branch="False" />
            <line number="212" hits="3" branch="False" />
            <line number="213" hits="3" branch="False" />
            <line number="214" hits="2" branch="False" />
            <line number="215" hits="2" branch="False" />
            <line number="216" hits="2" branch="False" />
            <line number="217" hits="2" branch="False" />
            <line number="220" hits="2" branch="False" />
            <line number="221" hits="2" branch="False" />
            <line number="222" hits="1" branch="False" />
            <line number="223" hits="0" branch="False" />
            <line number="224" hits="2" branch="False" />
            <line number="225" hits="2" branch="False" />
            <line number="226" hits="2" branch="False" />
            <line number="228" hits="0" branch="False" />
            <line number="231" hits="11" branch="False" />
            <line number="232" hits="11" branch="True" condition-coverage="100% (2/2)">
              <conditions>
                <condition number="9" type="jump" coverage="100%" />
              </conditions>
            </line>
            <line number="233" hits="1" branch="False" />
            <line number="234" hits="1" branch="False" />
            <line number="236" hits="10" branch="False" />
            <line number="239" hits="2" branch="False" />
            <line number="240" hits="2" branch="False" />
            <line number="241" hits="2" branch="False" />
            <line number="242" hits="2" branch="False" />
            <line number="245" hits="2" branch="False" />
            <line number="246" hits="2" branch="False" />
            <line number="247" hits="2" branch="False" />
            <line number="248" hits="2" branch="False" />
            <line number="249" hits="2" branch="False" />
            <line number="250" hits="2" branch="False" />
            <line number="252" hits="2" branch="True" condition-coverage="100% (2/2)">
              <conditions>
                <condition number="111" type="jump" coverage="100%" />
              </conditions>
            </line>
            <line number="253" hits="2" branch="False" />
            <line number="254" hits="2" branch="False" />
            <line number="255" hits="2" branch="False" />
            <line number="257" hits="2" branch="False" />
            <line number="258" hits="2" branch="False" />
            <line number="260" hits="4" branch="False" />
            <line number="8" hits="15" branch="False" />
            <line number="9" hits="15" branch="False" />
            <line number="10" hits="15" branch="False" />
            <line number="11" hits="15" branch="False" />
            <line number="12" hits="15" branch="False" />
            <line number="13" hits="15" branch="False" />
            <line number="14" hits="15" branch="False" />
            <line number="16" hits="15" branch="False" />
            <line number="17" hits="15" branch="False" />
            <line number="18" hits="15" branch="False" />
          </lines>
        </class>
        <class name="PgDuckDump.Services.DumpMonth" filename="Services/DumpMonth.cs" line-rate="1" branch-rate="1" complexity="6">
          <methods>
            <method name="get_MonthOfYear" signature="()" line-rate="1" branch-rate="1" complexity="1">
              <lines>
                <line number="5" hits="18" branch="False" />
              </lines>
            </method>
            <method name="Resolve" signature="(System.String,System.TimeProvider)" line-rate="1" branch-rate="1" complexity="2">
              <lines>
                <line number="8" hits="6" branch="False" />
                <line number="9" hits="6" branch="True" condition-coverage="100% (2/2)">
                  <conditions>
                    <condition number="7" type="jump" coverage="100%" />
                  </conditions>
                </line>
                <line number="10" hits="6" branch="False" />
                <line number="11" hits="6" branch="False" />
                <line number="13" hits="5" branch="False" />
                <line number="14" hits="5" branch="False" />
              </lines>
            </method>
            <method name="ResolvePreviousCompleteMonth" signature="(System.TimeProvider)" line-rate="1" branch-rate="1" complexity="1">
              <lines>
                <line number="17" hits="1" branch="False" />
                <line number="18" hits="1" branch="False" />
                <line number="19" hits="1" branch="False" />
                <line number="20" hits="1" branch="False" />
                <line number="21" hits="1" branch="False" />
              </lines>
            </method>
            <method name="ResolveConfiguredMonth" signature="(System.String)" line-rate="1" branch-rate="1" complexity="2">
              <lines>
                <line number="24" hits="5" branch="False" />
                <line number="25" hits="5" branch="False" />
                <line number="26" hits="5" branch="True" condition-coverage="100% (2/2)">
                  <conditions>
                    <condition number="44" type="jump" coverage="100%" />
                  </conditions>
                </line>
                <line number="27" hits="5" branch="False" />
                <line number="28" hits="5" branch="False" />
                <line number="29" hits="5" branch="False" />
                <line number="30" hits="5" branch="False" />
                <line number="31" hits="5" branch="False" />
                <line number="32" hits="1" branch="False" />
                <line number="33" hits="1" branch="False" />
                <line number="34" hits="1" branch="False" />
                <line number="37" hits="4" branch="False" />
                <line number="38" hits="4" branch="False" />
              </lines>
            </method>
          </methods>
          <lines>
            <line number="5" hits="18" branch="False" />
            <line number="8" hits="6" branch="False" />
            <line number="9" hits="6" branch="True" condition-coverage="100% (2/2)">
              <conditions>
                <condition number="7" type="jump" coverage="100%" />
              </conditions>
            </line>
            <line number="10" hits="6" branch="False" />
            <line number="11" hits="6" branch="False" />
            <line number="13" hits="5" branch="False" />
            <line number="14" hits="5" branch="False" />
            <line number="17" hits="1" branch="False" />
            <line number="18" hits="1" branch="False" />
            <line number="19" hits="1" branch="False" />
            <line number="20" hits="1" branch="False" />
            <line number="21" hits="1" branch="False" />
            <line number="24" hits="5" branch="False" />
            <line number="25" hits="5" branch="False" />
            <line number="26" hits="5" branch="True" condition-coverage="100% (2/2)">
              <conditions>
                <condition number="44" type="jump" coverage="100%" />
              </conditions>
            </line>
            <line number="27" hits="5" branch="False" />
            <line number="28" hits="5" branch="False" />
            <line number="29" hits="5" branch="False" />
            <line number="30" hits="5" branch="False" />
            <line number="31" hits="5" branch="False" />
            <line number="32" hits="1" branch="False" />
            <line number="33" hits="1" branch="False" />
            <line number="34" hits="1" branch="False" />
            <line number="37" hits="4" branch="False" />
            <line number="38" hits="4" branch="False" />
          </lines>
        </class>
        <class name="PgDuckDump.Services.InvalidConfigurationException" filename="Services/InvalidConfigurationException.cs" line-rate="1" branch-rate="1" complexity="1">
          <methods>
            <method name=".ctor" signature="(System.String)" line-rate="1" branch-rate="1" complexity="1">
              <lines>
                <line number="3" hits="12" branch="False" />
              </lines>
            </method>
          </methods>
          <lines>
            <line number="3" hits="12" branch="False" />
          </lines>
        </class>
        <class name="PgDuckDump.Configuration.DuckDbOptions" filename="Configuration/DuckDbOptions.cs" line-rate="1" branch-rate="1" complexity="7">
          <methods>
            <method name="get_DatabasePath" signature="()" line-rate="1" branch-rate="1" complexity="1">
              <lines>
                <line number="5" hits="17" branch="False" />
              </lines>
            </method>
            <method name="get_OutputRoot" signature="()" line-rate="1" branch-rate="1" complexity="1">
              <lines>
                <line number="7" hits="25" branch="False" />
              </lines>
            </method>
            <method name="get_TempDirectory" signature="()" line-rate="1" branch-rate="1" complexity="1">
              <lines>
                <line number="9" hits="1" branch="False" />
              </lines>
            </method>
            <method name="get_MemoryLimit" signature="()" line-rate="1" branch-rate="1" complexity="1">
              <lines>
                <line number="11" hits="17" branch="False" />
              </lines>
            </method>
            <method name="get_Threads" signature="()" line-rate="1" branch-rate="1" complexity="1">
              <lines>
                <line number="13" hits="25" branch="False" />
              </lines>
            </method>
            <method name="get_RowGroupSize" signature="()" line-rate="1" branch-rate="1" complexity="1">
              <lines>
                <line number="15" hits="24" branch="False" />
              </lines>
            </method>
            <method name="get_Compression" signature="()" line-rate="1" branch-rate="1" complexity="1">
              <lines>
                <line number="17" hits="23" branch="False" />
              </lines>
            </method>
          </methods>
          <lines>
            <line number="5" hits="17" branch="False" />
            <line number="7" hits="25" branch="False" />
            <line number="9" hits="1" branch="False" />
            <line number="11" hits="17" branch="False" />
            <line number="13" hits="25" branch="False" />
            <line number="15" hits="24" branch="False" />
            <line number="17" hits="23" branch="False" />
          </lines>
        </class>
        <class name="PgDuckDump.Configuration.DumpOptions" filename="Configuration/DumpOptions.cs" line-rate="1" branch-rate="1" complexity="5">
          <methods>
            <method name="get_Month" signature="()" line-rate="1" branch-rate="1" complexity="1">
              <lines>
                <line number="5" hits="12" branch="False" />
              </lines>
            </method>
            <method name="get_OverwritePartition" signature="()" line-rate="1" branch-rate="1" complexity="1">
              <lines>
                <line number="7" hits="14" branch="False" />
              </lines>
            </method>
            <method name="get_DeleteSourceAfterWrite" signature="()" line-rate="1" branch-rate="1" complexity="1">
              <lines>
                <line number="9" hits="1" branch="False" />
              </lines>
            </method>
            <method name="get_EnableRowCount" signature="()" line-rate="1" branch-rate="1" complexity="1">
              <lines>
                <line number="11" hits="1" branch="False" />
              </lines>
            </method>
            <method name="get_Tables" signature="()" line-rate="1" branch-rate="1" complexity="1">
              <lines>
                <line number="13" hits="39" branch="False" />
              </lines>
            </method>
          </methods>
          <lines>
            <line number="5" hits="12" branch="False" />
            <line number="7" hits="14" branch="False" />
            <line number="9" hits="1" branch="False" />
            <line number="11" hits="1" branch="False" />
            <line number="13" hits="39" branch="False" />
          </lines>
        </class>
        <class name="PgDuckDump.Configuration.PostgresOptions" filename="Configuration/PostgresOptions.cs" line-rate="1" branch-rate="1" complexity="2">
          <methods>
            <method name="get_ConnectionString" signature="()" line-rate="1" branch-rate="1" complexity="1">
              <lines>
                <line number="5" hits="27" branch="False" />
              </lines>
            </method>
            <method name="get_AttachAlias" signature="()" line-rate="1" branch-rate="1" complexity="1">
              <lines>
                <line number="7" hits="42" branch="False" />
              </lines>
            </method>
          </methods>
          <lines>
            <line number="5" hits="27" branch="False" />
            <line number="7" hits="42" branch="False" />
          </lines>
        </class>
        <class name="PgDuckDump.Configuration.TableDumpOptions" filename="Configuration/TableDumpOptions.cs" line-rate="1" branch-rate="1" complexity="6">
          <methods>
            <method name="get_Name" signature="()" line-rate="1" branch-rate="1" complexity="1">
              <lines>
                <line number="5" hits="21" branch="False" />
              </lines>
            </method>
            <method name="get_SourceSchema" signature="()" line-rate="1" branch-rate="1" complexity="1">
              <lines>
                <line number="7" hits="22" branch="False" />
              </lines>
            </method>
            <method name="get_SourceTable" signature="()" line-rate="1" branch-rate="1" complexity="1">
              <lines>
                <line number="9" hits="22" branch="False" />
              </lines>
            </method>
            <method name="get_OutputName" signature="()" line-rate="1" branch-rate="1" complexity="1">
              <lines>
                <line number="11" hits="22" branch="False" />
              </lines>
            </method>
            <method name="get_DateColumn" signature="()" line-rate="1" branch-rate="1" complexity="1">
              <lines>
                <line number="13" hits="24" branch="False" />
              </lines>
            </method>
            <method name="get_AdditionalWhere" signature="()" line-rate="1" branch-rate="1" complexity="1">
              <lines>
                <line number="15" hits="23" branch="False" />
              </lines>
            </method>
          </methods>
          <lines>
            <line number="5" hits="21" branch="False" />
            <line number="7" hits="22" branch="False" />
            <line number="9" hits="22" branch="False" />
            <line number="11" hits="22" branch="False" />
            <line number="13" hits="24" branch="False" />
            <line number="15" hits="23" branch="False" />
          </lines>
        </class>
      </classes>
    </package>
  </packages>
</coverage>