<?xml version="1.0" encoding="utf-8"?>
<!DOCTYPE coverage SYSTEM "http://cobertura.sourceforge.net/xml/coverage-04.dtd">
<coverage line-rate="1" branch-rate="0.9852941176470589" lines-covered="269" lines-valid="269" branches-covered="67" branches-valid="68" complexity="100" version="0" timestamp="1779609512">
  <sources>
    <source>/Users/rage6c/Documents/dotnet-test-proj/PgDuckDump/</source>
  </sources>
  <packages>
    <package name="PgDuckDump" line-rate="1" branch-rate="0.9852941176470589" complexity="100">
      <classes>
        <class name="PgDuckDump.Configuration.DuckDbOptions" filename="/Users/rage6c/Documents/dotnet-test-proj/PgDuckDump/Configuration/DuckDbOptions.cs" line-rate="1" branch-rate="1" complexity="7">
          <methods>
            <method name="get_DatabasePath" signature="()" line-rate="1" branch-rate="1" complexity="1">
              <lines>
                <line number="5" hits="23" branch="false" />
              </lines>
            </method>
            <method name="get_OutputRoot" signature="()" line-rate="1" branch-rate="1" complexity="1">
              <lines>
                <line number="7" hits="43" branch="false" />
              </lines>
            </method>
            <method name="get_TempDirectory" signature="()" line-rate="1" branch-rate="1" complexity="1">
              <lines>
                <line number="9" hits="1" branch="false" />
              </lines>
            </method>
            <method name="get_MemoryLimit" signature="()" line-rate="1" branch-rate="1" complexity="1">
              <lines>
                <line number="11" hits="23" branch="false" />
              </lines>
            </method>
            <method name="get_Threads" signature="()" line-rate="1" branch-rate="1" complexity="1">
              <lines>
                <line number="13" hits="37" branch="false" />
              </lines>
            </method>
            <method name="get_RowGroupSize" signature="()" line-rate="1" branch-rate="1" complexity="1">
              <lines>
                <line number="15" hits="41" branch="false" />
              </lines>
            </method>
            <method name="get_Compression" signature="()" line-rate="1" branch-rate="1" complexity="1">
              <lines>
                <line number="17" hits="40" branch="false" />
              </lines>
            </method>
          </methods>
          <lines>
            <line number="5" hits="23" branch="false" />
            <line number="7" hits="43" branch="false" />
            <line number="9" hits="1" branch="false" />
            <line number="11" hits="23" branch="false" />
            <line number="13" hits="37" branch="false" />
            <line number="15" hits="41" branch="false" />
            <line number="17" hits="40" branch="false" />
          </lines>
        </class>
        <class name="PgDuckDump.Configuration.DumpOptions" filename="/Users/rage6c/Documents/dotnet-test-proj/PgDuckDump/Configuration/DumpOptions.cs" line-rate="1" branch-rate="1" complexity="5">
          <methods>
            <method name="get_Month" signature="()" line-rate="1" branch-rate="1" complexity="1">
              <lines>
                <line number="5" hits="24" branch="false" />
              </lines>
            </method>
            <method name="get_OverwritePartition" signature="()" line-rate="1" branch-rate="1" complexity="1">
              <lines>
                <line number="7" hits="20" branch="false" />
              </lines>
            </method>
            <method name="get_DeleteSourceAfterWrite" signature="()" line-rate="1" branch-rate="1" complexity="1">
              <lines>
                <line number="9" hits="28" branch="false" />
              </lines>
            </method>
            <method name="get_EnableRowCount" signature="()" line-rate="1" branch-rate="1" complexity="1">
              <lines>
                <line number="11" hits="26" branch="false" />
              </lines>
            </method>
            <method name="get_Tables" signature="()" line-rate="1" branch-rate="1" complexity="1">
              <lines>
                <line number="13" hits="69" branch="false" />
              </lines>
            </method>
          </methods>
          <lines>
            <line number="5" hits="24" branch="false" />
            <line number="7" hits="20" branch="false" />
            <line number="9" hits="28" branch="false" />
            <line number="11" hits="26" branch="false" />
            <line number="13" hits="69" branch="false" />
          </lines>
        </class>
        <class name="PgDuckDump.Configuration.PostgresOptions" filename="/Users/rage6c/Documents/dotnet-test-proj/PgDuckDump/Configuration/PostgresOptions.cs" line-rate="1" branch-rate="1" complexity="2">
          <methods>
            <method name="get_ConnectionString" signature="()" line-rate="1" branch-rate="1" complexity="1">
              <lines>
                <line number="5" hits="39" branch="false" />
              </lines>
            </method>
            <method name="get_AttachAlias" signature="()" line-rate="1" branch-rate="1" complexity="1">
              <lines>
                <line number="7" hits="67" branch="false" />
              </lines>
            </method>
          </methods>
          <lines>
            <line number="5" hits="39" branch="false" />
            <line number="7" hits="67" branch="false" />
          </lines>
        </class>
        <class name="PgDuckDump.Configuration.TableDumpOptions" filename="/Users/rage6c/Documents/dotnet-test-proj/PgDuckDump/Configuration/TableDumpOptions.cs" line-rate="1" branch-rate="1" complexity="6">
          <methods>
            <method name="get_Name" signature="()" line-rate="1" branch-rate="1" complexity="1">
              <lines>
                <line number="5" hits="42" branch="false" />
              </lines>
            </method>
            <method name="get_SourceSchema" signature="()" line-rate="1" branch-rate="1" complexity="1">
              <lines>
                <line number="7" hits="41" branch="false" />
              </lines>
            </method>
            <method name="get_SourceTable" signature="()" line-rate="1" branch-rate="1" complexity="1">
              <lines>
                <line number="9" hits="41" branch="false" />
              </lines>
            </method>
            <method name="get_OutputName" signature="()" line-rate="1" branch-rate="1" complexity="1">
              <lines>
                <line number="11" hits="45" branch="false" />
              </lines>
            </method>
            <method name="get_DateColumn" signature="()" line-rate="1" branch-rate="1" complexity="1">
              <lines>
                <line number="13" hits="50" branch="false" />
              </lines>
            </method>
            <method name="get_AdditionalWhere" signature="()" line-rate="1" branch-rate="1" complexity="1">
              <lines>
                <line number="15" hits="49" branch="false" />
              </lines>
            </method>
          </methods>
          <lines>
            <line number="5" hits="42" branch="false" />
            <line number="7" hits="41" branch="false" />
            <line number="9" hits="41" branch="false" />
            <line number="11" hits="45" branch="false" />
            <line number="13" hits="50" branch="false" />
            <line number="15" hits="49" branch="false" />
          </lines>
        </class>
        <class name="PgDuckDump.Services.DbDumpService" filename="/Users/rage6c/Documents/dotnet-test-proj/PgDuckDump/Services/DbDumpService.cs" line-rate="1" branch-rate="0.9772727272727273" complexity="50">
          <methods>
            <method name="RunAsync" signature="(System.Threading.CancellationToken)" line-rate="1" branch-rate="1" complexity="2">
              <lines>
                <line number="21" hits="16" branch="false" />
                <line number="23" hits="16" branch="false" />
                <line number="24" hits="16" branch="false" />
                <line number="26" hits="6" branch="false" />
                <line number="27" hits="6" branch="false" />
                <line number="29" hits="6" branch="false" />
                <line number="30" hits="6" branch="false" />
                <line number="32" hits="6" branch="false" />
                <line number="33" hits="6" branch="false" />
                <line number="34" hits="6" branch="false" />
                <line number="35" hits="6" branch="false" />
                <line number="36" hits="6" branch="false" />
                <line number="37" hits="6" branch="false" />
                <line number="39" hits="27" branch="true" condition-coverage="100% (2/2)" />
                <line number="40" hits="6" branch="false" />
                <line number="41" hits="6" branch="false" />
                <line number="42" hits="5" branch="false" />
                <line number="43" hits="3" branch="false" />
                <line number="45" hits="3" branch="false" />
                <line number="46" hits="3" branch="false" />
                <line number="48" hits="10" branch="false" />
                <line number="49" hits="10" branch="false" />
                <line number="50" hits="10" branch="false" />
                <line number="51" hits="10" branch="false" />
                <line number="53" hits="1" branch="false" />
                <line number="54" hits="1" branch="false" />
                <line number="55" hits="1" branch="false" />
                <line number="56" hits="1" branch="false" />
                <line number="58" hits="2" branch="false" />
                <line number="59" hits="2" branch="false" />
                <line number="60" hits="2" branch="false" />
                <line number="61" hits="2" branch="false" />
                <line number="63" hits="16" branch="false" />
              </lines>
            </method>
            <method name="DumpTable" signature="(PgDuckDump.Configuration.TableDumpOptions,PgDuckDump.Services.DumpMonth,System.String)" line-rate="1" branch-rate="0.9285714285714286" complexity="14">
              <lines>
                <line number="66" hits="5" branch="false" />
                <line number="67" hits="5" branch="false" />
                <line number="68" hits="5" branch="false" />
                <line number="69" hits="5" branch="false" />
                <line number="70" hits="5" branch="true" condition-coverage="100% (4/4)" />
                <line number="71" hits="5" branch="false" />
                <line number="72" hits="5" branch="false" />
                <line number="74" hits="5" branch="false" />
                <line number="75" hits="5" branch="false" />
                <line number="76" hits="5" branch="false" />
                <line number="77" hits="5" branch="false" />
                <line number="79" hits="5" branch="false" />
                <line number="81" hits="5" branch="false" />
                <line number="82" hits="5" branch="false" />
                <line number="83" hits="5" branch="false" />
                <line number="84" hits="5" branch="false" />
                <line number="86" hits="4" branch="false" />
                <line number="88" hits="4" branch="false" />
                <line number="89" hits="4" branch="true" condition-coverage="100% (2/2)" />
                <line number="90" hits="2" branch="false" />
                <line number="91" hits="2" branch="false" />
                <line number="92" hits="2" branch="true" condition-coverage="75% (3/4)" />
                <line number="93" hits="1" branch="false" />
                <line number="94" hits="1" branch="false" />
                <line number="95" hits="1" branch="false" />
                <line number="97" hits="1" branch="false" />
                <line number="99" hits="3" branch="true" condition-coverage="100% (4/4)" />
                <line number="100" hits="2" branch="false" />
                <line number="101" hits="2" branch="false" />
                <line number="102" hits="2" branch="false" />
                <line number="103" hits="2" branch="false" />
                <line number="104" hits="2" branch="false" />
                <line number="105" hits="2" branch="false" />
                <line number="106" hits="2" branch="false" />
                <line number="107" hits="2" branch="false" />
                <line number="110" hits="1" branch="false" />
                <line number="111" hits="1" branch="false" />
                <line number="112" hits="1" branch="false" />
                <line number="113" hits="1" branch="false" />
                <line number="114" hits="3" branch="false" />
              </lines>
            </method>
            <method name="BuildMonthlySelect" signature="(PgDuckDump.Configuration.TableDumpOptions,PgDuckDump.Services.DumpMonth)" line-rate="1" branch-rate="1" complexity="1">
              <lines>
                <line number="117" hits="6" branch="false" />
                <line number="118" hits="6" branch="false" />
                <line number="119" hits="6" branch="false" />
                <line number="120" hits="6" branch="false" />
                <line number="121" hits="6" branch="false" />
                <line number="122" hits="6" branch="false" />
                <line number="123" hits="6" branch="false" />
                <line number="124" hits="6" branch="false" />
              </lines>
            </method>
            <method name="BuildMonthlyDelete" signature="(PgDuckDump.Configuration.TableDumpOptions,PgDuckDump.Services.DumpMonth)" line-rate="1" branch-rate="1" complexity="1">
              <lines>
                <line number="127" hits="3" branch="false" />
                <line number="128" hits="3" branch="false" />
                <line number="129" hits="3" branch="false" />
                <line number="130" hits="3" branch="false" />
                <line number="131" hits="3" branch="false" />
                <line number="132" hits="3" branch="false" />
                <line number="133" hits="3" branch="false" />
              </lines>
            </method>
            <method name="PreparePartitionDirectory" signature="(System.String)" line-rate="1" branch-rate="1" complexity="4">
              <lines>
                <line number="136" hits="8" branch="false" />
                <line number="137" hits="8" branch="true" condition-coverage="100% (2/2)" />
                <line number="138" hits="6" branch="false" />
                <line number="139" hits="6" branch="false" />
                <line number="142" hits="2" branch="true" condition-coverage="100% (2/2)" />
                <line number="143" hits="1" branch="false" />
                <line number="144" hits="1" branch="false" />
                <line number="145" hits="1" branch="false" />
                <line number="148" hits="1" branch="false" />
                <line number="149" hits="7" branch="false" />
              </lines>
            </method>
            <method name="VerifyParquetOutput" signature="(System.String)" line-rate="1" branch-rate="1" complexity="4">
              <lines>
                <line number="152" hits="7" branch="false" />
                <line number="153" hits="7" branch="true" condition-coverage="100% (2/2)" />
                <line number="154" hits="1" branch="false" />
                <line number="155" hits="1" branch="false" />
                <line number="158" hits="6" branch="false" />
                <line number="159" hits="6" branch="false" />
                <line number="160" hits="12" branch="false" />
                <line number="162" hits="6" branch="true" condition-coverage="100% (2/2)" />
                <line number="163" hits="1" branch="false" />
                <line number="164" hits="1" branch="false" />
                <line number="166" hits="5" branch="false" />
              </lines>
            </method>
            <method name="ValidateConfiguration" signature="()" line-rate="1" branch-rate="1" complexity="16">
              <lines>
                <line number="169" hits="16" branch="false" />
                <line number="170" hits="16" branch="true" condition-coverage="100% (2/2)" />
                <line number="171" hits="1" branch="false" />
                <line number="172" hits="1" branch="false" />
                <line number="175" hits="15" branch="true" condition-coverage="100% (2/2)" />
                <line number="176" hits="1" branch="false" />
                <line number="177" hits="1" branch="false" />
                <line number="180" hits="14" branch="true" condition-coverage="100% (2/2)" />
                <line number="181" hits="1" branch="false" />
                <line number="182" hits="1" branch="false" />
                <line number="185" hits="13" branch="true" condition-coverage="100% (2/2)" />
                <line number="186" hits="1" branch="false" />
                <line number="187" hits="1" branch="false" />
                <line number="190" hits="12" branch="true" condition-coverage="100% (2/2)" />
                <line number="191" hits="1" branch="false" />
                <line number="192" hits="1" branch="false" />
                <line number="195" hits="11" branch="true" condition-coverage="100% (2/2)" />
                <line number="196" hits="1" branch="false" />
                <line number="197" hits="1" branch="false" />
                <line number="200" hits="10" branch="true" condition-coverage="100% (2/2)" />
                <line number="201" hits="1" branch="false" />
                <line number="202" hits="1" branch="false" />
                <line number="205" hits="42" branch="true" condition-coverage="100% (2/2)" />
                <line number="206" hits="9" branch="false" />
                <line number="207" hits="9" branch="false" />
                <line number="208" hits="6" branch="false" />
                <line number="209" hits="6" branch="false" />
              </lines>
            </method>
            <method name="ValidateTable" signature="(PgDuckDump.Configuration.TableDumpOptions)" line-rate="1" branch-rate="1" complexity="1">
              <lines>
                <line number="212" hits="9" branch="false" />
                <line number="213" hits="9" branch="false" />
                <line number="214" hits="8" branch="false" />
                <line number="215" hits="8" branch="false" />
                <line number="216" hits="8" branch="false" />
                <line number="217" hits="8" branch="false" />
                <line number="220" hits="8" branch="false" />
                <line number="221" hits="8" branch="false" />
                <line number="222" hits="7" branch="false" />
                <line number="223" hits="6" branch="false" />
                <line number="224" hits="2" branch="false" />
                <line number="225" hits="2" branch="false" />
                <line number="226" hits="2" branch="false" />
                <line number="228" hits="6" branch="false" />
              </lines>
            </method>
            <method name="Require" signature="(System.String,System.String)" line-rate="1" branch-rate="1" complexity="2">
              <lines>
                <line number="231" hits="41" branch="false" />
                <line number="232" hits="41" branch="true" condition-coverage="100% (2/2)" />
                <line number="233" hits="1" branch="false" />
                <line number="234" hits="1" branch="false" />
                <line number="236" hits="40" branch="false" />
              </lines>
            </method>
            <method name="BuildAttachedTableName" signature="(PgDuckDump.Configuration.TableDumpOptions)" line-rate="1" branch-rate="1" complexity="1">
              <lines>
                <line number="239" hits="9" branch="false" />
                <line number="240" hits="9" branch="false" />
                <line number="241" hits="9" branch="false" />
                <line number="242" hits="9" branch="false" />
              </lines>
            </method>
            <method name="BuildMonthlyWhereClause" signature="(PgDuckDump.Configuration.TableDumpOptions,PgDuckDump.Services.DumpMonth)" line-rate="1" branch-rate="1" complexity="2">
              <lines>
                <line number="245" hits="9" branch="false" />
                <line number="246" hits="9" branch="false" />
                <line number="247" hits="9" branch="false" />
                <line number="248" hits="9" branch="false" />
                <line number="249" hits="9" branch="false" />
                <line number="250" hits="9" branch="false" />
                <line number="252" hits="9" branch="true" condition-coverage="100% (2/2)" />
                <line number="253" hits="9" branch="false" />
                <line number="254" hits="9" branch="false" />
                <line number="255" hits="9" branch="false" />
                <line number="257" hits="9" branch="false" />
                <line number="258" hits="9" branch="false" />
              </lines>
            </method>
            <method name="FormatTimestamp" signature="(System.DateTime)" line-rate="1" branch-rate="1" complexity="1">
              <lines>
                <line number="260" hits="18" branch="false" />
              </lines>
            </method>
            <method name=".ctor" signature="(Microsoft.Extensions.Options.IOptions`1&lt;PgDuckDump.Configuration.PostgresOptions&gt;,Microsoft.Extensions.Options.IOptions`1&lt;PgDuckDump.Configuration.DuckDbOptions&gt;,Microsoft.Extensions.Options.IOptions`1&lt;PgDuckDump.Configuration.DumpOptions&gt;,PgDuckDump.Utilities.IDuckDbProcessor,System.TimeProvider,Microsoft.Extensions.Logging.ILogger`1&lt;PgDuckDump.Services.DbDumpService&gt;)" line-rate="1" branch-rate="1" complexity="1">
              <lines>
                <line number="8" hits="21" branch="false" />
                <line number="9" hits="21" branch="false" />
                <line number="10" hits="21" branch="false" />
                <line number="11" hits="21" branch="false" />
                <line number="12" hits="21" branch="false" />
                <line number="13" hits="21" branch="false" />
                <line number="14" hits="21" branch="false" />
                <line number="16" hits="21" branch="false" />
                <line number="17" hits="21" branch="false" />
                <line number="18" hits="21" branch="false" />
              </lines>
            </method>
          </methods>
          <lines>
            <line number="8" hits="21" branch="false" />
            <line number="9" hits="21" branch="false" />
            <line number="10" hits="21" branch="false" />
            <line number="11" hits="21" branch="false" />
            <line number="12" hits="21" branch="false" />
            <line number="13" hits="21" branch="false" />
            <line number="14" hits="21" branch="false" />
            <line number="16" hits="21" branch="false" />
            <line number="17" hits="21" branch="false" />
            <line number="18" hits="21" branch="false" />
            <line number="21" hits="16" branch="false" />
            <line number="23" hits="16" branch="false" />
            <line number="24" hits="16" branch="false" />
            <line number="26" hits="6" branch="false" />
            <line number="27" hits="6" branch="false" />
            <line number="29" hits="6" branch="false" />
            <line number="30" hits="6" branch="false" />
            <line number="32" hits="6" branch="false" />
            <line number="33" hits="6" branch="false" />
            <line number="34" hits="6" branch="false" />
            <line number="35" hits="6" branch="false" />
            <line number="36" hits="6" branch="false" />
            <line number="37" hits="6" branch="false" />
            <line number="39" hits="27" branch="true" condition-coverage="100% (2/2)" />
            <line number="40" hits="6" branch="false" />
            <line number="41" hits="6" branch="false" />
            <line number="42" hits="5" branch="false" />
            <line number="43" hits="3" branch="false" />
            <line number="45" hits="3" branch="false" />
            <line number="46" hits="3" branch="false" />
            <line number="48" hits="10" branch="false" />
            <line number="49" hits="10" branch="false" />
            <line number="50" hits="10" branch="false" />
            <line number="51" hits="10" branch="false" />
            <line number="53" hits="1" branch="false" />
            <line number="54" hits="1" branch="false" />
            <line number="55" hits="1" branch="false" />
            <line number="56" hits="1" branch="false" />
            <line number="58" hits="2" branch="false" />
            <line number="59" hits="2" branch="false" />
            <line number="60" hits="2" branch="false" />
            <line number="61" hits="2" branch="false" />
            <line number="63" hits="16" branch="false" />
            <line number="66" hits="5" branch="false" />
            <line number="67" hits="5" branch="false" />
            <line number="68" hits="5" branch="false" />
            <line number="69" hits="5" branch="false" />
            <line number="70" hits="5" branch="true" condition-coverage="100% (4/4)" />
            <line number="71" hits="5" branch="false" />
            <line number="72" hits="5" branch="false" />
            <line number="74" hits="5" branch="false" />
            <line number="75" hits="5" branch="false" />
            <line number="76" hits="5" branch="false" />
            <line number="77" hits="5" branch="false" />
            <line number="79" hits="5" branch="false" />
            <line number="81" hits="5" branch="false" />
            <line number="82" hits="5" branch="false" />
            <line number="83" hits="5" branch="false" />
            <line number="84" hits="5" branch="false" />
            <line number="86" hits="4" branch="false" />
            <line number="88" hits="4" branch="false" />
            <line number="89" hits="4" branch="true" condition-coverage="100% (2/2)" />
            <line number="90" hits="2" branch="false" />
            <line number="91" hits="2" branch="false" />
            <line number="92" hits="2" branch="true" condition-coverage="75% (3/4)" />
            <line number="93" hits="1" branch="false" />
            <line number="94" hits="1" branch="false" />
            <line number="95" hits="1" branch="false" />
            <line number="97" hits="1" branch="false" />
            <line number="99" hits="3" branch="true" condition-coverage="100% (4/4)" />
            <line number="100" hits="2" branch="false" />
            <line number="101" hits="2" branch="false" />
            <line number="102" hits="2" branch="false" />
            <line number="103" hits="2" branch="false" />
            <line number="104" hits="2" branch="false" />
            <line number="105" hits="2" branch="false" />
            <line number="106" hits="2" branch="false" />
            <line number="107" hits="2" branch="false" />
            <line number="110" hits="1" branch="false" />
            <line number="111" hits="1" branch="false" />
            <line number="112" hits="1" branch="false" />
            <line number="113" hits="1" branch="false" />
            <line number="114" hits="3" branch="false" />
            <line number="117" hits="6" branch="false" />
            <line number="118" hits="6" branch="false" />
            <line number="119" hits="6" branch="false" />
            <line number="120" hits="6" branch="false" />
            <line number="121" hits="6" branch="false" />
            <line number="122" hits="6" branch="false" />
            <line number="123" hits="6" branch="false" />
            <line number="124" hits="6" branch="false" />
            <line number="127" hits="3" branch="false" />
            <line number="128" hits="3" branch="false" />
            <line number="129" hits="3" branch="false" />
            <line number="130" hits="3" branch="false" />
            <line number="131" hits="3" branch="false" />
            <line number="132" hits="3" branch="false" />
            <line number="133" hits="3" branch="false" />
            <line number="136" hits="8" branch="false" />
            <line number="137" hits="8" branch="true" condition-coverage="100% (2/2)" />
            <line number="138" hits="6" branch="false" />
            <line number="139" hits="6" branch="false" />
            <line number="142" hits="2" branch="true" condition-coverage="100% (2/2)" />
            <line number="143" hits="1" branch="false" />
            <line number="144" hits="1" branch="false" />
            <line number="145" hits="1" branch="false" />
            <line number="148" hits="1" branch="false" />
            <line number="149" hits="7" branch="false" />
            <line number="152" hits="7" branch="false" />
            <line number="153" hits="7" branch="true" condition-coverage="100% (2/2)" />
            <line number="154" hits="1" branch="false" />
            <line number="155" hits="1" branch="false" />
            <line number="158" hits="6" branch="false" />
            <line number="159" hits="6" branch="false" />
            <line number="160" hits="12" branch="false" />
            <line number="162" hits="6" branch="true" condition-coverage="100% (2/2)" />
            <line number="163" hits="1" branch="false" />
            <line number="164" hits="1" branch="false" />
            <line number="166" hits="5" branch="false" />
            <line number="169" hits="16" branch="false" />
            <line number="170" hits="16" branch="true" condition-coverage="100% (2/2)" />
            <line number="171" hits="1" branch="false" />
            <line number="172" hits="1" branch="false" />
            <line number="175" hits="15" branch="true" condition-coverage="100% (2/2)" />
            <line number="176" hits="1" branch="false" />
            <line number="177" hits="1" branch="false" />
            <line number="180" hits="14" branch="true" condition-coverage="100% (2/2)" />
            <line number="181" hits="1" branch="false" />
            <line number="182" hits="1" branch="false" />
            <line number="185" hits="13" branch="true" condition-coverage="100% (2/2)" />
            <line number="186" hits="1" branch="false" />
            <line number="187" hits="1" branch="false" />
            <line number="190" hits="12" branch="true" condition-coverage="100% (2/2)" />
            <line number="191" hits="1" branch="false" />
            <line number="192" hits="1" branch="false" />
            <line number="195" hits="11" branch="true" condition-coverage="100% (2/2)" />
            <line number="196" hits="1" branch="false" />
            <line number="197" hits="1" branch="false" />
            <line number="200" hits="10" branch="true" condition-coverage="100% (2/2)" />
            <line number="201" hits="1" branch="false" />
            <line number="202" hits="1" branch="false" />
            <line number="205" hits="42" branch="true" condition-coverage="100% (2/2)" />
            <line number="206" hits="9" branch="false" />
            <line number="207" hits="9" branch="false" />
            <line number="208" hits="6" branch="false" />
            <line number="209" hits="6" branch="false" />
            <line number="212" hits="9" branch="false" />
            <line number="213" hits="9" branch="false" />
            <line number="214" hits="8" branch="false" />
            <line number="215" hits="8" branch="false" />
            <line number="216" hits="8" branch="false" />
            <line number="217" hits="8" branch="false" />
            <line number="220" hits="8" branch="false" />
            <line number="221" hits="8" branch="false" />
            <line number="222" hits="7" branch="false" />
            <line number="223" hits="6" branch="false" />
            <line number="224" hits="2" branch="false" />
            <line number="225" hits="2" branch="false" />
            <line number="226" hits="2" branch="false" />
            <line number="228" hits="6" branch="false" />
            <line number="231" hits="41" branch="false" />
            <line number="232" hits="41" branch="true" condition-coverage="100% (2/2)" />
            <line number="233" hits="1" branch="false" />
            <line number="234" hits="1" branch="false" />
            <line number="236" hits="40" branch="false" />
            <line number="239" hits="9" branch="false" />
            <line number="240" hits="9" branch="false" />
            <line number="241" hits="9" branch="false" />
            <line number="242" hits="9" branch="false" />
            <line number="245" hits="9" branch="false" />
            <line number="246" hits="9" branch="false" />
            <line number="247" hits="9" branch="false" />
            <line number="248" hits="9" branch="false" />
            <line number="249" hits="9" branch="false" />
            <line number="250" hits="9" branch="false" />
            <line number="252" hits="9" branch="true" condition-coverage="100% (2/2)" />
            <line number="253" hits="9" branch="false" />
            <line number="254" hits="9" branch="false" />
            <line number="255" hits="9" branch="false" />
            <line number="257" hits="9" branch="false" />
            <line number="258" hits="9" branch="false" />
            <line number="260" hits="18" branch="false" />
          </lines>
        </class>
        <class name="PgDuckDump.Services.DumpMonth" filename="/Users/rage6c/Documents/dotnet-test-proj/PgDuckDump/Services/DumpMonth.cs" line-rate="1" branch-rate="1" complexity="6">
          <methods>
            <method name="get_MonthOfYear" signature="()" line-rate="1" branch-rate="1" complexity="1">
              <lines>
                <line number="5" hits="66" branch="false" />
              </lines>
            </method>
            <method name="Resolve" signature="(System.String,System.TimeProvider)" line-rate="1" branch-rate="1" complexity="2">
              <lines>
                <line number="8" hits="12" branch="false" />
                <line number="9" hits="12" branch="true" condition-coverage="100% (2/2)" />
                <line number="10" hits="12" branch="false" />
                <line number="11" hits="12" branch="false" />
                <line number="13" hits="11" branch="false" />
                <line number="14" hits="11" branch="false" />
              </lines>
            </method>
            <method name="ResolvePreviousCompleteMonth" signature="(System.TimeProvider)" line-rate="1" branch-rate="1" complexity="1">
              <lines>
                <line number="17" hits="1" branch="false" />
                <line number="18" hits="1" branch="false" />
                <line number="19" hits="1" branch="false" />
                <line number="20" hits="1" branch="false" />
                <line number="21" hits="1" branch="false" />
              </lines>
            </method>
            <method name="ResolveConfiguredMonth" signature="(System.String)" line-rate="1" branch-rate="1" complexity="2">
              <lines>
                <line number="24" hits="11" branch="false" />
                <line number="25" hits="11" branch="false" />
                <line number="26" hits="11" branch="true" condition-coverage="100% (2/2)" />
                <line number="27" hits="11" branch="false" />
                <line number="28" hits="11" branch="false" />
                <line number="29" hits="11" branch="false" />
                <line number="30" hits="11" branch="false" />
                <line number="31" hits="11" branch="false" />
                <line number="32" hits="1" branch="false" />
                <line number="33" hits="1" branch="false" />
                <line number="34" hits="1" branch="false" />
                <line number="37" hits="10" branch="false" />
                <line number="38" hits="10" branch="false" />
              </lines>
            </method>
          </methods>
          <lines>
            <line number="5" hits="66" branch="false" />
            <line number="8" hits="12" branch="false" />
            <line number="9" hits="12" branch="true" condition-coverage="100% (2/2)" />
            <line number="10" hits="12" branch="false" />
            <line number="11" hits="12" branch="false" />
            <line number="13" hits="11" branch="false" />
            <line number="14" hits="11" branch="false" />
            <line number="17" hits="1" branch="false" />
            <line number="18" hits="1" branch="false" />
            <line number="19" hits="1" branch="false" />
            <line number="20" hits="1" branch="false" />
            <line number="21" hits="1" branch="false" />
            <line number="24" hits="11" branch="false" />
            <line number="25" hits="11" branch="false" />
            <line number="26" hits="11" branch="true" condition-coverage="100% (2/2)" />
            <line number="27" hits="11" branch="false" />
            <line number="28" hits="11" branch="false" />
            <line number="29" hits="11" branch="false" />
            <line number="30" hits="11" branch="false" />
            <line number="31" hits="11" branch="false" />
            <line number="32" hits="1" branch="false" />
            <line number="33" hits="1" branch="false" />
            <line number="34" hits="1" branch="false" />
            <line number="37" hits="10" branch="false" />
            <line number="38" hits="10" branch="false" />
          </lines>
        </class>
        <class name="PgDuckDump.Services.InvalidConfigurationException" filename="/Users/rage6c/Documents/dotnet-test-proj/PgDuckDump/Services/InvalidConfigurationException.cs" line-rate="1" branch-rate="1" complexity="1">
          <methods>
            <method name=".ctor" signature="(System.String)" line-rate="1" branch-rate="1" complexity="1">
              <lines>
                <line number="3" hits="12" branch="false" />
              </lines>
            </method>
          </methods>
          <lines>
            <line number="3" hits="12" branch="false" />
          </lines>
        </class>
        <class name="PgDuckDump.Utilities.DuckDbCopyOptions" filename="/Users/rage6c/Documents/dotnet-test-proj/PgDuckDump/Utilities/DuckDbCopyOptions.cs" line-rate="1" branch-rate="1" complexity="1">
          <methods>
            <method name="get_Compression" signature="()" line-rate="1" branch-rate="1" complexity="1">
              <lines>
                <line number="3" hits="9" branch="false" />
              </lines>
            </method>
          </methods>
          <lines>
            <line number="3" hits="9" branch="false" />
          </lines>
        </class>
        <class name="PgDuckDump.Utilities.SqlIdentifier" filename="/Users/rage6c/Documents/dotnet-test-proj/PgDuckDump/Utilities/SqlIdentifier.cs" line-rate="1" branch-rate="1" complexity="13">
          <methods>
            <method name="Quote" signature="(System.String)" line-rate="1" branch-rate="1" complexity="2">
              <lines>
                <line number="8" hits="47" branch="false" />
                <line number="9" hits="47" branch="true" condition-coverage="100% (2/2)" />
                <line number="10" hits="1" branch="false" />
                <line number="11" hits="1" branch="false" />
                <line number="14" hits="46" branch="false" />
                <line number="15" hits="46" branch="false" />
              </lines>
            </method>
            <method name="Literal" signature="(System.String)" line-rate="1" branch-rate="1" complexity="1">
              <lines>
                <line number="17" hits="19" branch="false" />
              </lines>
            </method>
            <method name="ValidateSafePathSegment" signature="(System.String,System.String)" line-rate="1" branch-rate="1" complexity="10">
              <lines>
                <line number="20" hits="18" branch="false" />
                <line number="21" hits="18" branch="true" condition-coverage="100% (2/2)" />
                <line number="22" hits="2" branch="false" />
                <line number="23" hits="2" branch="false" />
                <line number="26" hits="16" branch="true" condition-coverage="100% (6/6)" />
                <line number="27" hits="2" branch="false" />
                <line number="28" hits="2" branch="false" />
                <line number="31" hits="14" branch="true" condition-coverage="100% (2/2)" />
                <line number="32" hits="3" branch="false" />
                <line number="33" hits="3" branch="false" />
                <line number="34" hits="3" branch="false" />
                <line number="35" hits="3" branch="false" />
                <line number="37" hits="11" branch="false" />
              </lines>
            </method>
          </methods>
          <lines>
            <line number="8" hits="47" branch="false" />
            <line number="9" hits="47" branch="true" condition-coverage="100% (2/2)" />
            <line number="10" hits="1" branch="false" />
            <line number="11" hits="1" branch="false" />
            <line number="14" hits="46" branch="false" />
            <line number="15" hits="46" branch="false" />
            <line number="17" hits="19" branch="false" />
            <line number="20" hits="18" branch="false" />
            <line number="21" hits="18" branch="true" condition-coverage="100% (2/2)" />
            <line number="22" hits="2" branch="false" />
            <line number="23" hits="2" branch="false" />
            <line number="26" hits="16" branch="true" condition-coverage="100% (6/6)" />
            <line number="27" hits="2" branch="false" />
            <line number="28" hits="2" branch="false" />
            <line number="31" hits="14" branch="true" condition-coverage="100% (2/2)" />
            <line number="32" hits="3" branch="false" />
            <line number="33" hits="3" branch="false" />
            <line number="34" hits="3" branch="false" />
            <line number="35" hits="3" branch="false" />
            <line number="37" hits="11" branch="false" />
          </lines>
        </class>
        <class name="PgDuckDump.Utilities.SqlInjectionGuard" filename="/Users/rage6c/Documents/dotnet-test-proj/PgDuckDump/Utilities/SqlInjectionGuard.cs" line-rate="1" branch-rate="1" complexity="9">
          <methods>
            <method name="ValidateTrustedPredicate" signature="(System.String,System.String)" line-rate="1" branch-rate="1" complexity="8">
              <lines>
                <line number="10" hits="16" branch="false" />
                <line number="11" hits="16" branch="true" condition-coverage="100% (2/2)" />
                <line number="12" hits="3" branch="false" />
                <line number="13" hits="3" branch="false" />
                <line number="16" hits="121" branch="true" condition-coverage="100% (2/2)" />
                <line number="17" hits="43" branch="false" />
                <line number="18" hits="43" branch="true" condition-coverage="100% (2/2)" />
                <line number="19" hits="4" branch="false" />
                <line number="20" hits="4" branch="false" />
                <line number="21" hits="4" branch="false" />
                <line number="22" hits="4" branch="false" />
                <line number="24" hits="39" branch="false" />
                <line number="26" hits="9" branch="false" />
                <line number="27" hits="9" branch="true" condition-coverage="100% (2/2)" />
                <line number="28" hits="2" branch="false" />
                <line number="29" hits="2" branch="false" />
                <line number="30" hits="2" branch="false" />
                <line number="31" hits="2" branch="false" />
                <line number="33" hits="10" branch="false" />
              </lines>
            </method>
            <method name=".cctor" signature="()" line-rate="1" branch-rate="1" complexity="1">
              <lines>
                <line number="7" hits="1" branch="false" />
              </lines>
            </method>
          </methods>
          <lines>
            <line number="7" hits="1" branch="false" />
            <line number="10" hits="16" branch="false" />
            <line number="11" hits="16" branch="true" condition-coverage="100% (2/2)" />
            <line number="12" hits="3" branch="false" />
            <line number="13" hits="3" branch="false" />
            <line number="16" hits="121" branch="true" condition-coverage="100% (2/2)" />
            <line number="17" hits="43" branch="false" />
            <line number="18" hits="43" branch="true" condition-coverage="100% (2/2)" />
            <line number="19" hits="4" branch="false" />
            <line number="20" hits="4" branch="false" />
            <line number="21" hits="4" branch="false" />
            <line number="22" hits="4" branch="false" />
            <line number="24" hits="39" branch="false" />
            <line number="26" hits="9" branch="false" />
            <line number="27" hits="9" branch="true" condition-coverage="100% (2/2)" />
            <line number="28" hits="2" branch="false" />
            <line number="29" hits="2" branch="false" />
            <line number="30" hits="2" branch="false" />
            <line number="31" hits="2" branch="false" />
            <line number="33" hits="10" branch="false" />
          </lines>
        </class>
      </classes>
    </package>
  </packages>
</coverage>