<?xml version="1.0" encoding="utf-8"?>
<!DOCTYPE coverage SYSTEM "http://cobertura.sourceforge.net/xml/coverage-04.dtd">
<coverage line-rate="0.7391304347826086" branch-rate="0.6423982869379015" lines-covered="867" lines-valid="1173" branches-covered="300" branches-valid="467" complexity="536" version="0" timestamp="1779610723">
  <sources>
    <source>/Users/rage6c/Documents/dotnet-test-proj/PgDuckDump/</source>
    <source>/Users/rage6c/Documents/dotnet-test-proj/ParquetLoader/</source>
  </sources>
  <packages>
    <package name="ParquetLoader" line-rate="0.7071651090342679" branch-rate="0.7674418604651163" complexity="150">
      <classes>
        <class name="ParquetLoader.Configuration.ParquetLoaderConfig" filename="/Users/rage6c/Documents/dotnet-test-proj/ParquetLoader/Configuration/ParquetLoaderConfig.cs" line-rate="1" branch-rate="1" complexity="4">
          <methods>
            <method name="get_BaseParquetPath" signature="()" line-rate="1" branch-rate="1" complexity="1">
              <lines>
                <line number="7" hits="220" branch="false" />
              </lines>
            </method>
            <method name="Normalize" signature="(System.String)" line-rate="1" branch-rate="1" complexity="1">
              <lines>
                <line number="10" hits="9" branch="false" />
                <line number="11" hits="9" branch="false" />
                <line number="12" hits="9" branch="false" />
                <line number="13" hits="9" branch="false" />
              </lines>
            </method>
            <method name="Validate" signature="()" line-rate="1" branch-rate="1" complexity="2">
              <lines>
                <line number="16" hits="14" branch="false" />
                <line number="17" hits="14" branch="true" condition-coverage="100% (2/2)" />
                <line number="18" hits="5" branch="false" />
                <line number="19" hits="5" branch="false" />
                <line number="21" hits="9" branch="false" />
              </lines>
            </method>
          </methods>
          <lines>
            <line number="7" hits="220" branch="false" />
            <line number="10" hits="9" branch="false" />
            <line number="11" hits="9" branch="false" />
            <line number="12" hits="9" branch="false" />
            <line number="13" hits="9" branch="false" />
            <line number="16" hits="14" branch="false" />
            <line number="17" hits="14" branch="true" condition-coverage="100% (2/2)" />
            <line number="18" hits="5" branch="false" />
            <line number="19" hits="5" branch="false" />
            <line number="21" hits="9" branch="false" />
          </lines>
        </class>
        <class name="ParquetLoader.ParquetLoads.ParquetLoader`1" filename="/Users/rage6c/Documents/dotnet-test-proj/ParquetLoader/ParquetLoads/ParquetLoader.cs" line-rate="0.9032258064516129" branch-rate="0.8151260504201681" complexity="128">
          <methods>
            <method name="get_Config" signature="()" line-rate="1" branch-rate="1" complexity="1">
              <lines>
                <line number="16" hits="8" branch="false" />
              </lines>
            </method>
            <method name="get_BaseParquetPath" signature="()" line-rate="1" branch-rate="1" complexity="1">
              <lines>
                <line number="18" hits="8" branch="false" />
              </lines>
            </method>
            <method name="get_DefaultFolder" signature="()" line-rate="1" branch-rate="1" complexity="1">
              <lines>
                <line number="20" hits="8" branch="false" />
              </lines>
            </method>
            <method name="Load" signature="(System.String,System.Int32,System.Linq.Expressions.Expression`1&lt;System.Func`2&lt;T,System.Boolean&gt;&gt;)" line-rate="1" branch-rate="1" complexity="6">
              <lines>
                <line number="38" hits="24" branch="false" />
                <line number="39" hits="24" branch="true" condition-coverage="100% (2/2)" />
                <line number="40" hits="4" branch="false" />
                <line number="41" hits="4" branch="false" />
                <line number="44" hits="20" branch="true" condition-coverage="100% (2/2)" />
                <line number="45" hits="20" branch="false" />
                <line number="46" hits="20" branch="false" />
                <line number="48" hits="20" branch="true" condition-coverage="100% (2/2)" />
                <line number="49" hits="12" branch="false" />
              </lines>
            </method>
            <method name="LoadData" signature="(System.String,System.String,System.Int32)" line-rate="1" branch-rate="1" complexity="6">
              <lines>
                <line number="55" hits="20" branch="false" />
                <line number="56" hits="20" branch="false" />
                <line number="57" hits="20" branch="true" condition-coverage="100% (2/2)" />
                <line number="58" hits="4" branch="false" />
                <line number="59" hits="4" branch="false" />
                <line number="62" hits="16" branch="true" condition-coverage="100% (2/2)" />
                <line number="63" hits="4" branch="false" />
                <line number="64" hits="4" branch="false" />
                <line number="67" hits="12" branch="false" />
                <line number="68" hits="12" branch="false" />
                <line number="69" hits="12" branch="false" />
                <line number="70" hits="12" branch="false" />
                <line number="71" hits="12" branch="false" />
                <line number="72" hits="12" branch="false" />
                <line number="74" hits="12" branch="true" condition-coverage="100% (2/2)" />
                <line number="75" hits="12" branch="false" />
                <line number="76" hits="12" branch="false" />
                <line number="77" hits="12" branch="false" />
                <line number="79" hits="12" branch="false" />
                <line number="80" hits="12" branch="false" />
                <line number="82" hits="12" branch="false" />
                <line number="83" hits="12" branch="false" />
                <line number="85" hits="12" branch="false" />
                <line number="86" hits="12" branch="false" />
                <line number="88" hits="12" branch="false" />
                <line number="89" hits="12" branch="false" />
                <line number="90" hits="12" branch="false" />
              </lines>
            </method>
            <method name="TranslatePredicate" signature="(System.Linq.Expressions.Expression`1&lt;System.Func`2&lt;T,System.Boolean&gt;&gt;)" line-rate="1" branch-rate="1" complexity="1">
              <lines>
                <line number="94" hits="60" branch="false" />
                <line number="95" hits="60" branch="false" />
                <line number="96" hits="51" branch="false" />
              </lines>
            </method>
            <method name="MapRows" signature="(DuckDB.NET.Data.DuckDBDataReader)" line-rate="0.9310344827586207" branch-rate="0.8571428571428571" complexity="14">
              <lines>
                <line number="99" hits="12" branch="false" />
                <line number="100" hits="12" branch="false" />
                <line number="101" hits="12" branch="true" condition-coverage="100% (2/2)" />
                <line number="102" hits="12" branch="false" />
                <line number="103" hits="96" branch="false" />
                <line number="105" hits="12" branch="true" condition-coverage="100% (2/2)" />
                <line number="106" hits="12" branch="false" />
                <line number="107" hits="84" branch="false" />
                <line number="108" hits="12" branch="false" />
                <line number="110" hits="28" branch="true" condition-coverage="100% (2/2)" />
                <line number="111" hits="16" branch="false" />
                <line number="112" hits="16" branch="false" />
                <line number="113" hits="272" branch="true" condition-coverage="100% (2/2)" />
                <line number="114" hits="112" branch="false" />
                <line number="115" hits="112" branch="true" condition-coverage="50% (2/4)" />
                <line number="116" hits="112" branch="false" />
                <line number="117" hits="0" branch="false" />
                <line number="118" hits="0" branch="false" />
                <line number="121" hits="112" branch="false" />
                <line number="122" hits="112" branch="true" condition-coverage="100% (2/2)" />
                <line number="123" hits="4" branch="false" />
                <line number="124" hits="4" branch="false" />
                <line number="125" hits="4" branch="false" />
                <line number="128" hits="108" branch="false" />
                <line number="129" hits="108" branch="false" />
                <line number="131" hits="16" branch="false" />
                <line number="132" hits="16" branch="false" />
                <line number="134" hits="12" branch="false" />
                <line number="135" hits="12" branch="false" />
              </lines>
            </method>
            <method name="TranslateExpression" signature="(System.Linq.Expressions.Expression)" line-rate="0.9375" branch-rate="0.9523809523809523" complexity="21">
              <lines>
                <line number="138" hits="110" branch="false" />
                <line number="139" hits="110" branch="true" condition-coverage="95% (20/21)" />
                <line number="140" hits="110" branch="false" />
                <line number="141" hits="19" branch="false" />
                <line number="142" hits="4" branch="false" />
                <line number="143" hits="4" branch="false" />
                <line number="144" hits="35" branch="false" />
                <line number="145" hits="10" branch="false" />
                <line number="146" hits="9" branch="false" />
                <line number="147" hits="4" branch="false" />
                <line number="148" hits="4" branch="false" />
                <line number="149" hits="0" branch="false" />
                <line number="150" hits="17" branch="false" />
                <line number="151" hits="4" branch="false" />
                <line number="152" hits="110" branch="false" />
                <line number="153" hits="101" branch="false" />
              </lines>
            </method>
            <method name="TranslateLogical" signature="(System.Linq.Expressions.BinaryExpression,System.String)" line-rate="1" branch-rate="1" complexity="1">
              <lines>
                <line number="156" hits="23" branch="false" />
                <line number="157" hits="23" branch="false" />
                <line number="158" hits="23" branch="false" />
              </lines>
            </method>
            <method name="TranslateNot" signature="(System.Linq.Expressions.UnaryExpression)" line-rate="1" branch-rate="1" complexity="1">
              <lines>
                <line number="161" hits="4" branch="false" />
                <line number="162" hits="4" branch="false" />
                <line number="163" hits="4" branch="false" />
              </lines>
            </method>
            <method name="TranslateComparison" signature="(System.Linq.Expressions.BinaryExpression,System.String)" line-rate="0.782608695652174" branch-rate="0.5833333333333334" complexity="12">
              <lines>
                <line number="166" hits="62" branch="false" />
                <line number="167" hits="62" branch="false" />
                <line number="168" hits="62" branch="false" />
                <line number="169" hits="62" branch="false" />
                <line number="170" hits="62" branch="false" />
                <line number="172" hits="62" branch="true" condition-coverage="100% (2/2)" />
                <line number="173" hits="5" branch="false" />
                <line number="174" hits="5" branch="true" condition-coverage="50% (1/2)" />
                <line number="175" hits="5" branch="false" />
                <line number="176" hits="5" branch="false" />
                <line number="179" hits="57" branch="true" condition-coverage="50% (1/2)" />
                <line number="180" hits="0" branch="false" />
                <line number="181" hits="0" branch="true" condition-coverage="0% (0/2)" />
                <line number="182" hits="0" branch="false" />
                <line number="183" hits="0" branch="false" />
                <line number="186" hits="57" branch="true" condition-coverage="100% (2/2)" />
                <line number="187" hits="53" branch="false" />
                <line number="188" hits="53" branch="false" />
                <line number="191" hits="4" branch="true" condition-coverage="50% (1/2)" />
                <line number="192" hits="4" branch="false" />
                <line number="193" hits="4" branch="false" />
                <line number="196" hits="0" branch="false" />
                <line number="197" hits="62" branch="false" />
              </lines>
            </method>
            <method name="TranslateMethodCall" signature="(System.Linq.Expressions.MethodCallExpression)" line-rate="1" branch-rate="1" complexity="2">
              <lines>
                <line number="200" hits="17" branch="false" />
                <line number="201" hits="17" branch="true" condition-coverage="100% (2/2)" />
                <line number="202" hits="12" branch="false" />
                <line number="203" hits="12" branch="false" />
                <line number="206" hits="4" branch="false" />
                <line number="207" hits="12" branch="false" />
              </lines>
            </method>
            <method name="TryTranslateCollectionContains" signature="(System.Linq.Expressions.MethodCallExpression,System.String&amp;)" line-rate="0.875" branch-rate="0.8636363636363636" complexity="22">
              <lines>
                <line number="210" hits="17" branch="false" />
                <line number="211" hits="17" branch="false" />
                <line number="216" hits="17" branch="true" condition-coverage="100% (4/4)" />
                <line number="217" hits="17" branch="false" />
                <line number="218" hits="6" branch="false" />
                <line number="219" hits="6" branch="false" />
                <line number="220" hits="6" branch="false" />
                <line number="221" hits="6" branch="false" />
                <line number="222" hits="11" branch="true" condition-coverage="100% (8/8)" />
                <line number="223" hits="11" branch="false" />
                <line number="224" hits="11" branch="false" />
                <line number="225" hits="11" branch="false" />
                <line number="226" hits="7" branch="false" />
                <line number="227" hits="7" branch="false" />
                <line number="228" hits="7" branch="false" />
                <line number="229" hits="7" branch="false" />
                <line number="231" hits="4" branch="false" />
                <line number="232" hits="4" branch="false" />
                <line number="235" hits="13" branch="false" />
                <line number="236" hits="13" branch="true" condition-coverage="50% (1/2)" />
                <line number="237" hits="0" branch="false" />
                <line number="238" hits="0" branch="false" />
                <line number="241" hits="13" branch="false" />
                <line number="242" hits="12" branch="true" condition-coverage="50% (2/4)" />
                <line number="243" hits="0" branch="false" />
                <line number="244" hits="0" branch="false" />
                <line number="247" hits="12" branch="true" condition-coverage="100% (2/2)" />
                <line number="248" hits="12" branch="true" condition-coverage="100% (2/2)" />
                <line number="249" hits="12" branch="false" />
                <line number="250" hits="12" branch="false" />
                <line number="251" hits="12" branch="false" />
                <line number="252" hits="16" branch="false" />
              </lines>
            </method>
            <method name="TryTranslateColumn" signature="(System.Linq.Expressions.Expression)" line-rate="0.8181818181818182" branch-rate="0.8333333333333334" complexity="6">
              <lines>
                <line number="255" hits="137" branch="false" />
                <line number="256" hits="137" branch="false" />
                <line number="258" hits="137" branch="true" condition-coverage="100% (4/4)" />
                <line number="259" hits="137" branch="false" />
                <line number="260" hits="62" branch="false" />
                <line number="261" hits="62" branch="false" />
                <line number="264" hits="75" branch="true" condition-coverage="50% (1/2)" />
                <line number="265" hits="0" branch="false" />
                <line number="266" hits="0" branch="false" />
                <line number="269" hits="75" branch="false" />
                <line number="270" hits="137" branch="false" />
              </lines>
            </method>
            <method name="UnwrapConvert" signature="(System.Linq.Expressions.Expression)" line-rate="1" branch-rate="1" complexity="4">
              <lines>
                <line number="273" hits="331" branch="false" />
                <line number="274" hits="507" branch="true" condition-coverage="100% (4/4)" />
                <line number="275" hits="176" branch="false" />
                <line number="276" hits="176" branch="false" />
                <line number="277" hits="176" branch="false" />
                <line number="279" hits="331" branch="false" />
                <line number="280" hits="331" branch="false" />
              </lines>
            </method>
            <method name="Evaluate" signature="(System.Linq.Expressions.Expression)" line-rate="1" branch-rate="1" complexity="2">
              <lines>
                <line number="283" hits="70" branch="false" />
                <line number="284" hits="70" branch="false" />
                <line number="286" hits="70" branch="true" condition-coverage="100% (2/2)" />
                <line number="287" hits="53" branch="false" />
                <line number="288" hits="53" branch="false" />
                <line number="291" hits="17" branch="false" />
                <line number="292" hits="17" branch="false" />
                <line number="293" hits="17" branch="false" />
                <line number="294" hits="69" branch="false" />
              </lines>
            </method>
            <method name="IsNullConstant" signature="(System.Linq.Expressions.Expression)" line-rate="1" branch-rate="1" complexity="2">
              <lines>
                <line number="297" hits="124" branch="false" />
                <line number="298" hits="124" branch="true" condition-coverage="100% (2/2)" />
                <line number="299" hits="124" branch="false" />
              </lines>
            </method>
            <method name="ConvertValue" signature="(System.Object,System.Type)" line-rate="0.7142857142857143" branch-rate="0.75" complexity="4">
              <lines>
                <line number="302" hits="108" branch="false" />
                <line number="303" hits="108" branch="true" condition-coverage="100% (2/2)" />
                <line number="305" hits="108" branch="true" condition-coverage="50% (1/2)" />
                <line number="306" hits="0" branch="false" />
                <line number="307" hits="0" branch="false" />
                <line number="310" hits="108" branch="false" />
                <line number="311" hits="108" branch="false" />
              </lines>
            </method>
            <method name="QuoteIdentifier" signature="(System.String)" line-rate="1" branch-rate="1" complexity="1">
              <lines>
                <line number="314" hits="75" branch="false" />
                <line number="315" hits="75" branch="false" />
                <line number="316" hits="75" branch="false" />
              </lines>
            </method>
            <method name="SqlString" signature="(System.String)" line-rate="1" branch-rate="1" complexity="1">
              <lines>
                <line number="319" hits="52" branch="false" />
                <line number="320" hits="52" branch="false" />
                <line number="321" hits="52" branch="false" />
              </lines>
            </method>
            <method name="SqlLiteral" signature="(System.Object)" line-rate="0.6153846153846154" branch-rate="0.5" complexity="18">
              <lines>
                <line number="324" hits="75" branch="false" />
                <line number="325" hits="75" branch="true" condition-coverage="64% (9/14)" />
                <line number="326" hits="75" branch="false" />
                <line number="327" hits="0" branch="false" />
                <line number="328" hits="36" branch="false" />
                <line number="329" hits="4" branch="false" />
                <line number="330" hits="0" branch="false" />
                <line number="331" hits="0" branch="true" condition-coverage="0% (0/2)" />
                <line number="332" hits="0" branch="false" />
                <line number="333" hits="35" branch="false" />
                <line number="334" hits="0" branch="true" condition-coverage="0% (0/2)" />
                <line number="335" hits="75" branch="false" />
                <line number="336" hits="75" branch="false" />
              </lines>
            </method>
            <method name=".ctor" signature="(ParquetLoader.Configuration.ParquetLoaderConfig,Microsoft.Extensions.Logging.ILogger)" line-rate="1" branch-rate="1" complexity="1">
              <lines>
                <line number="26" hits="74" branch="false" />
                <line number="27" hits="74" branch="false" />
                <line number="28" hits="74" branch="false" />
                <line number="29" hits="74" branch="false" />
                <line number="30" hits="74" branch="false" />
                <line number="31" hits="74" branch="false" />
                <line number="32" hits="74" branch="false" />
              </lines>
            </method>
          </methods>
          <lines>
            <line number="16" hits="8" branch="false" />
            <line number="18" hits="8" branch="false" />
            <line number="20" hits="8" branch="false" />
            <line number="26" hits="74" branch="false" />
            <line number="27" hits="74" branch="false" />
            <line number="28" hits="74" branch="false" />
            <line number="29" hits="74" branch="false" />
            <line number="30" hits="74" branch="false" />
            <line number="31" hits="74" branch="false" />
            <line number="32" hits="74" branch="false" />
            <line number="38" hits="24" branch="false" />
            <line number="39" hits="24" branch="true" condition-coverage="100% (2/2)" />
            <line number="40" hits="4" branch="false" />
            <line number="41" hits="4" branch="false" />
            <line number="44" hits="20" branch="true" condition-coverage="100% (2/2)" />
            <line number="45" hits="20" branch="false" />
            <line number="46" hits="20" branch="false" />
            <line number="48" hits="20" branch="true" condition-coverage="100% (2/2)" />
            <line number="49" hits="12" branch="false" />
            <line number="55" hits="20" branch="false" />
            <line number="56" hits="20" branch="false" />
            <line number="57" hits="20" branch="true" condition-coverage="100% (2/2)" />
            <line number="58" hits="4" branch="false" />
            <line number="59" hits="4" branch="false" />
            <line number="62" hits="16" branch="true" condition-coverage="100% (2/2)" />
            <line number="63" hits="4" branch="false" />
            <line number="64" hits="4" branch="false" />
            <line number="67" hits="12" branch="false" />
            <line number="68" hits="12" branch="false" />
            <line number="69" hits="12" branch="false" />
            <line number="70" hits="12" branch="false" />
            <line number="71" hits="12" branch="false" />
            <line number="72" hits="12" branch="false" />
            <line number="74" hits="12" branch="true" condition-coverage="100% (2/2)" />
            <line number="75" hits="12" branch="false" />
            <line number="76" hits="12" branch="false" />
            <line number="77" hits="12" branch="false" />
            <line number="79" hits="12" branch="false" />
            <line number="80" hits="12" branch="false" />
            <line number="82" hits="12" branch="false" />
            <line number="83" hits="12" branch="false" />
            <line number="85" hits="12" branch="false" />
            <line number="86" hits="12" branch="false" />
            <line number="88" hits="12" branch="false" />
            <line number="89" hits="12" branch="false" />
            <line number="90" hits="12" branch="false" />
            <line number="94" hits="60" branch="false" />
            <line number="95" hits="60" branch="false" />
            <line number="96" hits="51" branch="false" />
            <line number="99" hits="12" branch="false" />
            <line number="100" hits="12" branch="false" />
            <line number="101" hits="12" branch="true" condition-coverage="100% (2/2)" />
            <line number="102" hits="12" branch="false" />
            <line number="103" hits="96" branch="false" />
            <line number="105" hits="12" branch="true" condition-coverage="100% (2/2)" />
            <line number="106" hits="12" branch="false" />
            <line number="107" hits="84" branch="false" />
            <line number="108" hits="12" branch="false" />
            <line number="110" hits="28" branch="true" condition-coverage="100% (2/2)" />
            <line number="111" hits="16" branch="false" />
            <line number="112" hits="16" branch="false" />
            <line number="113" hits="272" branch="true" condition-coverage="100% (2/2)" />
            <line number="114" hits="112" branch="false" />
            <line number="115" hits="112" branch="true" condition-coverage="50% (2/4)" />
            <line number="116" hits="112" branch="false" />
            <line number="117" hits="0" branch="false" />
            <line number="118" hits="0" branch="false" />
            <line number="121" hits="112" branch="false" />
            <line number="122" hits="112" branch="true" condition-coverage="100% (2/2)" />
            <line number="123" hits="4" branch="false" />
            <line number="124" hits="4" branch="false" />
            <line number="125" hits="4" branch="false" />
            <line number="128" hits="108" branch="false" />
            <line number="129" hits="108" branch="false" />
            <line number="131" hits="16" branch="false" />
            <line number="132" hits="16" branch="false" />
            <line number="134" hits="12" branch="false" />
            <line number="135" hits="12" branch="false" />
            <line number="138" hits="110" branch="false" />
            <line number="139" hits="110" branch="true" condition-coverage="95% (20/21)" />
            <line number="140" hits="110" branch="false" />
            <line number="141" hits="19" branch="false" />
            <line number="142" hits="4" branch="false" />
            <line number="143" hits="4" branch="false" />
            <line number="144" hits="35" branch="false" />
            <line number="145" hits="10" branch="false" />
            <line number="146" hits="9" branch="false" />
            <line number="147" hits="4" branch="false" />
            <line number="148" hits="4" branch="false" />
            <line number="149" hits="0" branch="false" />
            <line number="150" hits="17" branch="false" />
            <line number="151" hits="4" branch="false" />
            <line number="152" hits="110" branch="false" />
            <line number="153" hits="101" branch="false" />
            <line number="156" hits="23" branch="false" />
            <line number="157" hits="23" branch="false" />
            <line number="158" hits="23" branch="false" />
            <line number="161" hits="4" branch="false" />
            <line number="162" hits="4" branch="false" />
            <line number="163" hits="4" branch="false" />
            <line number="166" hits="62" branch="false" />
            <line number="167" hits="62" branch="false" />
            <line number="168" hits="62" branch="false" />
            <line number="169" hits="62" branch="false" />
            <line number="170" hits="62" branch="false" />
            <line number="172" hits="62" branch="true" condition-coverage="100% (2/2)" />
            <line number="173" hits="5" branch="false" />
            <line number="174" hits="5" branch="true" condition-coverage="50% (1/2)" />
            <line number="175" hits="5" branch="false" />
            <line number="176" hits="5" branch="false" />
            <line number="179" hits="57" branch="true" condition-coverage="50% (1/2)" />
            <line number="180" hits="0" branch="false" />
            <line number="181" hits="0" branch="true" condition-coverage="0% (0/2)" />
            <line number="182" hits="0" branch="false" />
            <line number="183" hits="0" branch="false" />
            <line number="186" hits="57" branch="true" condition-coverage="100% (2/2)" />
            <line number="187" hits="53" branch="false" />
            <line number="188" hits="53" branch="false" />
            <line number="191" hits="4" branch="true" condition-coverage="50% (1/2)" />
            <line number="192" hits="4" branch="false" />
            <line number="193" hits="4" branch="false" />
            <line number="196" hits="0" branch="false" />
            <line number="197" hits="62" branch="false" />
            <line number="200" hits="17" branch="false" />
            <line number="201" hits="17" branch="true" condition-coverage="100% (2/2)" />
            <line number="202" hits="12" branch="false" />
            <line number="203" hits="12" branch="false" />
            <line number="206" hits="4" branch="false" />
            <line number="207" hits="12" branch="false" />
            <line number="210" hits="17" branch="false" />
            <line number="211" hits="17" branch="false" />
            <line number="216" hits="17" branch="true" condition-coverage="100% (4/4)" />
            <line number="217" hits="17" branch="false" />
            <line number="218" hits="6" branch="false" />
            <line number="219" hits="6" branch="false" />
            <line number="220" hits="6" branch="false" />
            <line number="221" hits="6" branch="false" />
            <line number="222" hits="11" branch="true" condition-coverage="100% (8/8)" />
            <line number="223" hits="11" branch="false" />
            <line number="224" hits="11" branch="false" />
            <line number="225" hits="11" branch="false" />
            <line number="226" hits="7" branch="false" />
            <line number="227" hits="7" branch="false" />
            <line number="228" hits="7" branch="false" />
            <line number="229" hits="7" branch="false" />
            <line number="231" hits="4" branch="false" />
            <line number="232" hits="4" branch="false" />
            <line number="235" hits="13" branch="false" />
            <line number="236" hits="13" branch="true" condition-coverage="50% (1/2)" />
            <line number="237" hits="0" branch="false" />
            <line number="238" hits="0" branch="false" />
            <line number="241" hits="13" branch="false" />
            <line number="242" hits="12" branch="true" condition-coverage="50% (2/4)" />
            <line number="243" hits="0" branch="false" />
            <line number="244" hits="0" branch="false" />
            <line number="247" hits="12" branch="true" condition-coverage="100% (2/2)" />
            <line number="248" hits="12" branch="true" condition-coverage="100% (2/2)" />
            <line number="249" hits="12" branch="false" />
            <line number="250" hits="12" branch="false" />
            <line number="251" hits="12" branch="false" />
            <line number="252" hits="16" branch="false" />
            <line number="255" hits="137" branch="false" />
            <line number="256" hits="137" branch="false" />
            <line number="258" hits="137" branch="true" condition-coverage="100% (4/4)" />
            <line number="259" hits="137" branch="false" />
            <line number="260" hits="62" branch="false" />
            <line number="261" hits="62" branch="false" />
            <line number="264" hits="75" branch="true" condition-coverage="50% (1/2)" />
            <line number="265" hits="0" branch="false" />
            <line number="266" hits="0" branch="false" />
            <line number="269" hits="75" branch="false" />
            <line number="270" hits="137" branch="false" />
            <line number="273" hits="331" branch="false" />
            <line number="274" hits="507" branch="true" condition-coverage="100% (4/4)" />
            <line number="275" hits="176" branch="false" />
            <line number="276" hits="176" branch="false" />
            <line number="277" hits="176" branch="false" />
            <line number="279" hits="331" branch="false" />
            <line number="280" hits="331" branch="false" />
            <line number="283" hits="70" branch="false" />
            <line number="284" hits="70" branch="false" />
            <line number="286" hits="70" branch="true" condition-coverage="100% (2/2)" />
            <line number="287" hits="53" branch="false" />
            <line number="288" hits="53" branch="false" />
            <line number="291" hits="17" branch="false" />
            <line number="292" hits="17" branch="false" />
            <line number="293" hits="17" branch="false" />
            <line number="294" hits="69" branch="false" />
            <line number="297" hits="124" branch="false" />
            <line number="298" hits="124" branch="true" condition-coverage="100% (2/2)" />
            <line number="299" hits="124" branch="false" />
            <line number="302" hits="108" branch="false" />
            <line number="303" hits="108" branch="true" condition-coverage="100% (2/2)" />
            <line number="305" hits="108" branch="true" condition-coverage="50% (1/2)" />
            <line number="306" hits="0" branch="false" />
            <line number="307" hits="0" branch="false" />
            <line number="310" hits="108" branch="false" />
            <line number="311" hits="108" branch="false" />
            <line number="314" hits="75" branch="false" />
            <line number="315" hits="75" branch="false" />
            <line number="316" hits="75" branch="false" />
            <line number="319" hits="52" branch="false" />
            <line number="320" hits="52" branch="false" />
            <line number="321" hits="52" branch="false" />
            <line number="324" hits="75" branch="false" />
            <line number="325" hits="75" branch="true" condition-coverage="64% (9/14)" />
            <line number="326" hits="75" branch="false" />
            <line number="327" hits="0" branch="false" />
            <line number="328" hits="36" branch="false" />
            <line number="329" hits="4" branch="false" />
            <line number="330" hits="0" branch="false" />
            <line number="331" hits="0" branch="true" condition-coverage="0% (0/2)" />
            <line number="332" hits="0" branch="false" />
            <line number="333" hits="35" branch="false" />
            <line number="334" hits="0" branch="true" condition-coverage="0% (0/2)" />
            <line number="335" hits="75" branch="false" />
            <line number="336" hits="75" branch="false" />
          </lines>
        </class>
        <class name="ParquetLoader.ParquetLoads.WorkflowParquetLoader.WorkflowDto" filename="/Users/rage6c/Documents/dotnet-test-proj/ParquetLoader/ParquetLoads/WorkflowParquetLoader/WorkflowDto.cs" line-rate="1" branch-rate="1" complexity="7">
          <methods>
            <method name="get_Id" signature="()" line-rate="1" branch-rate="1" complexity="1">
              <lines>
                <line number="5" hits="28" branch="false" />
              </lines>
            </method>
            <method name="get_WorkflowId" signature="()" line-rate="1" branch-rate="1" complexity="1">
              <lines>
                <line number="7" hits="20" branch="false" />
              </lines>
            </method>
            <method name="get_Status" signature="()" line-rate="1" branch-rate="1" complexity="1">
              <lines>
                <line number="9" hits="24" branch="false" />
              </lines>
            </method>
            <method name="get_CreatedOn" signature="()" line-rate="1" branch-rate="1" complexity="1">
              <lines>
                <line number="11" hits="16" branch="false" />
              </lines>
            </method>
            <method name="get_Assignee" signature="()" line-rate="1" branch-rate="1" complexity="1">
              <lines>
                <line number="13" hits="24" branch="false" />
              </lines>
            </method>
            <method name="get_UpdatedOn" signature="()" line-rate="1" branch-rate="1" complexity="1">
              <lines>
                <line number="15" hits="20" branch="false" />
              </lines>
            </method>
            <method name="get_MonthOfYear" signature="()" line-rate="1" branch-rate="1" complexity="1">
              <lines>
                <line number="17" hits="24" branch="false" />
              </lines>
            </method>
          </methods>
          <lines>
            <line number="5" hits="28" branch="false" />
            <line number="7" hits="20" branch="false" />
            <line number="9" hits="24" branch="false" />
            <line number="11" hits="16" branch="false" />
            <line number="13" hits="24" branch="false" />
            <line number="15" hits="20" branch="false" />
            <line number="17" hits="24" branch="false" />
          </lines>
        </class>
        <class name="ParquetLoader.ParquetLoads.WorkflowParquetLoader.WorkflowParquetLoader" filename="/Users/rage6c/Documents/dotnet-test-proj/ParquetLoader/ParquetLoads/WorkflowParquetLoader/WorkflowParquetLoader.cs" line-rate="0.9333333333333333" branch-rate="1" complexity="3">
          <methods>
            <method name="get_DatasetName" signature="()" line-rate="1" branch-rate="1" complexity="1">
              <lines>
                <line number="15" hits="2" branch="false" />
              </lines>
            </method>
            <method name="get_ColumnMap" signature="()" line-rate="0" branch-rate="1" complexity="1">
              <lines>
                <line number="17" hits="0" branch="false" />
              </lines>
            </method>
            <method name=".ctor" signature="(ParquetLoader.Configuration.ParquetLoaderConfig,Microsoft.Extensions.Logging.ILogger`1&lt;ParquetLoader.ParquetLoads.WorkflowParquetLoader.WorkflowParquetLoader&gt;)" line-rate="0.9333333333333333" branch-rate="1" complexity="1">
              <lines>
                <line number="11" hits="2" branch="false" />
                <line number="12" hits="2" branch="false" />
                <line number="13" hits="2" branch="false" />
                <line number="15" hits="2" branch="false" />
                <line number="17" hits="0" branch="false" />
                <line number="18" hits="2" branch="false" />
                <line number="19" hits="2" branch="false" />
                <line number="20" hits="2" branch="false" />
                <line number="21" hits="2" branch="false" />
                <line number="22" hits="2" branch="false" />
                <line number="23" hits="2" branch="false" />
                <line number="24" hits="2" branch="false" />
                <line number="25" hits="2" branch="false" />
                <line number="26" hits="2" branch="false" />
                <line number="27" hits="2" branch="false" />
              </lines>
            </method>
          </methods>
          <lines>
            <line number="11" hits="2" branch="false" />
            <line number="12" hits="2" branch="false" />
            <line number="13" hits="2" branch="false" />
            <line number="15" hits="2" branch="false" />
            <line number="17" hits="0" branch="false" />
            <line number="18" hits="2" branch="false" />
            <line number="19" hits="2" branch="false" />
            <line number="20" hits="2" branch="false" />
            <line number="21" hits="2" branch="false" />
            <line number="22" hits="2" branch="false" />
            <line number="23" hits="2" branch="false" />
            <line number="24" hits="2" branch="false" />
            <line number="25" hits="2" branch="false" />
            <line number="26" hits="2" branch="false" />
            <line number="27" hits="2" branch="false" />
          </lines>
        </class>
        <class name="Program" filename="/Users/rage6c/Documents/dotnet-test-proj/ParquetLoader/Program.cs" line-rate="0" branch-rate="0" complexity="8">
          <methods>
            <method name="&lt;Main&gt;$" signature="(System.String[])" line-rate="0" branch-rate="0" complexity="2">
              <lines>
                <line number="10" hits="0" branch="false" />
                <line number="11" hits="0" branch="false" />
                <line number="12" hits="0" branch="false" />
                <line number="13" hits="0" branch="false" />
                <line number="14" hits="0" branch="false" />
                <line number="15" hits="0" branch="false" />
                <line number="17" hits="0" branch="false" />
                <line number="18" hits="0" branch="false" />
                <line number="19" hits="0" branch="false" />
                <line number="20" hits="0" branch="false" />
                <line number="21" hits="0" branch="false" />
                <line number="22" hits="0" branch="false" />
                <line number="23" hits="0" branch="false" />
                <line number="24" hits="0" branch="false" />
                <line number="26" hits="0" branch="false" />
                <line number="27" hits="0" branch="false" />
                <line number="28" hits="0" branch="true" condition-coverage="0% (0/2)" />
                <line number="29" hits="0" branch="false" />
                <line number="30" hits="0" branch="false" />
                <line number="31" hits="0" branch="false" />
                <line number="32" hits="0" branch="false" />
                <line number="33" hits="0" branch="false" />
                <line number="34" hits="0" branch="false" />
                <line number="35" hits="0" branch="false" />
                <line number="36" hits="0" branch="false" />
                <line number="38" hits="0" branch="false" />
                <line number="40" hits="0" branch="false" />
                <line number="41" hits="0" branch="false" />
                <line number="42" hits="0" branch="false" />
                <line number="43" hits="0" branch="false" />
                <line number="44" hits="0" branch="false" />
                <line number="46" hits="0" branch="false" />
                <line number="47" hits="0" branch="false" />
                <line number="48" hits="0" branch="false" />
                <line number="49" hits="0" branch="false" />
                <line number="50" hits="0" branch="false" />
                <line number="51" hits="0" branch="false" />
                <line number="52" hits="0" branch="false" />
                <line number="53" hits="0" branch="false" />
                <line number="54" hits="0" branch="false" />
                <line number="56" hits="0" branch="false" />
                <line number="58" hits="0" branch="false" />
                <line number="59" hits="0" branch="false" />
                <line number="60" hits="0" branch="false" />
                <line number="61" hits="0" branch="false" />
                <line number="63" hits="0" branch="false" />
                <line number="64" hits="0" branch="false" />
                <line number="65" hits="0" branch="false" />
                <line number="66" hits="0" branch="false" />
                <line number="67" hits="0" branch="false" />
                <line number="68" hits="0" branch="false" />
                <line number="69" hits="0" branch="false" />
                <line number="70" hits="0" branch="false" />
                <line number="71" hits="0" branch="false" />
                <line number="72" hits="0" branch="false" />
                <line number="73" hits="0" branch="false" />
              </lines>
            </method>
            <method name="ResolveContentRoot" signature="()" line-rate="0" branch-rate="0" complexity="6">
              <lines>
                <line number="76" hits="0" branch="false" />
                <line number="77" hits="0" branch="false" />
                <line number="78" hits="0" branch="true" condition-coverage="0% (0/2)" />
                <line number="79" hits="0" branch="false" />
                <line number="80" hits="0" branch="false" />
                <line number="83" hits="0" branch="false" />
                <line number="84" hits="0" branch="true" condition-coverage="0% (0/2)" />
                <line number="85" hits="0" branch="false" />
                <line number="86" hits="0" branch="false" />
                <line number="87" hits="0" branch="true" condition-coverage="0% (0/2)" />
                <line number="88" hits="0" branch="false" />
                <line number="89" hits="0" branch="false" />
                <line number="92" hits="0" branch="false" />
                <line number="93" hits="0" branch="false" />
                <line number="95" hits="0" branch="false" />
                <line number="96" hits="0" branch="false" />
              </lines>
            </method>
          </methods>
          <lines>
            <line number="10" hits="0" branch="false" />
            <line number="11" hits="0" branch="false" />
            <line number="12" hits="0" branch="false" />
            <line number="13" hits="0" branch="false" />
            <line number="14" hits="0" branch="false" />
            <line number="15" hits="0" branch="false" />
            <line number="17" hits="0" branch="false" />
            <line number="18" hits="0" branch="false" />
            <line number="19" hits="0" branch="false" />
            <line number="20" hits="0" branch="false" />
            <line number="21" hits="0" branch="false" />
            <line number="22" hits="0" branch="false" />
            <line number="23" hits="0" branch="false" />
            <line number="24" hits="0" branch="false" />
            <line number="26" hits="0" branch="false" />
            <line number="27" hits="0" branch="false" />
            <line number="28" hits="0" branch="true" condition-coverage="0% (0/2)" />
            <line number="29" hits="0" branch="false" />
            <line number="30" hits="0" branch="false" />
            <line number="31" hits="0" branch="false" />
            <line number="32" hits="0" branch="false" />
            <line number="33" hits="0" branch="false" />
            <line number="34" hits="0" branch="false" />
            <line number="35" hits="0" branch="false" />
            <line number="36" hits="0" branch="false" />
            <line number="38" hits="0" branch="false" />
            <line number="40" hits="0" branch="false" />
            <line number="41" hits="0" branch="false" />
            <line number="42" hits="0" branch="false" />
            <line number="43" hits="0" branch="false" />
            <line number="44" hits="0" branch="false" />
            <line number="46" hits="0" branch="false" />
            <line number="47" hits="0" branch="false" />
            <line number="48" hits="0" branch="false" />
            <line number="49" hits="0" branch="false" />
            <line number="50" hits="0" branch="false" />
            <line number="51" hits="0" branch="false" />
            <line number="52" hits="0" branch="false" />
            <line number="53" hits="0" branch="false" />
            <line number="54" hits="0" branch="false" />
            <line number="56" hits="0" branch="false" />
            <line number="58" hits="0" branch="false" />
            <line number="59" hits="0" branch="false" />
            <line number="60" hits="0" branch="false" />
            <line number="61" hits="0" branch="false" />
            <line number="63" hits="0" branch="false" />
            <line number="64" hits="0" branch="false" />
            <line number="65" hits="0" branch="false" />
            <line number="66" hits="0" branch="false" />
            <line number="67" hits="0" branch="false" />
            <line number="68" hits="0" branch="false" />
            <line number="69" hits="0" branch="false" />
            <line number="70" hits="0" branch="false" />
            <line number="71" hits="0" branch="false" />
            <line number="72" hits="0" branch="false" />
            <line number="73" hits="0" branch="false" />
            <line number="76" hits="0" branch="false" />
            <line number="77" hits="0" branch="false" />
            <line number="78" hits="0" branch="true" condition-coverage="0% (0/2)" />
            <line number="79" hits="0" branch="false" />
            <line number="80" hits="0" branch="false" />
            <line number="83" hits="0" branch="false" />
            <line number="84" hits="0" branch="true" condition-coverage="0% (0/2)" />
            <line number="85" hits="0" branch="false" />
            <line number="86" hits="0" branch="false" />
            <line number="87" hits="0" branch="true" condition-coverage="0% (0/2)" />
            <line number="88" hits="0" branch="false" />
            <line number="89" hits="0" branch="false" />
            <line number="92" hits="0" branch="false" />
            <line number="93" hits="0" branch="false" />
            <line number="95" hits="0" branch="false" />
            <line number="96" hits="0" branch="false" />
          </lines>
        </class>
      </classes>
    </package>
    <package name="PgDuckDump" line-rate="0.7511737089201878" branch-rate="0.5946745562130178" complexity="386">
      <classes>
        <class name="PgDuckDump.Configuration.DuckDbOptions" filename="/Users/rage6c/Documents/dotnet-test-proj/PgDuckDump/Configuration/DuckDbOptions.cs" line-rate="1" branch-rate="1" complexity="7">
          <methods>
            <method name="get_DatabasePath" signature="()" line-rate="1" branch-rate="1" complexity="1">
              <lines>
                <line number="5" hits="63" branch="false" />
              </lines>
            </method>
            <method name="get_OutputRoot" signature="()" line-rate="1" branch-rate="1" complexity="1">
              <lines>
                <line number="7" hits="111" branch="false" />
              </lines>
            </method>
            <method name="get_TempDirectory" signature="()" line-rate="1" branch-rate="1" complexity="1">
              <lines>
                <line number="9" hits="3" branch="false" />
              </lines>
            </method>
            <method name="get_MemoryLimit" signature="()" line-rate="1" branch-rate="1" complexity="1">
              <lines>
                <line number="11" hits="63" branch="false" />
              </lines>
            </method>
            <method name="get_Threads" signature="()" line-rate="1" branch-rate="1" complexity="1">
              <lines>
                <line number="13" hits="99" branch="false" />
              </lines>
            </method>
            <method name="get_RowGroupSize" signature="()" line-rate="1" branch-rate="1" complexity="1">
              <lines>
                <line number="15" hits="106" branch="false" />
              </lines>
            </method>
            <method name="get_Compression" signature="()" line-rate="1" branch-rate="1" complexity="1">
              <lines>
                <line number="17" hits="103" branch="false" />
              </lines>
            </method>
          </methods>
          <lines>
            <line number="5" hits="63" branch="false" />
            <line number="7" hits="111" branch="false" />
            <line number="9" hits="3" branch="false" />
            <line number="11" hits="63" branch="false" />
            <line number="13" hits="99" branch="false" />
            <line number="15" hits="106" branch="false" />
            <line number="17" hits="103" branch="false" />
          </lines>
        </class>
        <class name="PgDuckDump.Configuration.DumpOptions" filename="/Users/rage6c/Documents/dotnet-test-proj/PgDuckDump/Configuration/DumpOptions.cs" line-rate="1" branch-rate="1" complexity="5">
          <methods>
            <method name="get_Month" signature="()" line-rate="1" branch-rate="1" complexity="1">
              <lines>
                <line number="5" hits="60" branch="false" />
              </lines>
            </method>
            <method name="get_OverwritePartition" signature="()" line-rate="1" branch-rate="1" complexity="1">
              <lines>
                <line number="7" hits="54" branch="false" />
              </lines>
            </method>
            <method name="get_DeleteSourceAfterWrite" signature="()" line-rate="1" branch-rate="1" complexity="1">
              <lines>
                <line number="9" hits="57" branch="false" />
              </lines>
            </method>
            <method name="get_EnableRowCount" signature="()" line-rate="1" branch-rate="1" complexity="1">
              <lines>
                <line number="11" hits="53" branch="false" />
              </lines>
            </method>
            <method name="get_Tables" signature="()" line-rate="1" branch-rate="1" complexity="1">
              <lines>
                <line number="13" hits="177" branch="false" />
              </lines>
            </method>
          </methods>
          <lines>
            <line number="5" hits="60" branch="false" />
            <line number="7" hits="54" branch="false" />
            <line number="9" hits="57" branch="false" />
            <line number="11" hits="53" branch="false" />
            <line number="13" hits="177" branch="false" />
          </lines>
        </class>
        <class name="PgDuckDump.Configuration.PostgresOptions" filename="/Users/rage6c/Documents/dotnet-test-proj/PgDuckDump/Configuration/PostgresOptions.cs" line-rate="1" branch-rate="1" complexity="2">
          <methods>
            <method name="get_ConnectionString" signature="()" line-rate="1" branch-rate="1" complexity="1">
              <lines>
                <line number="5" hits="105" branch="false" />
              </lines>
            </method>
            <method name="get_AttachAlias" signature="()" line-rate="1" branch-rate="1" complexity="1">
              <lines>
                <line number="7" hits="176" branch="false" />
              </lines>
            </method>
          </methods>
          <lines>
            <line number="5" hits="105" branch="false" />
            <line number="7" hits="176" branch="false" />
          </lines>
        </class>
        <class name="PgDuckDump.Configuration.TableDumpOptions" filename="/Users/rage6c/Documents/dotnet-test-proj/PgDuckDump/Configuration/TableDumpOptions.cs" line-rate="1" branch-rate="1" complexity="6">
          <methods>
            <method name="get_Name" signature="()" line-rate="1" branch-rate="1" complexity="1">
              <lines>
                <line number="5" hits="105" branch="false" />
              </lines>
            </method>
            <method name="get_SourceSchema" signature="()" line-rate="1" branch-rate="1" complexity="1">
              <lines>
                <line number="7" hits="104" branch="false" />
              </lines>
            </method>
            <method name="get_SourceTable" signature="()" line-rate="1" branch-rate="1" complexity="1">
              <lines>
                <line number="9" hits="104" branch="false" />
              </lines>
            </method>
            <method name="get_OutputName" signature="()" line-rate="1" branch-rate="1" complexity="1">
              <lines>
                <line number="11" hits="112" branch="false" />
              </lines>
            </method>
            <method name="get_DateColumn" signature="()" line-rate="1" branch-rate="1" complexity="1">
              <lines>
                <line number="13" hits="124" branch="false" />
              </lines>
            </method>
            <method name="get_AdditionalWhere" signature="()" line-rate="1" branch-rate="1" complexity="1">
              <lines>
                <line number="15" hits="121" branch="false" />
              </lines>
            </method>
          </methods>
          <lines>
            <line number="5" hits="105" branch="false" />
            <line number="7" hits="104" branch="false" />
            <line number="9" hits="104" branch="false" />
            <line number="11" hits="112" branch="false" />
            <line number="13" hits="124" branch="false" />
            <line number="15" hits="121" branch="false" />
          </lines>
        </class>
        <class name="PgDuckDump.Services.DbDumpService" filename="/Users/rage6c/Documents/dotnet-test-proj/PgDuckDump/Services/DbDumpService.cs" line-rate="1" branch-rate="0.9772727272727273" complexity="51">
          <methods>
            <method name="RunAsync" signature="(System.Threading.CancellationToken)" line-rate="1" branch-rate="1" complexity="2">
              <lines>
                <line number="21" hits="42" branch="false" />
                <line number="23" hits="42" branch="false" />
                <line number="24" hits="42" branch="false" />
                <line number="26" hits="12" branch="false" />
                <line number="27" hits="12" branch="false" />
                <line number="29" hits="12" branch="false" />
                <line number="30" hits="12" branch="false" />
                <line number="32" hits="12" branch="false" />
                <line number="33" hits="12" branch="false" />
                <line number="34" hits="12" branch="false" />
                <line number="35" hits="12" branch="false" />
                <line number="36" hits="12" branch="false" />
                <line number="37" hits="12" branch="false" />
                <line number="39" hits="54" branch="true" condition-coverage="100% (2/2)" />
                <line number="40" hits="12" branch="false" />
                <line number="41" hits="12" branch="false" />
                <line number="42" hits="10" branch="false" />
                <line number="43" hits="6" branch="false" />
                <line number="45" hits="6" branch="false" />
                <line number="46" hits="6" branch="false" />
                <line number="48" hits="30" branch="false" />
                <line number="49" hits="30" branch="false" />
                <line number="50" hits="30" branch="false" />
                <line number="51" hits="30" branch="false" />
                <line number="53" hits="2" branch="false" />
                <line number="54" hits="2" branch="false" />
                <line number="55" hits="2" branch="false" />
                <line number="56" hits="2" branch="false" />
                <line number="58" hits="4" branch="false" />
                <line number="59" hits="4" branch="false" />
                <line number="60" hits="4" branch="false" />
                <line number="61" hits="4" branch="false" />
                <line number="63" hits="42" branch="false" />
              </lines>
            </method>
            <method name="DumpTable" signature="(PgDuckDump.Configuration.TableDumpOptions,PgDuckDump.Services.DumpMonth,System.String)" line-rate="1" branch-rate="0.9285714285714286" complexity="14">
              <lines>
                <line number="66" hits="10" branch="false" />
                <line number="67" hits="10" branch="false" />
                <line number="68" hits="10" branch="false" />
                <line number="69" hits="10" branch="false" />
                <line number="70" hits="10" branch="true" condition-coverage="100% (4/4)" />
                <line number="71" hits="10" branch="false" />
                <line number="72" hits="10" branch="false" />
                <line number="74" hits="10" branch="false" />
                <line number="75" hits="10" branch="false" />
                <line number="76" hits="10" branch="false" />
                <line number="77" hits="10" branch="false" />
                <line number="79" hits="10" branch="false" />
                <line number="81" hits="10" branch="false" />
                <line number="82" hits="10" branch="false" />
                <line number="83" hits="10" branch="false" />
                <line number="84" hits="10" branch="false" />
                <line number="86" hits="8" branch="false" />
                <line number="88" hits="8" branch="false" />
                <line number="89" hits="8" branch="true" condition-coverage="100% (2/2)" />
                <line number="90" hits="4" branch="false" />
                <line number="91" hits="4" branch="false" />
                <line number="92" hits="4" branch="true" condition-coverage="75% (3/4)" />
                <line number="93" hits="2" branch="false" />
                <line number="94" hits="2" branch="false" />
                <line number="95" hits="2" branch="false" />
                <line number="97" hits="2" branch="false" />
                <line number="99" hits="6" branch="true" condition-coverage="100% (4/4)" />
                <line number="100" hits="4" branch="false" />
                <line number="101" hits="4" branch="false" />
                <line number="102" hits="4" branch="false" />
                <line number="103" hits="4" branch="false" />
                <line number="104" hits="4" branch="false" />
                <line number="105" hits="4" branch="false" />
                <line number="106" hits="4" branch="false" />
                <line number="107" hits="4" branch="false" />
                <line number="110" hits="2" branch="false" />
                <line number="111" hits="2" branch="false" />
                <line number="112" hits="2" branch="false" />
                <line number="113" hits="2" branch="false" />
                <line number="114" hits="6" branch="false" />
              </lines>
            </method>
            <method name="BuildMonthlySelect" signature="(PgDuckDump.Configuration.TableDumpOptions,PgDuckDump.Services.DumpMonth)" line-rate="1" branch-rate="1" complexity="1">
              <lines>
                <line number="117" hits="13" branch="false" />
                <line number="118" hits="13" branch="false" />
                <line number="119" hits="13" branch="false" />
                <line number="120" hits="13" branch="false" />
                <line number="121" hits="13" branch="false" />
                <line number="122" hits="13" branch="false" />
                <line number="123" hits="13" branch="false" />
                <line number="124" hits="13" branch="false" />
              </lines>
            </method>
            <method name="BuildMonthlyDelete" signature="(PgDuckDump.Configuration.TableDumpOptions,PgDuckDump.Services.DumpMonth)" line-rate="1" branch-rate="1" complexity="1">
              <lines>
                <line number="127" hits="7" branch="false" />
                <line number="128" hits="7" branch="false" />
                <line number="129" hits="7" branch="false" />
                <line number="130" hits="7" branch="false" />
                <line number="131" hits="7" branch="false" />
                <line number="132" hits="7" branch="false" />
                <line number="133" hits="7" branch="false" />
              </lines>
            </method>
            <method name="PreparePartitionDirectory" signature="(System.String)" line-rate="1" branch-rate="1" complexity="4">
              <lines>
                <line number="136" hits="19" branch="false" />
                <line number="137" hits="19" branch="true" condition-coverage="100% (2/2)" />
                <line number="138" hits="13" branch="false" />
                <line number="139" hits="13" branch="false" />
                <line number="142" hits="6" branch="true" condition-coverage="100% (2/2)" />
                <line number="143" hits="3" branch="false" />
                <line number="144" hits="3" branch="false" />
                <line number="145" hits="3" branch="false" />
                <line number="148" hits="3" branch="false" />
                <line number="149" hits="16" branch="false" />
              </lines>
            </method>
            <method name="VerifyParquetOutput" signature="(System.String)" line-rate="1" branch-rate="1" complexity="4">
              <lines>
                <line number="152" hits="17" branch="false" />
                <line number="153" hits="17" branch="true" condition-coverage="100% (2/2)" />
                <line number="154" hits="3" branch="false" />
                <line number="155" hits="3" branch="false" />
                <line number="158" hits="14" branch="false" />
                <line number="159" hits="14" branch="false" />
                <line number="160" hits="28" branch="false" />
                <line number="162" hits="14" branch="true" condition-coverage="100% (2/2)" />
                <line number="163" hits="3" branch="false" />
                <line number="164" hits="3" branch="false" />
                <line number="166" hits="11" branch="false" />
              </lines>
            </method>
            <method name="ValidateConfiguration" signature="()" line-rate="1" branch-rate="1" complexity="16">
              <lines>
                <line number="169" hits="42" branch="false" />
                <line number="170" hits="42" branch="true" condition-coverage="100% (2/2)" />
                <line number="171" hits="3" branch="false" />
                <line number="172" hits="3" branch="false" />
                <line number="175" hits="39" branch="true" condition-coverage="100% (2/2)" />
                <line number="176" hits="3" branch="false" />
                <line number="177" hits="3" branch="false" />
                <line number="180" hits="36" branch="true" condition-coverage="100% (2/2)" />
                <line number="181" hits="3" branch="false" />
                <line number="182" hits="3" branch="false" />
                <line number="185" hits="33" branch="true" condition-coverage="100% (2/2)" />
                <line number="186" hits="3" branch="false" />
                <line number="187" hits="3" branch="false" />
                <line number="190" hits="30" branch="true" condition-coverage="100% (2/2)" />
                <line number="191" hits="3" branch="false" />
                <line number="192" hits="3" branch="false" />
                <line number="195" hits="27" branch="true" condition-coverage="100% (2/2)" />
                <line number="196" hits="3" branch="false" />
                <line number="197" hits="3" branch="false" />
                <line number="200" hits="24" branch="true" condition-coverage="100% (2/2)" />
                <line number="201" hits="3" branch="false" />
                <line number="202" hits="3" branch="false" />
                <line number="205" hits="96" branch="true" condition-coverage="100% (2/2)" />
                <line number="206" hits="21" branch="false" />
                <line number="207" hits="21" branch="false" />
                <line number="208" hits="12" branch="false" />
                <line number="209" hits="12" branch="false" />
              </lines>
            </method>
            <method name="ValidateTable" signature="(PgDuckDump.Configuration.TableDumpOptions)" line-rate="1" branch-rate="1" complexity="1">
              <lines>
                <line number="212" hits="21" branch="false" />
                <line number="213" hits="21" branch="false" />
                <line number="214" hits="18" branch="false" />
                <line number="215" hits="18" branch="false" />
                <line number="216" hits="18" branch="false" />
                <line number="217" hits="18" branch="false" />
                <line number="220" hits="18" branch="false" />
                <line number="221" hits="18" branch="false" />
                <line number="222" hits="15" branch="false" />
                <line number="223" hits="12" branch="false" />
                <line number="224" hits="6" branch="false" />
                <line number="225" hits="6" branch="false" />
                <line number="226" hits="6" branch="false" />
                <line number="228" hits="12" branch="false" />
              </lines>
            </method>
            <method name="Require" signature="(System.String,System.String)" line-rate="1" branch-rate="1" complexity="2">
              <lines>
                <line number="231" hits="93" branch="false" />
                <line number="232" hits="93" branch="true" condition-coverage="100% (2/2)" />
                <line number="233" hits="3" branch="false" />
                <line number="234" hits="3" branch="false" />
                <line number="236" hits="90" branch="false" />
              </lines>
            </method>
            <method name="BuildAttachedTableName" signature="(PgDuckDump.Configuration.TableDumpOptions)" line-rate="1" branch-rate="1" complexity="1">
              <lines>
                <line number="239" hits="20" branch="false" />
                <line number="240" hits="20" branch="false" />
                <line number="241" hits="20" branch="false" />
                <line number="242" hits="20" branch="false" />
              </lines>
            </method>
            <method name="BuildMonthlyWhereClause" signature="(PgDuckDump.Configuration.TableDumpOptions,PgDuckDump.Services.DumpMonth)" line-rate="1" branch-rate="1" complexity="2">
              <lines>
                <line number="245" hits="20" branch="false" />
                <line number="246" hits="20" branch="false" />
                <line number="247" hits="20" branch="false" />
                <line number="248" hits="20" branch="false" />
                <line number="249" hits="20" branch="false" />
                <line number="250" hits="20" branch="false" />
                <line number="252" hits="20" branch="true" condition-coverage="100% (2/2)" />
                <line number="253" hits="20" branch="false" />
                <line number="254" hits="20" branch="false" />
                <line number="255" hits="20" branch="false" />
                <line number="257" hits="20" branch="false" />
                <line number="258" hits="20" branch="false" />
              </lines>
            </method>
            <method name="FormatTimestamp" signature="(System.DateTime)" line-rate="1" branch-rate="1" complexity="1">
              <lines>
                <line number="260" hits="40" branch="false" />
              </lines>
            </method>
            <method name=".ctor" signature="(Microsoft.Extensions.Options.IOptions`1&lt;PgDuckDump.Configuration.PostgresOptions&gt;,Microsoft.Extensions.Options.IOptions`1&lt;PgDuckDump.Configuration.DuckDbOptions&gt;,Microsoft.Extensions.Options.IOptions`1&lt;PgDuckDump.Configuration.DumpOptions&gt;,PgDuckDump.Utilities.IDuckDbProcessor,System.TimeProvider,Microsoft.Extensions.Logging.ILogger`1&lt;PgDuckDump.Services.DbDumpService&gt;)" line-rate="1" branch-rate="1" complexity="1">
              <lines>
                <line number="8" hits="57" branch="false" />
                <line number="9" hits="57" branch="false" />
                <line number="10" hits="57" branch="false" />
                <line number="11" hits="57" branch="false" />
                <line number="12" hits="57" branch="false" />
                <line number="13" hits="57" branch="false" />
                <line number="14" hits="57" branch="false" />
                <line number="16" hits="57" branch="false" />
                <line number="17" hits="57" branch="false" />
                <line number="18" hits="57" branch="false" />
              </lines>
            </method>
            <method name=".ctor" signature="(Microsoft.Extensions.Options.IOptions`1&lt;PgDuckDump.Configuration.PostgresOptions&gt;,Microsoft.Extensions.Options.IOptions`1&lt;PgDuckDump.Configuration.DuckDbOptions&gt;,Microsoft.Extensions.Options.IOptions`1&lt;PgDuckDump.Configuration.DumpOptions&gt;,PgDuckDump.Utilities.DuckDbProcessor,System.TimeProvider,Microsoft.Extensions.Logging.ILogger`1&lt;PgDuckDump.Services.DbDumpService&gt;)" line-rate="1" branch-rate="1" complexity="1">
              <lines>
                <line number="8" hits="57" branch="false" />
                <line number="9" hits="57" branch="false" />
                <line number="10" hits="57" branch="false" />
                <line number="11" hits="57" branch="false" />
                <line number="12" hits="57" branch="false" />
                <line number="13" hits="57" branch="false" />
                <line number="14" hits="57" branch="false" />
                <line number="16" hits="57" branch="false" />
                <line number="17" hits="57" branch="false" />
                <line number="18" hits="57" branch="false" />
              </lines>
            </method>
          </methods>
          <lines>
            <line number="8" hits="57" branch="false" />
            <line number="9" hits="57" branch="false" />
            <line number="10" hits="57" branch="false" />
            <line number="11" hits="57" branch="false" />
            <line number="12" hits="57" branch="false" />
            <line number="13" hits="57" branch="false" />
            <line number="14" hits="57" branch="false" />
            <line number="16" hits="57" branch="false" />
            <line number="17" hits="57" branch="false" />
            <line number="18" hits="57" branch="false" />
            <line number="21" hits="42" branch="false" />
            <line number="23" hits="42" branch="false" />
            <line number="24" hits="42" branch="false" />
            <line number="26" hits="12" branch="false" />
            <line number="27" hits="12" branch="false" />
            <line number="29" hits="12" branch="false" />
            <line number="30" hits="12" branch="false" />
            <line number="32" hits="12" branch="false" />
            <line number="33" hits="12" branch="false" />
            <line number="34" hits="12" branch="false" />
            <line number="35" hits="12" branch="false" />
            <line number="36" hits="12" branch="false" />
            <line number="37" hits="12" branch="false" />
            <line number="39" hits="54" branch="true" condition-coverage="100% (2/2)" />
            <line number="40" hits="12" branch="false" />
            <line number="41" hits="12" branch="false" />
            <line number="42" hits="10" branch="false" />
            <line number="43" hits="6" branch="false" />
            <line number="45" hits="6" branch="false" />
            <line number="46" hits="6" branch="false" />
            <line number="48" hits="30" branch="false" />
            <line number="49" hits="30" branch="false" />
            <line number="50" hits="30" branch="false" />
            <line number="51" hits="30" branch="false" />
            <line number="53" hits="2" branch="false" />
            <line number="54" hits="2" branch="false" />
            <line number="55" hits="2" branch="false" />
            <line number="56" hits="2" branch="false" />
            <line number="58" hits="4" branch="false" />
            <line number="59" hits="4" branch="false" />
            <line number="60" hits="4" branch="false" />
            <line number="61" hits="4" branch="false" />
            <line number="63" hits="42" branch="false" />
            <line number="66" hits="10" branch="false" />
            <line number="67" hits="10" branch="false" />
            <line number="68" hits="10" branch="false" />
            <line number="69" hits="10" branch="false" />
            <line number="70" hits="10" branch="true" condition-coverage="100% (4/4)" />
            <line number="71" hits="10" branch="false" />
            <line number="72" hits="10" branch="false" />
            <line number="74" hits="10" branch="false" />
            <line number="75" hits="10" branch="false" />
            <line number="76" hits="10" branch="false" />
            <line number="77" hits="10" branch="false" />
            <line number="79" hits="10" branch="false" />
            <line number="81" hits="10" branch="false" />
            <line number="82" hits="10" branch="false" />
            <line number="83" hits="10" branch="false" />
            <line number="84" hits="10" branch="false" />
            <line number="86" hits="8" branch="false" />
            <line number="88" hits="8" branch="false" />
            <line number="89" hits="8" branch="true" condition-coverage="100% (2/2)" />
            <line number="90" hits="4" branch="false" />
            <line number="91" hits="4" branch="false" />
            <line number="92" hits="4" branch="true" condition-coverage="75% (3/4)" />
            <line number="93" hits="2" branch="false" />
            <line number="94" hits="2" branch="false" />
            <line number="95" hits="2" branch="false" />
            <line number="97" hits="2" branch="false" />
            <line number="99" hits="6" branch="true" condition-coverage="100% (4/4)" />
            <line number="100" hits="4" branch="false" />
            <line number="101" hits="4" branch="false" />
            <line number="102" hits="4" branch="false" />
            <line number="103" hits="4" branch="false" />
            <line number="104" hits="4" branch="false" />
            <line number="105" hits="4" branch="false" />
            <line number="106" hits="4" branch="false" />
            <line number="107" hits="4" branch="false" />
            <line number="110" hits="2" branch="false" />
            <line number="111" hits="2" branch="false" />
            <line number="112" hits="2" branch="false" />
            <line number="113" hits="2" branch="false" />
            <line number="114" hits="6" branch="false" />
            <line number="117" hits="13" branch="false" />
            <line number="118" hits="13" branch="false" />
            <line number="119" hits="13" branch="false" />
            <line number="120" hits="13" branch="false" />
            <line number="121" hits="13" branch="false" />
            <line number="122" hits="13" branch="false" />
            <line number="123" hits="13" branch="false" />
[...]
            <line number="318" hits="2" branch="false" />
            <line number="321" hits="2" branch="true" condition-coverage="50% (1/2)" />
            <line number="322" hits="0" branch="false" />
            <line number="323" hits="0" branch="false" />
            <line number="324" hits="0" branch="false" />
            <line number="329" hits="2" branch="false" />
            <line number="333" hits="2" branch="false" />
            <line number="334" hits="2" branch="false" />
            <line number="338" hits="2" branch="true" condition-coverage="50% (2/4)" />
            <line number="339" hits="2" branch="false" />
            <line number="340" hits="2" branch="false" />
            <line number="341" hits="2" branch="false" />
            <line number="344" hits="0" branch="false" />
            <line number="345" hits="0" branch="false" />
            <line number="346" hits="0" branch="false" />
            <line number="347" hits="0" branch="false" />
            <line number="349" hits="2" branch="false" />
            <line number="350" hits="2" branch="false" />
            <line number="351" hits="2" branch="false" />
            <line number="352" hits="2" branch="false" />
            <line number="357" hits="2" branch="true" condition-coverage="50% (2/4)" />
            <line number="358" hits="2" branch="false" />
            <line number="359" hits="2" branch="false" />
            <line number="360" hits="2" branch="false" />
            <line number="363" hits="0" branch="false" />
            <line number="364" hits="0" branch="false" />
            <line number="365" hits="0" branch="false" />
            <line number="366" hits="0" branch="false" />
            <line number="368" hits="2" branch="false" />
            <line number="369" hits="2" branch="false" />
            <line number="370" hits="2" branch="false" />
            <line number="371" hits="2" branch="false" />
            <line number="377" hits="2" branch="true" condition-coverage="75% (3/4)" />
            <line number="378" hits="1" branch="false" />
            <line number="379" hits="1" branch="false" />
            <line number="384" hits="1" branch="true" condition-coverage="50% (1/2)" />
            <line number="385" hits="0" branch="false" />
            <line number="386" hits="0" branch="false" />
            <line number="389" hits="1" branch="true" condition-coverage="50% (5/10)" />
            <line number="393" hits="1" branch="true" condition-coverage="50% (2/4)" />
            <line number="394" hits="1" branch="false" />
            <line number="395" hits="0" branch="false" />
            <line number="396" hits="0" branch="false" />
            <line number="399" hits="1" branch="false" />
            <line number="400" hits="1" branch="false" />
            <line number="401" hits="1" branch="false" />
            <line number="405" hits="0" branch="true" condition-coverage="0% (0/4)" />
            <line number="406" hits="0" branch="false" />
            <line number="407" hits="0" branch="false" />
            <line number="408" hits="0" branch="false" />
            <line number="411" hits="0" branch="false" />
            <line number="412" hits="0" branch="false" />
            <line number="413" hits="0" branch="false" />
            <line number="416" hits="0" branch="false" />
            <line number="420" hits="1" branch="false" />
            <line number="421" hits="1" branch="false" />
            <line number="423" hits="1" branch="false" />
            <line number="424" hits="1" branch="false" />
            <line number="425" hits="1" branch="false" />
            <line number="426" hits="1" branch="false" />
            <line number="431" hits="1" branch="true" condition-coverage="50% (2/4)" />
            <line number="432" hits="1" branch="false" />
            <line number="433" hits="1" branch="false" />
            <line number="434" hits="1" branch="false" />
            <line number="437" hits="0" branch="false" />
            <line number="438" hits="0" branch="false" />
            <line number="439" hits="0" branch="false" />
            <line number="440" hits="0" branch="false" />
            <line number="442" hits="1" branch="false" />
            <line number="443" hits="1" branch="false" />
            <line number="444" hits="1" branch="false" />
            <line number="445" hits="1" branch="false" />
            <line number="450" hits="1" branch="true" condition-coverage="50% (2/4)" />
            <line number="451" hits="1" branch="false" />
            <line number="452" hits="1" branch="false" />
            <line number="453" hits="1" branch="false" />
            <line number="456" hits="0" branch="false" />
            <line number="457" hits="0" branch="false" />
            <line number="458" hits="0" branch="false" />
            <line number="459" hits="0" branch="false" />
            <line number="461" hits="1" branch="false" />
            <line number="462" hits="1" branch="false" />
            <line number="463" hits="1" branch="false" />
            <line number="464" hits="1" branch="false" />
            <line number="469" hits="1" branch="true" condition-coverage="50% (2/4)" />
            <line number="470" hits="1" branch="false" />
            <line number="471" hits="1" branch="false" />
            <line number="472" hits="1" branch="false" />
            <line number="475" hits="0" branch="false" />
            <line number="476" hits="0" branch="false" />
            <line number="477" hits="0" branch="false" />
            <line number="478" hits="0" branch="false" />
            <line number="480" hits="1" branch="false" />
            <line number="481" hits="1" branch="false" />
            <line number="482" hits="1" branch="false" />
            <line number="483" hits="1" branch="false" />
            <line number="488" hits="1" branch="true" condition-coverage="50% (2/4)" />
            <line number="489" hits="1" branch="false" />
            <line number="490" hits="1" branch="false" />
            <line number="491" hits="1" branch="false" />
            <line number="494" hits="0" branch="false" />
            <line number="495" hits="0" branch="false" />
            <line number="496" hits="0" branch="false" />
            <line number="497" hits="0" branch="false" />
            <line number="499" hits="1" branch="false" />
            <line number="500" hits="1" branch="false" />
            <line number="501" hits="1" branch="false" />
            <line number="502" hits="1" branch="false" />
            <line number="508" hits="1" branch="true" condition-coverage="50% (2/4)" />
            <line number="509" hits="0" branch="false" />
            <line number="510" hits="0" branch="false" />
            <line number="515" hits="1" branch="true" condition-coverage="50% (1/2)" />
            <line number="516" hits="0" branch="false" />
            <line number="517" hits="0" branch="false" />
            <line number="520" hits="1" branch="true" condition-coverage="40% (4/10)" />
            <line number="524" hits="1" branch="true" condition-coverage="50% (2/4)" />
            <line number="525" hits="1" branch="false" />
            <line number="526" hits="0" branch="false" />
            <line number="527" hits="0" branch="false" />
            <line number="530" hits="1" branch="false" />
            <line number="531" hits="1" branch="false" />
            <line number="532" hits="1" branch="false" />
            <line number="537" hits="0" branch="false" />
            <line number="538" hits="0" branch="true" condition-coverage="0% (0/6)" />
            <line number="539" hits="0" branch="false" />
            <line number="540" hits="0" branch="false" />
            <line number="541" hits="0" branch="false" />
            <line number="542" hits="0" branch="false" />
            <line number="544" hits="0" branch="false" />
            <line number="546" hits="0" branch="false" />
            <line number="547" hits="0" branch="false" />
            <line number="548" hits="0" branch="false" />
            <line number="551" hits="0" branch="false" />
            <line number="555" hits="1" branch="false" />
            <line number="556" hits="1" branch="false" />
            <line number="558" hits="0" branch="false" />
            <line number="559" hits="0" branch="false" />
            <line number="560" hits="0" branch="false" />
            <line number="561" hits="0" branch="false" />
            <line number="566" hits="0" branch="true" condition-coverage="0% (0/4)" />
            <line number="567" hits="0" branch="false" />
            <line number="568" hits="0" branch="false" />
            <line number="569" hits="0" branch="false" />
            <line number="570" hits="0" branch="false" />
            <line number="573" hits="0" branch="false" />
            <line number="574" hits="0" branch="false" />
            <line number="575" hits="0" branch="false" />
            <line number="576" hits="0" branch="false" />
            <line number="579" hits="0" branch="false" />
            <line number="580" hits="0" branch="true" condition-coverage="0% (0/2)" />
            <line number="581" hits="0" branch="false" />
            <line number="582" hits="0" branch="false" />
            <line number="583" hits="0" branch="false" />
            <line number="585" hits="0" branch="true" condition-coverage="80% (8/10)" />
            <line number="588" hits="0" branch="false" />
            <line number="590" hits="0" branch="false" />
            <line number="592" hits="0" branch="false" />
            <line number="594" hits="0" branch="false" />
            <line number="596" hits="0" branch="false" />
            <line number="598" hits="0" branch="false" />
            <line number="600" hits="0" branch="false" />
            <line number="602" hits="0" branch="false" />
            <line number="604" hits="0" branch="false" />
            <line number="605" hits="0" branch="false" />
            <line number="608" hits="4" branch="false" />
            <line number="611" hits="2" branch="false" />
            <line number="613" hits="2" branch="false" />
            <line number="615" hits="0" branch="false" />
            <line number="616" hits="0" branch="false" />
            <line number="618" hits="4" branch="false" />
            <line number="622" hits="2" branch="true" condition-coverage="50% (1/2)" />
            <line number="623" hits="0" branch="false" />
            <line number="624" hits="0" branch="false" />
            <line number="628" hits="2" branch="false" />
            <line number="629" hits="2" branch="false" />
            <line number="630" hits="2" branch="false" />
            <line number="635" hits="9" branch="false" />
            <line number="636" hits="9" branch="true" condition-coverage="50% (1/2)" />
            <line number="637" hits="0" branch="false" />
            <line number="638" hits="0" branch="false" />
            <line number="639" hits="0" branch="false" />
            <line number="640" hits="9" branch="false" />
            <line number="641" hits="2" branch="false" />
          </lines>
        </class>
        <class name="System.Text.RegularExpressions.Generated.&lt;RegexGenerator_g&gt;F410866BB150844725AC495FE3A698E2EF574A5A9842CD20BADE3F842771B4C91__SafePathSegmentRegex_0" filename="/Users/rage6c/Documents/dotnet-test-proj/PgDuckDump/obj/Debug/net10.0/System.Text.RegularExpressions.Generator/System.Text.RegularExpressions.Generator.RegexGenerator/RegexGenerator.g.cs" line-rate="0.8703703703703703" branch-rate="0.7" complexity="23">
          <methods>
            <method name=".ctor" signature="()" line-rate="1" branch-rate="1" complexity="1">
              <lines>
                <line number="138" hits="1" branch="false" />
                <line number="139" hits="1" branch="false" />
                <line number="140" hits="1" branch="false" />
                <line number="141" hits="1" branch="false" />
                <line number="142" hits="1" branch="false" />
                <line number="143" hits="1" branch="false" />
                <line number="144" hits="1" branch="false" />
                <line number="145" hits="1" branch="false" />
                <line number="146" hits="1" branch="false" />
              </lines>
            </method>
            <method name=".cctor" signature="()" line-rate="1" branch-rate="1" complexity="1">
              <lines>
                <line number="135" hits="1" branch="false" />
              </lines>
            </method>
            <method name="CreateInstance" signature="()" line-rate="1" branch-rate="1" complexity="1">
              <lines>
                <line number="152" hits="2" branch="false" />
              </lines>
            </method>
            <method name="Scan" signature="(System.ReadOnlySpan`1&lt;System.Char&gt;)" line-rate="1" branch-rate="0.75" complexity="4">
              <lines>
                <line number="160" hits="8" branch="false" />
                <line number="162" hits="8" branch="true" condition-coverage="75% (3/4)" />
                <line number="163" hits="3" branch="false" />
                <line number="164" hits="3" branch="false" />
                <line number="165" hits="3" branch="false" />
                <line number="166" hits="8" branch="false" />
              </lines>
            </method>
            <method name="TryFindNextPossibleStartingPosition" signature="(System.ReadOnlySpan`1&lt;System.Char&gt;)" line-rate="0.7272727272727273" branch-rate="0.5" complexity="4">
              <lines>
                <line number="172" hits="8" branch="false" />
                <line number="173" hits="8" branch="false" />
                <line number="176" hits="8" branch="true" condition-coverage="50% (1/2)" />
                <line number="177" hits="8" branch="false" />
                <line number="179" hits="8" branch="true" condition-coverage="50% (1/2)" />
                <line number="180" hits="8" branch="false" />
                <line number="181" hits="8" branch="false" />
                <line number="183" hits="0" branch="false" />
                <line number="186" hits="0" branch="false" />
                <line number="187" hits="0" branch="false" />
                <line number="188" hits="8" branch="false" />
              </lines>
            </method>
            <method name="TryMatchAtCurrentPosition" signature="(System.ReadOnlySpan`1&lt;System.Char&gt;)" line-rate="0.8461538461538461" branch-rate="0.75" complexity="12">
              <lines>
                <line number="194" hits="8" branch="false" />
                <line number="195" hits="8" branch="false" />
                <line number="196" hits="8" branch="false" />
                <line number="197" hits="8" branch="false" />
                <line number="200" hits="8" branch="true" condition-coverage="50% (1/2)" />
                <line number="201" hits="0" branch="false" />
                <line number="202" hits="0" branch="false" />
                <line number="206" hits="8" branch="false" />
                <line number="207" hits="8" branch="false" />
                <line number="208" hits="8" branch="true" condition-coverage="100% (2/2)" />
                <line number="209" hits="5" branch="false" />
                <line number="210" hits="5" branch="false" />
                <line number="211" hits="5" branch="false" />
                <line number="213" hits="8" branch="true" condition-coverage="50% (1/2)" />
                <line number="214" hits="0" branch="false" />
                <line number="215" hits="0" branch="false" />
                <line number="218" hits="8" branch="false" />
                <line number="219" hits="8" branch="false" />
                <line number="220" hits="8" branch="false" />
                <line number="223" hits="8" branch="true" condition-coverage="83% (5/6)" />
                <line number="224" hits="3" branch="false" />
                <line number="225" hits="3" branch="false" />
                <line number="229" hits="5" branch="false" />
                <line number="230" hits="5" branch="false" />
                <line number="231" hits="5" branch="false" />
                <line number="232" hits="8" branch="false" />
              </lines>
            </method>
          </methods>
          <lines>
            <line number="135" hits="1" branch="false" />
            <line number="138" hits="1" branch="false" />
            <line number="139" hits="1" branch="false" />
            <line number="140" hits="1" branch="false" />
            <line number="141" hits="1" branch="false" />
            <line number="142" hits="1" branch="false" />
            <line number="143" hits="1" branch="false" />
            <line number="144" hits="1" branch="false" />
            <line number="145" hits="1" branch="false" />
            <line number="146" hits="1" branch="false" />
            <line number="152" hits="2" branch="false" />
            <line number="160" hits="8" branch="false" />
            <line number="162" hits="8" branch="true" condition-coverage="75% (3/4)" />
            <line number="163" hits="3" branch="false" />
            <line number="164" hits="3" branch="false" />
            <line number="165" hits="3" branch="false" />
            <line number="166" hits="8" branch="false" />
            <line number="172" hits="8" branch="false" />
            <line number="173" hits="8" branch="false" />
            <line number="176" hits="8" branch="true" condition-coverage="50% (1/2)" />
            <line number="177" hits="8" branch="false" />
            <line number="179" hits="8" branch="true" condition-coverage="50% (1/2)" />
            <line number="180" hits="8" branch="false" />
            <line number="181" hits="8" branch="false" />
            <line number="183" hits="0" branch="false" />
            <line number="186" hits="0" branch="false" />
            <line number="187" hits="0" branch="false" />
            <line number="188" hits="8" branch="false" />
            <line number="194" hits="8" branch="false" />
            <line number="195" hits="8" branch="false" />
            <line number="196" hits="8" branch="false" />
            <line number="197" hits="8" branch="false" />
            <line number="200" hits="8" branch="true" condition-coverage="50% (1/2)" />
            <line number="201" hits="0" branch="false" />
            <line number="202" hits="0" branch="false" />
            <line number="206" hits="8" branch="false" />
            <line number="207" hits="8" branch="false" />
            <line number="208" hits="8" branch="true" condition-coverage="100% (2/2)" />
            <line number="209" hits="5" branch="false" />
            <line number="210" hits="5" branch="false" />
            <line number="211" hits="5" branch="false" />
            <line number="213" hits="8" branch="true" condition-coverage="50% (1/2)" />
            <line number="214" hits="0" branch="false" />
            <line number="215" hits="0" branch="false" />
            <line number="218" hits="8" branch="false" />
            <line number="219" hits="8" branch="false" />
            <line number="220" hits="8" branch="false" />
            <line number="223" hits="8" branch="true" condition-coverage="83% (5/6)" />
            <line number="224" hits="3" branch="false" />
            <line number="225" hits="3" branch="false" />
            <line number="229" hits="5" branch="false" />
            <line number="230" hits="5" branch="false" />
            <line number="231" hits="5" branch="false" />
            <line number="232" hits="8" branch="false" />
          </lines>
        </class>
      </classes>
    </package>
  </packages>
</coverage>