<?xml version="1.0" encoding="utf-8"?>
<!DOCTYPE coverage SYSTEM "http://cobertura.sourceforge.net/xml/coverage-04.dtd">
<coverage line-rate="0.9116465863453815" branch-rate="0.8181818181818182" lines-covered="227" lines-valid="249" branches-covered="99" branches-valid="121" complexity="142" version="0" timestamp="1779553254">
  <sources>
    <source>/Users/rage6c/Documents/dotnet-test-proj/ParquetLoader/</source>
  </sources>
  <packages>
    <package name="ParquetLoader" line-rate="0.9116465863453815" branch-rate="0.8181818181818182" complexity="142">
      <classes>
        <class name="ParquetLoader.Configuration.ParquetLoaderConfig" filename="/Users/rage6c/Documents/dotnet-test-proj/ParquetLoader/Configuration/ParquetLoaderConfig.cs" line-rate="1" branch-rate="1" complexity="4">
          <methods>
            <method name="get_BaseParquetPath" signature="()" line-rate="1" branch-rate="1" complexity="1">
              <lines>
                <line number="7" hits="52" branch="false" />
              </lines>
            </method>
            <method name="Normalize" signature="(System.String)" line-rate="1" branch-rate="1" complexity="1">
              <lines>
                <line number="10" hits="2" branch="false" />
                <line number="11" hits="2" branch="false" />
                <line number="12" hits="2" branch="false" />
                <line number="13" hits="2" branch="false" />
              </lines>
            </method>
            <method name="Validate" signature="()" line-rate="1" branch-rate="1" complexity="2">
              <lines>
                <line number="16" hits="3" branch="false" />
                <line number="17" hits="3" branch="true" condition-coverage="100% (2/2)" />
                <line number="18" hits="1" branch="false" />
                <line number="19" hits="1" branch="false" />
                <line number="21" hits="2" branch="false" />
              </lines>
            </method>
          </methods>
          <lines>
            <line number="7" hits="52" branch="false" />
            <line number="10" hits="2" branch="false" />
            <line number="11" hits="2" branch="false" />
            <line number="12" hits="2" branch="false" />
            <line number="13" hits="2" branch="false" />
            <line number="16" hits="3" branch="false" />
            <line number="17" hits="3" branch="true" condition-coverage="100% (2/2)" />
            <line number="18" hits="1" branch="false" />
            <line number="19" hits="1" branch="false" />
            <line number="21" hits="2" branch="false" />
          </lines>
        </class>
        <class name="ParquetLoader.ParquetLoads.ParquetLoader`1" filename="/Users/rage6c/Documents/dotnet-test-proj/ParquetLoader/ParquetLoads/ParquetLoader.cs" line-rate="0.9032258064516129" branch-rate="0.8151260504201681" complexity="128">
          <methods>
            <method name="get_Config" signature="()" line-rate="1" branch-rate="1" complexity="1">
              <lines>
                <line number="16" hits="2" branch="false" />
              </lines>
            </method>
            <method name="get_BaseParquetPath" signature="()" line-rate="1" branch-rate="1" complexity="1">
              <lines>
                <line number="18" hits="2" branch="false" />
              </lines>
            </method>
            <method name="get_DefaultFolder" signature="()" line-rate="1" branch-rate="1" complexity="1">
              <lines>
                <line number="20" hits="2" branch="false" />
              </lines>
            </method>
            <method name="Load" signature="(System.String,System.Int32,System.Linq.Expressions.Expression`1&lt;System.Func`2&lt;T,System.Boolean&gt;&gt;)" line-rate="1" branch-rate="1" complexity="6">
              <lines>
                <line number="38" hits="6" branch="false" />
                <line number="39" hits="6" branch="true" condition-coverage="100% (2/2)" />
                <line number="40" hits="1" branch="false" />
                <line number="41" hits="1" branch="false" />
                <line number="44" hits="5" branch="true" condition-coverage="100% (2/2)" />
                <line number="45" hits="5" branch="false" />
                <line number="46" hits="5" branch="false" />
                <line number="48" hits="5" branch="true" condition-coverage="100% (2/2)" />
                <line number="49" hits="3" branch="false" />
              </lines>
            </method>
            <method name="LoadData" signature="(System.String,System.String,System.Int32)" line-rate="1" branch-rate="1" complexity="6">
              <lines>
                <line number="55" hits="5" branch="false" />
                <line number="56" hits="5" branch="false" />
                <line number="57" hits="5" branch="true" condition-coverage="100% (2/2)" />
                <line number="58" hits="1" branch="false" />
                <line number="59" hits="1" branch="false" />
                <line number="62" hits="4" branch="true" condition-coverage="100% (2/2)" />
                <line number="63" hits="1" branch="false" />
                <line number="64" hits="1" branch="false" />
                <line number="67" hits="3" branch="false" />
                <line number="68" hits="3" branch="false" />
                <line number="69" hits="3" branch="false" />
                <line number="70" hits="3" branch="false" />
                <line number="71" hits="3" branch="false" />
                <line number="72" hits="3" branch="false" />
                <line number="74" hits="3" branch="true" condition-coverage="100% (2/2)" />
                <line number="75" hits="3" branch="false" />
                <line number="76" hits="3" branch="false" />
                <line number="77" hits="3" branch="false" />
                <line number="79" hits="3" branch="false" />
                <line number="80" hits="3" branch="false" />
                <line number="82" hits="3" branch="false" />
                <line number="83" hits="3" branch="false" />
                <line number="85" hits="3" branch="false" />
                <line number="86" hits="3" branch="false" />
                <line number="88" hits="3" branch="false" />
                <line number="89" hits="3" branch="false" />
                <line number="90" hits="3" branch="false" />
              </lines>
            </method>
            <method name="TranslatePredicate" signature="(System.Linq.Expressions.Expression`1&lt;System.Func`2&lt;T,System.Boolean&gt;&gt;)" line-rate="1" branch-rate="1" complexity="1">
              <lines>
                <line number="94" hits="14" branch="false" />
                <line number="95" hits="14" branch="false" />
                <line number="96" hits="12" branch="false" />
              </lines>
            </method>
            <method name="MapRows" signature="(DuckDB.NET.Data.DuckDBDataReader)" line-rate="0.9310344827586207" branch-rate="0.8571428571428571" complexity="14">
              <lines>
                <line number="99" hits="3" branch="false" />
                <line number="100" hits="3" branch="false" />
                <line number="101" hits="3" branch="true" condition-coverage="100% (2/2)" />
                <line number="102" hits="3" branch="false" />
                <line number="103" hits="24" branch="false" />
                <line number="105" hits="3" branch="true" condition-coverage="100% (2/2)" />
                <line number="106" hits="3" branch="false" />
                <line number="107" hits="21" branch="false" />
                <line number="108" hits="3" branch="false" />
                <line number="110" hits="7" branch="true" condition-coverage="100% (2/2)" />
                <line number="111" hits="4" branch="false" />
                <line number="112" hits="4" branch="false" />
                <line number="113" hits="68" branch="true" condition-coverage="100% (2/2)" />
                <line number="114" hits="28" branch="false" />
                <line number="115" hits="28" branch="true" condition-coverage="50% (2/4)" />
                <line number="116" hits="28" branch="false" />
                <line number="117" hits="0" branch="false" />
                <line number="118" hits="0" branch="false" />
                <line number="121" hits="28" branch="false" />
                <line number="122" hits="28" branch="true" condition-coverage="100% (2/2)" />
                <line number="123" hits="1" branch="false" />
                <line number="124" hits="1" branch="false" />
                <line number="125" hits="1" branch="false" />
                <line number="128" hits="27" branch="false" />
                <line number="129" hits="27" branch="false" />
                <line number="131" hits="4" branch="false" />
                <line number="132" hits="4" branch="false" />
                <line number="134" hits="3" branch="false" />
                <line number="135" hits="3" branch="false" />
              </lines>
            </method>
            <method name="TranslateExpression" signature="(System.Linq.Expressions.Expression)" line-rate="0.9375" branch-rate="0.9523809523809523" complexity="21">
              <lines>
                <line number="138" hits="25" branch="false" />
                <line number="139" hits="25" branch="true" condition-coverage="95% (20/21)" />
                <line number="140" hits="25" branch="false" />
                <line number="141" hits="4" branch="false" />
                <line number="142" hits="1" branch="false" />
                <line number="143" hits="1" branch="false" />
                <line number="144" hits="8" branch="false" />
                <line number="145" hits="2" branch="false" />
                <line number="146" hits="2" branch="false" />
                <line number="147" hits="1" branch="false" />
                <line number="148" hits="1" branch="false" />
                <line number="149" hits="0" branch="false" />
                <line number="150" hits="4" branch="false" />
                <line number="151" hits="1" branch="false" />
                <line number="152" hits="25" branch="false" />
                <line number="153" hits="23" branch="false" />
              </lines>
            </method>
            <method name="TranslateLogical" signature="(System.Linq.Expressions.BinaryExpression,System.String)" line-rate="1" branch-rate="1" complexity="1">
              <lines>
                <line number="156" hits="5" branch="false" />
                <line number="157" hits="5" branch="false" />
                <line number="158" hits="5" branch="false" />
              </lines>
            </method>
            <method name="TranslateNot" signature="(System.Linq.Expressions.UnaryExpression)" line-rate="1" branch-rate="1" complexity="1">
              <lines>
                <line number="161" hits="1" branch="false" />
                <line number="162" hits="1" branch="false" />
                <line number="163" hits="1" branch="false" />
              </lines>
            </method>
            <method name="TranslateComparison" signature="(System.Linq.Expressions.BinaryExpression,System.String)" line-rate="0.782608695652174" branch-rate="0.5833333333333334" complexity="12">
              <lines>
                <line number="166" hits="14" branch="false" />
                <line number="167" hits="14" branch="false" />
                <line number="168" hits="14" branch="false" />
                <line number="169" hits="14" branch="false" />
                <line number="170" hits="14" branch="false" />
                <line number="172" hits="14" branch="true" condition-coverage="100% (2/2)" />
                <line number="173" hits="1" branch="false" />
                <line number="174" hits="1" branch="true" condition-coverage="50% (1/2)" />
                <line number="175" hits="1" branch="false" />
                <line number="176" hits="1" branch="false" />
                <line number="179" hits="13" branch="true" condition-coverage="50% (1/2)" />
                <line number="180" hits="0" branch="false" />
                <line number="181" hits="0" branch="true" condition-coverage="0% (0/2)" />
                <line number="182" hits="0" branch="false" />
                <line number="183" hits="0" branch="false" />
                <line number="186" hits="13" branch="true" condition-coverage="100% (2/2)" />
                <line number="187" hits="12" branch="false" />
                <line number="188" hits="12" branch="false" />
                <line number="191" hits="1" branch="true" condition-coverage="50% (1/2)" />
                <line number="192" hits="1" branch="false" />
                <line number="193" hits="1" branch="false" />
                <line number="196" hits="0" branch="false" />
                <line number="197" hits="14" branch="false" />
              </lines>
            </method>
            <method name="TranslateMethodCall" signature="(System.Linq.Expressions.MethodCallExpression)" line-rate="1" branch-rate="1" complexity="2">
              <lines>
                <line number="200" hits="4" branch="false" />
                <line number="201" hits="4" branch="true" condition-coverage="100% (2/2)" />
                <line number="202" hits="3" branch="false" />
                <line number="203" hits="3" branch="false" />
                <line number="206" hits="1" branch="false" />
                <line number="207" hits="3" branch="false" />
              </lines>
            </method>
            <method name="TryTranslateCollectionContains" signature="(System.Linq.Expressions.MethodCallExpression,System.String&amp;)" line-rate="0.875" branch-rate="0.8636363636363636" complexity="22">
              <lines>
                <line number="210" hits="4" branch="false" />
                <line number="211" hits="4" branch="false" />
                <line number="216" hits="4" branch="true" condition-coverage="100% (4/4)" />
                <line number="217" hits="4" branch="false" />
                <line number="218" hits="1" branch="false" />
                <line number="219" hits="1" branch="false" />
                <line number="220" hits="1" branch="false" />
                <line number="221" hits="1" branch="false" />
                <line number="222" hits="3" branch="true" condition-coverage="100% (8/8)" />
                <line number="223" hits="3" branch="false" />
                <line number="224" hits="3" branch="false" />
                <line number="225" hits="3" branch="false" />
                <line number="226" hits="2" branch="false" />
                <line number="227" hits="2" branch="false" />
                <line number="228" hits="2" branch="false" />
                <line number="229" hits="2" branch="false" />
                <line number="231" hits="1" branch="false" />
                <line number="232" hits="1" branch="false" />
                <line number="235" hits="3" branch="false" />
                <line number="236" hits="3" branch="true" condition-coverage="50% (1/2)" />
                <line number="237" hits="0" branch="false" />
                <line number="238" hits="0" branch="false" />
                <line number="241" hits="3" branch="false" />
                <line number="242" hits="3" branch="true" condition-coverage="50% (2/4)" />
                <line number="243" hits="0" branch="false" />
                <line number="244" hits="0" branch="false" />
                <line number="247" hits="3" branch="true" condition-coverage="100% (2/2)" />
                <line number="248" hits="3" branch="true" condition-coverage="100% (2/2)" />
                <line number="249" hits="3" branch="false" />
                <line number="250" hits="3" branch="false" />
                <line number="251" hits="3" branch="false" />
                <line number="252" hits="4" branch="false" />
              </lines>
            </method>
            <method name="TryTranslateColumn" signature="(System.Linq.Expressions.Expression)" line-rate="0.8181818181818182" branch-rate="0.8333333333333334" complexity="6">
              <lines>
                <line number="255" hits="31" branch="false" />
                <line number="256" hits="31" branch="false" />
                <line number="258" hits="31" branch="true" condition-coverage="100% (4/4)" />
                <line number="259" hits="31" branch="false" />
                <line number="260" hits="14" branch="false" />
                <line number="261" hits="14" branch="false" />
                <line number="264" hits="17" branch="true" condition-coverage="50% (1/2)" />
                <line number="265" hits="0" branch="false" />
                <line number="266" hits="0" branch="false" />
                <line number="269" hits="17" branch="false" />
                <line number="270" hits="31" branch="false" />
              </lines>
            </method>
            <method name="UnwrapConvert" signature="(System.Linq.Expressions.Expression)" line-rate="1" branch-rate="1" complexity="4">
              <lines>
                <line number="273" hits="75" branch="false" />
                <line number="274" hits="115" branch="true" condition-coverage="100% (4/4)" />
                <line number="275" hits="40" branch="false" />
                <line number="276" hits="40" branch="false" />
                <line number="277" hits="40" branch="false" />
                <line number="279" hits="75" branch="false" />
                <line number="280" hits="75" branch="false" />
              </lines>
            </method>
            <method name="Evaluate" signature="(System.Linq.Expressions.Expression)" line-rate="1" branch-rate="1" complexity="2">
              <lines>
                <line number="283" hits="16" branch="false" />
                <line number="284" hits="16" branch="false" />
                <line number="286" hits="16" branch="true" condition-coverage="100% (2/2)" />
                <line number="287" hits="12" branch="false" />
                <line number="288" hits="12" branch="false" />
                <line number="291" hits="4" branch="false" />
                <line number="292" hits="4" branch="false" />
                <line number="293" hits="4" branch="false" />
                <line number="294" hits="16" branch="false" />
              </lines>
            </method>
            <method name="IsNullConstant" signature="(System.Linq.Expressions.Expression)" line-rate="1" branch-rate="1" complexity="2">
              <lines>
                <line number="297" hits="28" branch="false" />
                <line number="298" hits="28" branch="true" condition-coverage="100% (2/2)" />
                <line number="299" hits="28" branch="false" />
              </lines>
            </method>
            <method name="ConvertValue" signature="(System.Object,System.Type)" line-rate="0.7142857142857143" branch-rate="0.75" complexity="4">
              <lines>
                <line number="302" hits="27" branch="false" />
                <line number="303" hits="27" branch="true" condition-coverage="100% (2/2)" />
                <line number="305" hits="27" branch="true" condition-coverage="50% (1/2)" />
                <line number="306" hits="0" branch="false" />
                <line number="307" hits="0" branch="false" />
                <line number="310" hits="27" branch="false" />
                <line number="311" hits="27" branch="false" />
              </lines>
            </method>
            <method name="QuoteIdentifier" signature="(System.String)" line-rate="1" branch-rate="1" complexity="1">
              <lines>
                <line number="314" hits="17" branch="false" />
                <line number="315" hits="17" branch="false" />
                <line number="316" hits="17" branch="false" />
              </lines>
            </method>
            <method name="SqlString" signature="(System.String)" line-rate="1" branch-rate="1" complexity="1">
              <lines>
                <line number="319" hits="12" branch="false" />
                <line number="320" hits="12" branch="false" />
                <line number="321" hits="12" branch="false" />
              </lines>
            </method>
            <method name="SqlLiteral" signature="(System.Object)" line-rate="0.6153846153846154" branch-rate="0.5" complexity="18">
              <lines>
                <line number="324" hits="17" branch="false" />
                <line number="325" hits="17" branch="true" condition-coverage="64% (9/14)" />
                <line number="326" hits="17" branch="false" />
                <line number="327" hits="0" branch="false" />
                <line number="328" hits="8" branch="false" />
                <line number="329" hits="1" branch="false" />
                <line number="330" hits="0" branch="false" />
                <line number="331" hits="0" branch="true" condition-coverage="0% (0/2)" />
                <line number="332" hits="0" branch="false" />
                <line number="333" hits="8" branch="false" />
                <line number="334" hits="0" branch="true" condition-coverage="0% (0/2)" />
                <line number="335" hits="17" branch="false" />
                <line number="336" hits="17" branch="false" />
              </lines>
            </method>
            <method name=".ctor" signature="(ParquetLoader.Configuration.ParquetLoaderConfig,Microsoft.Extensions.Logging.ILogger)" line-rate="1" branch-rate="1" complexity="1">
              <lines>
                <line number="26" hits="18" branch="false" />
                <line number="27" hits="18" branch="false" />
                <line number="28" hits="18" branch="false" />
                <line number="29" hits="18" branch="false" />
                <line number="30" hits="18" branch="false" />
                <line number="31" hits="18" branch="false" />
                <line number="32" hits="18" branch="false" />
              </lines>
            </method>
          </methods>
          <lines>
            <line number="16" hits="2" branch="false" />
            <line number="18" hits="2" branch="false" />
            <line number="20" hits="2" branch="false" />
            <line number="26" hits="18" branch="false" />
            <line number="27" hits="18" branch="false" />
            <line number="28" hits="18" branch="false" />
            <line number="29" hits="18" branch="false" />
            <line number="30" hits="18" branch="false" />
            <line number="31" hits="18" branch="false" />
            <line number="32" hits="18" branch="false" />
            <line number="38" hits="6" branch="false" />
            <line number="39" hits="6" branch="true" condition-coverage="100% (2/2)" />
            <line number="40" hits="1" branch="false" />
            <line number="41" hits="1" branch="false" />
            <line number="44" hits="5" branch="true" condition-coverage="100% (2/2)" />
            <line number="45" hits="5" branch="false" />
            <line number="46" hits="5" branch="false" />
            <line number="48" hits="5" branch="true" condition-coverage="100% (2/2)" />
            <line number="49" hits="3" branch="false" />
            <line number="55" hits="5" branch="false" />
            <line number="56" hits="5" branch="false" />
            <line number="57" hits="5" branch="true" condition-coverage="100% (2/2)" />
            <line number="58" hits="1" branch="false" />
            <line number="59" hits="1" branch="false" />
            <line number="62" hits="4" branch="true" condition-coverage="100% (2/2)" />
            <line number="63" hits="1" branch="false" />
            <line number="64" hits="1" branch="false" />
            <line number="67" hits="3" branch="false" />
            <line number="68" hits="3" branch="false" />
            <line number="69" hits="3" branch="false" />
            <line number="70" hits="3" branch="false" />
            <line number="71" hits="3" branch="false" />
            <line number="72" hits="3" branch="false" />
            <line number="74" hits="3" branch="true" condition-coverage="100% (2/2)" />
            <line number="75" hits="3" branch="false" />
            <line number="76" hits="3" branch="false" />
            <line number="77" hits="3" branch="false" />
            <line number="79" hits="3" branch="false" />
            <line number="80" hits="3" branch="false" />
            <line number="82" hits="3" branch="false" />
            <line number="83" hits="3" branch="false" />
            <line number="85" hits="3" branch="false" />
            <line number="86" hits="3" branch="false" />
            <line number="88" hits="3" branch="false" />
            <line number="89" hits="3" branch="false" />
            <line number="90" hits="3" branch="false" />
            <line number="94" hits="14" branch="false" />
            <line number="95" hits="14" branch="false" />
            <line number="96" hits="12" branch="false" />
            <line number="99" hits="3" branch="false" />
            <line number="100" hits="3" branch="false" />
            <line number="101" hits="3" branch="true" condition-coverage="100% (2/2)" />
            <line number="102" hits="3" branch="false" />
            <line number="103" hits="24" branch="false" />
            <line number="105" hits="3" branch="true" condition-coverage="100% (2/2)" />
            <line number="106" hits="3" branch="false" />
            <line number="107" hits="21" branch="false" />
            <line number="108" hits="3" branch="false" />
            <line number="110" hits="7" branch="true" condition-coverage="100% (2/2)" />
            <line number="111" hits="4" branch="false" />
            <line number="112" hits="4" branch="false" />
            <line number="113" hits="68" branch="true" condition-coverage="100% (2/2)" />
            <line number="114" hits="28" branch="false" />
            <line number="115" hits="28" branch="true" condition-coverage="50% (2/4)" />
            <line number="116" hits="28" branch="false" />
            <line number="117" hits="0" branch="false" />
            <line number="118" hits="0" branch="false" />
            <line number="121" hits="28" branch="false" />
            <line number="122" hits="28" branch="true" condition-coverage="100% (2/2)" />
            <line number="123" hits="1" branch="false" />
            <line number="124" hits="1" branch="false" />
            <line number="125" hits="1" branch="false" />
            <line number="128" hits="27" branch="false" />
            <line number="129" hits="27" branch="false" />
            <line number="131" hits="4" branch="false" />
            <line number="132" hits="4" branch="false" />
            <line number="134" hits="3" branch="false" />
            <line number="135" hits="3" branch="false" />
            <line number="138" hits="25" branch="false" />
            <line number="139" hits="25" branch="true" condition-coverage="95% (20/21)" />
            <line number="140" hits="25" branch="false" />
            <line number="141" hits="4" branch="false" />
            <line number="142" hits="1" branch="false" />
            <line number="143" hits="1" branch="false" />
            <line number="144" hits="8" branch="false" />
            <line number="145" hits="2" branch="false" />
            <line number="146" hits="2" branch="false" />
            <line number="147" hits="1" branch="false" />
            <line number="148" hits="1" branch="false" />
            <line number="149" hits="0" branch="false" />
            <line number="150" hits="4" branch="false" />
            <line number="151" hits="1" branch="false" />
            <line number="152" hits="25" branch="false" />
            <line number="153" hits="23" branch="false" />
            <line number="156" hits="5" branch="false" />
            <line number="157" hits="5" branch="false" />
            <line number="158" hits="5" branch="false" />
            <line number="161" hits="1" branch="false" />
            <line number="162" hits="1" branch="false" />
            <line number="163" hits="1" branch="false" />
            <line number="166" hits="14" branch="false" />
            <line number="167" hits="14" branch="false" />
            <line number="168" hits="14" branch="false" />
            <line number="169" hits="14" branch="false" />
            <line number="170" hits="14" branch="false" />
            <line number="172" hits="14" branch="true" condition-coverage="100% (2/2)" />
            <line number="173" hits="1" branch="false" />
            <line number="174" hits="1" branch="true" condition-coverage="50% (1/2)" />
            <line number="175" hits="1" branch="false" />
            <line number="176" hits="1" branch="false" />
            <line number="179" hits="13" branch="true" condition-coverage="50% (1/2)" />
            <line number="180" hits="0" branch="false" />
            <line number="181" hits="0" branch="true" condition-coverage="0% (0/2)" />
            <line number="182" hits="0" branch="false" />
            <line number="183" hits="0" branch="false" />
            <line number="186" hits="13" branch="true" condition-coverage="100% (2/2)" />
            <line number="187" hits="12" branch="false" />
            <line number="188" hits="12" branch="false" />
            <line number="191" hits="1" branch="true" condition-coverage="50% (1/2)" />
            <line number="192" hits="1" branch="false" />
            <line number="193" hits="1" branch="false" />
            <line number="196" hits="0" branch="false" />
            <line number="197" hits="14" branch="false" />
            <line number="200" hits="4" branch="false" />
            <line number="201" hits="4" branch="true" condition-coverage="100% (2/2)" />
            <line number="202" hits="3" branch="false" />
            <line number="203" hits="3" branch="false" />
            <line number="206" hits="1" branch="false" />
            <line number="207" hits="3" branch="false" />
            <line number="210" hits="4" branch="false" />
            <line number="211" hits="4" branch="false" />
            <line number="216" hits="4" branch="true" condition-coverage="100% (4/4)" />
            <line number="217" hits="4" branch="false" />
            <line number="218" hits="1" branch="false" />
            <line number="219" hits="1" branch="false" />
            <line number="220" hits="1" branch="false" />
            <line number="221" hits="1" branch="false" />
            <line number="222" hits="3" branch="true" condition-coverage="100% (8/8)" />
            <line number="223" hits="3" branch="false" />
            <line number="224" hits="3" branch="false" />
            <line number="225" hits="3" branch="false" />
            <line number="226" hits="2" branch="false" />
            <line number="227" hits="2" branch="false" />
            <line number="228" hits="2" branch="false" />
            <line number="229" hits="2" branch="false" />
            <line number="231" hits="1" branch="false" />
            <line number="232" hits="1" branch="false" />
            <line number="235" hits="3" branch="false" />
            <line number="236" hits="3" branch="true" condition-coverage="50% (1/2)" />
            <line number="237" hits="0" branch="false" />
            <line number="238" hits="0" branch="false" />
            <line number="241" hits="3" branch="false" />
            <line number="242" hits="3" branch="true" condition-coverage="50% (2/4)" />
            <line number="243" hits="0" branch="false" />
            <line number="244" hits="0" branch="false" />
            <line number="247" hits="3" branch="true" condition-coverage="100% (2/2)" />
            <line number="248" hits="3" branch="true" condition-coverage="100% (2/2)" />
            <line number="249" hits="3" branch="false" />
            <line number="250" hits="3" branch="false" />
            <line number="251" hits="3" branch="false" />
            <line number="252" hits="4" branch="false" />
            <line number="255" hits="31" branch="false" />
            <line number="256" hits="31" branch="false" />
            <line number="258" hits="31" branch="true" condition-coverage="100% (4/4)" />
            <line number="259" hits="31" branch="false" />
            <line number="260" hits="14" branch="false" />
            <line number="261" hits="14" branch="false" />
            <line number="264" hits="17" branch="true" condition-coverage="50% (1/2)" />
            <line number="265" hits="0" branch="false" />
            <line number="266" hits="0" branch="false" />
            <line number="269" hits="17" branch="false" />
            <line number="270" hits="31" branch="false" />
            <line number="273" hits="75" branch="false" />
            <line number="274" hits="115" branch="true" condition-coverage="100% (4/4)" />
            <line number="275" hits="40" branch="false" />
            <line number="276" hits="40" branch="false" />
            <line number="277" hits="40" branch="false" />
            <line number="279" hits="75" branch="false" />
            <line number="280" hits="75" branch="false" />
            <line number="283" hits="16" branch="false" />
            <line number="284" hits="16" branch="false" />
            <line number="286" hits="16" branch="true" condition-coverage="100% (2/2)" />
            <line number="287" hits="12" branch="false" />
            <line number="288" hits="12" branch="false" />
            <line number="291" hits="4" branch="false" />
            <line number="292" hits="4" branch="false" />
            <line number="293" hits="4" branch="false" />
            <line number="294" hits="16" branch="false" />
            <line number="297" hits="28" branch="false" />
            <line number="298" hits="28" branch="true" condition-coverage="100% (2/2)" />
            <line number="299" hits="28" branch="false" />
            <line number="302" hits="27" branch="false" />
            <line number="303" hits="27" branch="true" condition-coverage="100% (2/2)" />
            <line number="305" hits="27" branch="true" condition-coverage="50% (1/2)" />
            <line number="306" hits="0" branch="false" />
            <line number="307" hits="0" branch="false" />
            <line number="310" hits="27" branch="false" />
            <line number="311" hits="27" branch="false" />
            <line number="314" hits="17" branch="false" />
            <line number="315" hits="17" branch="false" />
            <line number="316" hits="17" branch="false" />
            <line number="319" hits="12" branch="false" />
            <line number="320" hits="12" branch="false" />
            <line number="321" hits="12" branch="false" />
            <line number="324" hits="17" branch="false" />
            <line number="325" hits="17" branch="true" condition-coverage="64% (9/14)" />
            <line number="326" hits="17" branch="false" />
            <line number="327" hits="0" branch="false" />
            <line number="328" hits="8" branch="false" />
            <line number="329" hits="1" branch="false" />
            <line number="330" hits="0" branch="false" />
            <line number="331" hits="0" branch="true" condition-coverage="0% (0/2)" />
            <line number="332" hits="0" branch="false" />
            <line number="333" hits="8" branch="false" />
            <line number="334" hits="0" branch="true" condition-coverage="0% (0/2)" />
            <line number="335" hits="17" branch="false" />
            <line number="336" hits="17" branch="false" />
          </lines>
        </class>
        <class name="ParquetLoader.ParquetLoads.WorkflowParquetLoader.WorkflowDto" filename="/Users/rage6c/Documents/dotnet-test-proj/ParquetLoader/ParquetLoads/WorkflowParquetLoader/WorkflowDto.cs" line-rate="1" branch-rate="1" complexity="7">
          <methods>
            <method name="get_Id" signature="()" line-rate="1" branch-rate="1" complexity="1">
              <lines>
                <line number="5" hits="7" branch="false" />
              </lines>
            </method>
            <method name="get_WorkflowId" signature="()" line-rate="1" branch-rate="1" complexity="1">
              <lines>
                <line number="7" hits="5" branch="false" />
              </lines>
            </method>
            <method name="get_Status" signature="()" line-rate="1" branch-rate="1" complexity="1">
              <lines>
                <line number="9" hits="6" branch="false" />
              </lines>
            </method>
            <method name="get_CreatedOn" signature="()" line-rate="1" branch-rate="1" complexity="1">
              <lines>
                <line number="11" hits="4" branch="false" />
              </lines>
            </method>
            <method name="get_Assignee" signature="()" line-rate="1" branch-rate="1" complexity="1">
              <lines>
                <line number="13" hits="6" branch="false" />
              </lines>
            </method>
            <method name="get_UpdatedOn" signature="()" line-rate="1" branch-rate="1" complexity="1">
              <lines>
                <line number="15" hits="5" branch="false" />
              </lines>
            </method>
            <method name="get_MonthOfYear" signature="()" line-rate="1" branch-rate="1" complexity="1">
              <lines>
                <line number="17" hits="6" branch="false" />
              </lines>
            </method>
          </methods>
          <lines>
            <line number="5" hits="7" branch="false" />
            <line number="7" hits="5" branch="false" />
            <line number="9" hits="6" branch="false" />
            <line number="11" hits="4" branch="false" />
            <line number="13" hits="6" branch="false" />
            <line number="15" hits="5" branch="false" />
            <line number="17" hits="6" branch="false" />
          </lines>
        </class>
        <class name="ParquetLoader.ParquetLoads.WorkflowParquetLoader.WorkflowParquetLoader" filename="/Users/rage6c/Documents/dotnet-test-proj/ParquetLoader/ParquetLoads/WorkflowParquetLoader/WorkflowParquetLoader.cs" line-rate="0.9333333333333333" branch-rate="1" complexity="3">
          <methods>
            <method name="get_DatasetName" signature="()" line-rate="1" branch-rate="1" complexity="1">
              <lines>
                <line number="15" hits="1" branch="false" />
              </lines>
            </method>
            <method name="get_ColumnMap" signature="()" line-rate="0" branch-rate="1" complexity="1">
              <lines>
                <line number="17" hits="0" branch="false" />
              </lines>
            </method>
            <method name=".ctor" signature="(ParquetLoader.Configuration.ParquetLoaderConfig,Microsoft.Extensions.Logging.ILogger`1&lt;ParquetLoader.ParquetLoads.WorkflowParquetLoader.WorkflowParquetLoader&gt;)" line-rate="0.9333333333333333" branch-rate="1" complexity="1">
              <lines>
                <line number="11" hits="1" branch="false" />
                <line number="12" hits="1" branch="false" />
                <line number="13" hits="1" branch="false" />
                <line number="15" hits="1" branch="false" />
                <line number="17" hits="0" branch="false" />
                <line number="18" hits="1" branch="false" />
                <line number="19" hits="1" branch="false" />
                <line number="20" hits="1" branch="false" />
                <line number="21" hits="1" branch="false" />
                <line number="22" hits="1" branch="false" />
                <line number="23" hits="1" branch="false" />
                <line number="24" hits="1" branch="false" />
                <line number="25" hits="1" branch="false" />
                <line number="26" hits="1" branch="false" />
                <line number="27" hits="1" branch="false" />
              </lines>
            </method>
          </methods>
          <lines>
            <line number="11" hits="1" branch="false" />
            <line number="12" hits="1" branch="false" />
            <line number="13" hits="1" branch="false" />
            <line number="15" hits="1" branch="false" />
            <line number="17" hits="0" branch="false" />
            <line number="18" hits="1" branch="false" />
            <line number="19" hits="1" branch="false" />
            <line number="20" hits="1" branch="false" />
            <line number="21" hits="1" branch="false" />
            <line number="22" hits="1" branch="false" />
            <line number="23" hits="1" branch="false" />
            <line number="24" hits="1" branch="false" />
            <line number="25" hits="1" branch="false" />
            <line number="26" hits="1" branch="false" />
            <line number="27" hits="1" branch="false" />
          </lines>
        </class>
      </classes>
    </package>
  </packages>
</coverage>