<?xml version="1.0" encoding="utf-8"?>
<coverage line-rate="0.8554" branch-rate="0.8181" version="1.9" timestamp="1779553215" lines-covered="213" lines-valid="249" branches-covered="99" branches-valid="121">
  <sources>
    <source>/Users/rage6c/Documents/dotnet-test-proj/ParquetLoader/</source>
  </sources>
  <packages>
    <package name="ParquetLoader" line-rate="0.8554" branch-rate="0.8181" complexity="142">
      <classes>
        <class name="ParquetLoader.ParquetLoads.ParquetLoader`1" filename="ParquetLoads/ParquetLoader.cs" line-rate="0.9031999999999999" branch-rate="0.8151" complexity="128">
          <methods>
            <method name="get_Config" signature="()" line-rate="1" branch-rate="1" complexity="1">
              <lines>
                <line number="16" hits="2" branch="False" />
              </lines>
            </method>
            <method name="get_BaseParquetPath" signature="()" line-rate="1" branch-rate="1" complexity="1">
              <lines>
                <line number="18" hits="2" branch="False" />
              </lines>
            </method>
            <method name="get_DefaultFolder" signature="()" line-rate="1" branch-rate="1" complexity="1">
              <lines>
                <line number="20" hits="2" branch="False" />
              </lines>
            </method>
            <method name="Load" signature="(System.String,System.Int32,System.Linq.Expressions.Expression`1&lt;System.Func`2&lt;T,System.Boolean&gt;&gt;)" line-rate="1" branch-rate="1" complexity="6">
              <lines>
                <line number="38" hits="6" branch="False" />
                <line number="39" hits="6" branch="True" condition-coverage="100% (2/2)">
                  <conditions>
                    <condition number="7" type="jump" coverage="100%" />
                  </conditions>
                </line>
                <line number="40" hits="1" branch="False" />
                <line number="41" hits="1" branch="False" />
                <line number="44" hits="5" branch="True" condition-coverage="100% (2/2)">
                  <conditions>
                    <condition number="27" type="jump" coverage="100%" />
                  </conditions>
                </line>
                <line number="45" hits="5" branch="False" />
                <line number="46" hits="5" branch="False" />
                <line number="48" hits="5" branch="True" condition-coverage="100% (2/2)">
                  <conditions>
                    <condition number="43" type="jump" coverage="100%" />
                  </conditions>
                </line>
                <line number="49" hits="3" branch="False" />
              </lines>
            </method>
            <method name="LoadData" signature="(System.String,System.String,System.Int32)" line-rate="1" branch-rate="1" complexity="6">
              <lines>
                <line number="55" hits="5" branch="False" />
                <line number="56" hits="5" branch="False" />
                <line number="57" hits="5" branch="True" condition-coverage="100% (2/2)">
                  <conditions>
                    <condition number="21" type="jump" coverage="100%" />
                  </conditions>
                </line>
                <line number="58" hits="1" branch="False" />
                <line number="59" hits="1" branch="False" />
                <line number="62" hits="4" branch="True" condition-coverage="100% (2/2)">
                  <conditions>
                    <condition number="70" type="jump" coverage="100%" />
                  </conditions>
                </line>
                <line number="63" hits="1" branch="False" />
                <line number="64" hits="1" branch="False" />
                <line number="67" hits="3" branch="False" />
                <line number="68" hits="3" branch="False" />
                <line number="69" hits="3" branch="False" />
                <line number="70" hits="3" branch="False" />
                <line number="71" hits="3" branch="False" />
                <line number="72" hits="3" branch="False" />
                <line number="74" hits="3" branch="True" condition-coverage="100% (2/2)">
                  <conditions>
                    <condition number="147" type="jump" coverage="100%" />
                  </conditions>
                </line>
                <line number="75" hits="3" branch="False" />
                <line number="76" hits="3" branch="False" />
                <line number="77" hits="3" branch="False" />
                <line number="79" hits="3" branch="False" />
                <line number="80" hits="3" branch="False" />
                <line number="82" hits="3" branch="False" />
                <line number="83" hits="3" branch="False" />
                <line number="85" hits="3" branch="False" />
                <line number="86" hits="3" branch="False" />
                <line number="88" hits="3" branch="False" />
                <line number="89" hits="3" branch="False" />
                <line number="90" hits="3" branch="False" />
              </lines>
            </method>
            <method name="TranslatePredicate" signature="(System.Linq.Expressions.Expression`1&lt;System.Func`2&lt;T,System.Boolean&gt;&gt;)" line-rate="1" branch-rate="1" complexity="1">
              <lines>
                <line number="94" hits="14" branch="False" />
                <line number="95" hits="14" branch="False" />
                <line number="96" hits="12" branch="False" />
              </lines>
            </method>
            <method name="MapRows" signature="(DuckDB.NET.Data.DuckDBDataReader)" line-rate="0.9309999999999999" branch-rate="0.8571" complexity="14">
              <lines>
                <line number="99" hits="3" branch="False" />
                <line number="100" hits="3" branch="False" />
                <line number="101" hits="3" branch="True" condition-coverage="100% (2/2)">
                  <conditions>
                    <condition number="38" type="jump" coverage="100%" />
                  </conditions>
                </line>
                <line number="102" hits="3" branch="False" />
                <line number="103" hits="24" branch="False" />
                <line number="105" hits="3" branch="True" condition-coverage="100% (2/2)">
                  <conditions>
                    <condition number="97" type="jump" coverage="100%" />
                  </conditions>
                </line>
                <line number="106" hits="3" branch="False" />
                <line number="107" hits="21" branch="False" />
                <line number="108" hits="3" branch="False" />
                <line number="110" hits="7" branch="True" condition-coverage="100% (2/2)">
                  <conditions>
                    <condition number="321" type="jump" coverage="100%" />
                  </conditions>
                </line>
                <line number="111" hits="4" branch="False" />
                <line number="112" hits="4" branch="False" />
                <line number="113" hits="68" branch="True" condition-coverage="100% (2/2)">
                  <conditions>
                    <condition number="297" type="jump" coverage="100%" />
                  </conditions>
                </line>
                <line number="114" hits="28" branch="False" />
                <line number="115" hits="28" branch="True" condition-coverage="50% (2/4)">
                  <conditions>
                    <condition number="185" type="jump" coverage="50%" />
                    <condition number="207" type="jump" coverage="50%" />
                  </conditions>
                </line>
                <line number="116" hits="28" branch="False" />
                <line number="117" hits="0" branch="False" />
                <line number="118" hits="0" branch="False" />
                <line number="121" hits="28" branch="False" />
                <line number="122" hits="28" branch="True" condition-coverage="100% (2/2)">
                  <conditions>
                    <condition number="236" type="jump" coverage="100%" />
                  </conditions>
                </line>
                <line number="123" hits="1" branch="False" />
                <line number="124" hits="1" branch="False" />
                <line number="125" hits="1" branch="False" />
                <line number="128" hits="27" branch="False" />
                <line number="129" hits="27" branch="False" />
                <line number="131" hits="4" branch="False" />
                <line number="132" hits="4" branch="False" />
                <line number="134" hits="3" branch="False" />
                <line number="135" hits="3" branch="False" />
              </lines>
            </method>
            <method name="TranslateExpression" signature="(System.Linq.Expressions.Expression)" line-rate="0.9375" branch-rate="0.9523" complexity="21">
              <lines>
                <line number="138" hits="25" branch="False" />
                <line number="139" hits="25" branch="True" condition-coverage="95.23% (20/21)">
                  <conditions>
                    <condition number="14" type="jump" coverage="100%" />
                    <condition number="18" type="jump" coverage="100%" />
                    <condition number="38" type="switch" coverage="90%" />
                    <condition number="85" type="switch" coverage="100%" />
                    <condition number="24" type="jump" coverage="100%" />
                  </conditions>
                </line>
                <line number="140" hits="25" branch="False" />
                <line number="141" hits="4" branch="False" />
                <line number="142" hits="1" branch="False" />
                <line number="143" hits="1" branch="False" />
                <line number="144" hits="8" branch="False" />
                <line number="145" hits="2" branch="False" />
                <line number="146" hits="2" branch="False" />
                <line number="147" hits="1" branch="False" />
                <line number="148" hits="1" branch="False" />
                <line number="149" hits="0" branch="False" />
                <line number="150" hits="4" branch="False" />
                <line number="151" hits="1" branch="False" />
                <line number="152" hits="25" branch="False" />
                <line number="153" hits="23" branch="False" />
              </lines>
            </method>
            <method name="TranslateLogical" signature="(System.Linq.Expressions.BinaryExpression,System.String)" line-rate="1" branch-rate="1" complexity="1">
              <lines>
                <line number="156" hits="5" branch="False" />
                <line number="157" hits="5" branch="False" />
                <line number="158" hits="5" branch="False" />
              </lines>
            </method>
            <method name="TranslateNot" signature="(System.Linq.Expressions.UnaryExpression)" line-rate="1" branch-rate="1" complexity="1">
              <lines>
                <line number="161" hits="1" branch="False" />
                <line number="162" hits="1" branch="False" />
                <line number="163" hits="1" branch="False" />
              </lines>
            </method>
            <method name="TranslateComparison" signature="(System.Linq.Expressions.BinaryExpression,System.String)" line-rate="0.7826000000000001" branch-rate="0.5832999999999999" complexity="12">
              <lines>
                <line number="166" hits="14" branch="False" />
                <line number="167" hits="14" branch="False" />
                <line number="168" hits="14" branch="False" />
                <line number="169" hits="14" branch="False" />
                <line number="170" hits="14" branch="False" />
                <line number="172" hits="14" branch="True" condition-coverage="100% (2/2)">
                  <conditions>
                    <condition number="61" type="jump" coverage="100%" />
                  </conditions>
                </line>
                <line number="173" hits="1" branch="False" />
                <line number="174" hits="1" branch="True" condition-coverage="50% (1/2)">
                  <conditions>
                    <condition number="75" type="jump" coverage="50%" />
                  </conditions>
                </line>
                <line number="175" hits="1" branch="False" />
                <line number="176" hits="1" branch="False" />
                <line number="179" hits="13" branch="True" condition-coverage="50% (1/2)">
                  <conditions>
                    <condition number="118" type="jump" coverage="50%" />
                  </conditions>
                </line>
                <line number="180" hits="0" branch="False" />
                <line number="181" hits="0" branch="True" condition-coverage="0% (0/2)">
                  <conditions>
                    <condition number="132" type="jump" coverage="0%" />
                  </conditions>
                </line>
                <line number="182" hits="0" branch="False" />
                <line number="183" hits="0" branch="False" />
                <line number="186" hits="13" branch="True" condition-coverage="100% (2/2)">
                  <conditions>
                    <condition number="173" type="jump" coverage="100%" />
                  </conditions>
                </line>
                <line number="187" hits="12" branch="False" />
                <line number="188" hits="12" branch="False" />
                <line number="191" hits="1" branch="True" condition-coverage="50% (1/2)">
                  <conditions>
                    <condition number="272" type="jump" coverage="50%" />
                  </conditions>
                </line>
                <line number="192" hits="1" branch="False" />
                <line number="193" hits="1" branch="False" />
                <line number="196" hits="0" branch="False" />
                <line number="197" hits="14" branch="False" />
              </lines>
            </method>
            <method name="TranslateMethodCall" signature="(System.Linq.Expressions.MethodCallExpression)" line-rate="1" branch-rate="1" complexity="2">
              <lines>
                <line number="200" hits="4" branch="False" />
                <line number="201" hits="4" branch="True" condition-coverage="100% (2/2)">
                  <conditions>
                    <condition number="12" type="jump" coverage="100%" />
                  </conditions>
                </line>
                <line number="202" hits="3" branch="False" />
                <line number="203" hits="3" branch="False" />
                <line number="206" hits="1" branch="False" />
                <line number="207" hits="3" branch="False" />
              </lines>
            </method>
            <method name="TryTranslateCollectionContains" signature="(System.Linq.Expressions.MethodCallExpression,System.String&amp;)" line-rate="0.875" branch-rate="0.8636" complexity="22">
              <lines>
                <line number="210" hits="4" branch="False" />
                <line number="211" hits="4" branch="False" />
                <line number="216" hits="4" branch="True" condition-coverage="100% (4/4)">
                  <conditions>
                    <condition number="29" type="jump" coverage="100%" />
                    <condition number="52" type="jump" coverage="100%" />
                  </conditions>
                </line>
                <line number="217" hits="4" branch="False" />
                <line number="218" hits="1" branch="False" />
                <line number="219" hits="1" branch="False" />
                <line number="220" hits="1" branch="False" />
                <line number="221" hits="1" branch="False" />
                <line number="222" hits="3" branch="True" condition-coverage="100% (8/8)">
                  <conditions>
                    <condition number="105" type="jump" coverage="100%" />
                    <condition number="113" type="jump" coverage="100%" />
                    <condition number="127" type="jump" coverage="100%" />
                    <condition number="162" type="jump" coverage="100%" />
                  </conditions>
                </line>
                <line number="223" hits="3" branch="False" />
                <line number="224" hits="3" branch="False" />
                <line number="225" hits="3" branch="False" />
                <line number="226" hits="2" branch="False" />
                <line number="227" hits="2" branch="False" />
                <line number="228" hits="2" branch="False" />
                <line number="229" hits="2" branch="False" />
                <line number="231" hits="1" branch="False" />
                <line number="232" hits="1" branch="False" />
                <line number="235" hits="3" branch="False" />
                <line number="236" hits="3" branch="True" condition-coverage="50% (1/2)">
                  <conditions>
                    <condition number="213" type="jump" coverage="50%" />
                  </conditions>
                </line>
                <line number="237" hits="0" branch="False" />
                <line number="238" hits="0" branch="False" />
                <line number="241" hits="3" branch="False" />
                <line number="242" hits="3" branch="True" condition-coverage="50% (2/4)">
                  <conditions>
                    <condition number="237" type="jump" coverage="50%" />
                    <condition number="262" type="jump" coverage="50%" />
                  </conditions>
                </line>
                <line number="243" hits="0" branch="False" />
                <line number="244" hits="0" branch="False" />
                <line number="247" hits="3" branch="True" condition-coverage="100% (2/2)">
                  <conditions>
                    <condition number="283" type="jump" coverage="100%" />
                  </conditions>
                </line>
                <line number="248" hits="3" branch="True" condition-coverage="100% (2/2)">
                  <conditions>
                    <condition number="320" type="jump" coverage="100%" />
                  </conditions>
                </line>
                <line number="249" hits="3" branch="False" />
                <line number="250" hits="3" branch="False" />
                <line number="251" hits="3" branch="False" />
                <line number="252" hits="4" branch="False" />
              </lines>
            </method>
            <method name="TryTranslateColumn" signature="(System.Linq.Expressions.Expression)" line-rate="0.8181" branch-rate="0.8332999999999999" complexity="6">
              <lines>
                <line number="255" hits="31" branch="False" />
                <line number="256" hits="31" branch="False" />
                <line number="258" hits="31" branch="True" condition-coverage="100% (4/4)">
                  <conditions>
                    <condition number="17" type="jump" coverage="100%" />
                    <condition number="41" type="jump" coverage="100%" />
                  </conditions>
                </line>
                <line number="259" hits="31" branch="False" />
                <line number="260" hits="14" branch="False" />
                <line number="261" hits="14" branch="False" />
                <line number="264" hits="17" branch="True" condition-coverage="50% (1/2)">
                  <conditions>
                    <condition number="79" type="jump" coverage="50%" />
                  </conditions>
                </line>
                <line number="265" hits="0" branch="False" />
                <line number="266" hits="0" branch="False" />
                <line number="269" hits="17" branch="False" />
                <line number="270" hits="31" branch="False" />
              </lines>
            </method>
            <method name="UnwrapConvert" signature="(System.Linq.Expressions.Expression)" line-rate="1" branch-rate="1" complexity="4">
              <lines>
                <line number="273" hits="75" branch="False" />
                <line number="274" hits="115" branch="True" condition-coverage="100% (4/4)">
                  <conditions>
                    <condition number="43" type="jump" coverage="100%" />
                    <condition number="30" type="jump" coverage="100%" />
                  </conditions>
                </line>
                <line number="275" hits="40" branch="False" />
                <line number="276" hits="40" branch="False" />
                <line number="277" hits="40" branch="False" />
                <line number="279" hits="75" branch="False" />
                <line number="280" hits="75" branch="False" />
              </lines>
            </method>
            <method name="Evaluate" signature="(System.Linq.Expressions.Expression)" line-rate="1" branch-rate="1" complexity="2">
              <lines>
                <line number="283" hits="16" branch="False" />
                <line number="284" hits="16" branch="False" />
                <line number="286" hits="16" branch="True" condition-coverage="100% (2/2)">
                  <conditions>
                    <condition number="22" type="jump" coverage="100%" />
                  </conditions>
                </line>
                <line number="287" hits="12" branch="False" />
                <line number="288" hits="12" branch="False" />
                <line number="291" hits="4" branch="False" />
                <line number="292" hits="4" branch="False" />
                <line number="293" hits="4" branch="False" />
                <line number="294" hits="16" branch="False" />
              </lines>
            </method>
            <method name="IsNullConstant" signature="(System.Linq.Expressions.Expression)" line-rate="1" branch-rate="1" complexity="2">
              <lines>
                <line number="297" hits="28" branch="False" />
                <line number="298" hits="28" branch="True" condition-coverage="100% (2/2)">
                  <conditions>
                    <condition number="14" type="jump" coverage="100%" />
                  </conditions>
                </line>
                <line number="299" hits="28" branch="False" />
              </lines>
            </method>
            <method name="ConvertValue" signature="(System.Object,System.Type)" line-rate="0.7142000000000001" branch-rate="0.75" complexity="4">
              <lines>
                <line number="302" hits="27" branch="False" />
                <line number="303" hits="27" branch="True" condition-coverage="100% (2/2)">
                  <conditions>
                    <condition number="8" type="jump" coverage="100%" />
                  </conditions>
                </line>
                <line number="305" hits="27" branch="True" condition-coverage="50% (1/2)">
                  <conditions>
                    <condition number="21" type="jump" coverage="50%" />
                  </conditions>
                </line>
                <line number="306" hits="0" branch="False" />
                <line number="307" hits="0" branch="False" />
                <line number="310" hits="27" branch="False" />
                <line number="311" hits="27" branch="False" />
              </lines>
            </method>
            <method name="QuoteIdentifier" signature="(System.String)" line-rate="1" branch-rate="1" complexity="1">
              <lines>
                <line number="314" hits="17" branch="False" />
                <line number="315" hits="17" branch="False" />
                <line number="316" hits="17" branch="False" />
              </lines>
            </method>
            <method name="SqlString" signature="(System.String)" line-rate="1" branch-rate="1" complexity="1">
              <lines>
                <line number="319" hits="12" branch="False" />
                <line number="320" hits="12" branch="False" />
                <line number="321" hits="12" branch="False" />
              </lines>
            </method>
            <method name="SqlLiteral" signature="(System.Object)" line-rate="0.6153" branch-rate="0.5" complexity="18">
              <lines>
                <line number="324" hits="17" branch="False" />
                <line number="325" hits="17" branch="True" condition-coverage="64.28% (9/14)">
                  <conditions>
                    <condition number="6" type="jump" coverage="50%" />
                    <condition number="16" type="jump" coverage="100%" />
                    <condition number="24" type="jump" coverage="100%" />
                    <condition number="41" type="jump" coverage="50%" />
                    <condition number="58" type="jump" coverage="50%" />
                    <condition number="82" type="jump" coverage="50%" />
                    <condition number="97" type="jump" coverage="50%" />
                  </conditions>
                </line>
                <line number="326" hits="17" branch="False" />
                <line number="327" hits="0" branch="False" />
                <line number="328" hits="8" branch="False" />
                <line number="329" hits="1" branch="False" />
                <line number="330" hits="0" branch="False" />
                <line number="331" hits="0" branch="True" condition-coverage="0% (0/2)">
                  <conditions>
                    <condition number="225" type="jump" coverage="0%" />
                  </conditions>
                </line>
                <line number="332" hits="0" branch="False" />
                <line number="333" hits="8" branch="False" />
                <line number="334" hits="0" branch="True" condition-coverage="0% (0/2)">
                  <conditions>
                    <condition number="301" type="jump" coverage="0%" />
                  </conditions>
                </line>
                <line number="335" hits="17" branch="False" />
                <line number="336" hits="17" branch="False" />
              </lines>
            </method>
            <method name=".ctor" signature="(ParquetLoader.Configuration.ParquetLoaderConfig,Microsoft.Extensions.Logging.ILogger)" line-rate="1" branch-rate="1" complexity="1">
              <lines>
                <line number="26" hits="17" branch="False" />
                <line number="27" hits="17" branch="False" />
                <line number="28" hits="17" branch="False" />
                <line number="29" hits="17" branch="False" />
                <line number="30" hits="17" branch="False" />
                <line number="31" hits="17" branch="False" />
                <line number="32" hits="17" branch="False" />
              </lines>
            </method>
          </methods>
          <lines>
            <line number="16" hits="2" branch="False" />
            <line number="18" hits="2" branch="False" />
            <line number="20" hits="2" branch="False" />
            <line number="38" hits="6" branch="False" />
            <line number="39" hits="6" branch="True" condition-coverage="100% (2/2)">
              <conditions>
                <condition number="7" type="jump" coverage="100%" />
              </conditions>
            </line>
            <line number="40" hits="1" branch="False" />
            <line number="41" hits="1" branch="False" />
            <line number="44" hits="5" branch="True" condition-coverage="100% (2/2)">
              <conditions>
                <condition number="27" type="jump" coverage="100%" />
              </conditions>
            </line>
            <line number="45" hits="5" branch="False" />
            <line number="46" hits="5" branch="False" />
            <line number="48" hits="5" branch="True" condition-coverage="100% (2/2)">
              <conditions>
                <condition number="43" type="jump" coverage="100%" />
              </conditions>
            </line>
            <line number="49" hits="3" branch="False" />
            <line number="55" hits="5" branch="False" />
            <line number="56" hits="5" branch="False" />
            <line number="57" hits="5" branch="True" condition-coverage="100% (2/2)">
              <conditions>
                <condition number="21" type="jump" coverage="100%" />
              </conditions>
            </line>
            <line number="58" hits="1" branch="False" />
            <line number="59" hits="1" branch="False" />
            <line number="62" hits="4" branch="True" condition-coverage="100% (2/2)">
              <conditions>
                <condition number="70" type="jump" coverage="100%" />
              </conditions>
            </line>
            <line number="63" hits="1" branch="False" />
            <line number="64" hits="1" branch="False" />
            <line number="67" hits="3" branch="False" />
            <line number="68" hits="3" branch="False" />
            <line number="69" hits="3" branch="False" />
            <line number="70" hits="3" branch="False" />
            <line number="71" hits="3" branch="False" />
            <line number="72" hits="3" branch="False" />
            <line number="74" hits="3" branch="True" condition-coverage="100% (2/2)">
              <conditions>
                <condition number="147" type="jump" coverage="100%" />
              </conditions>
            </line>
            <line number="75" hits="3" branch="False" />
            <line number="76" hits="3" branch="False" />
            <line number="77" hits="3" branch="False" />
            <line number="79" hits="3" branch="False" />
            <line number="80" hits="3" branch="False" />
            <line number="82" hits="3" branch="False" />
            <line number="83" hits="3" branch="False" />
            <line number="85" hits="3" branch="False" />
            <line number="86" hits="3" branch="False" />
            <line number="88" hits="3" branch="False" />
            <line number="89" hits="3" branch="False" />
            <line number="90" hits="3" branch="False" />
            <line number="94" hits="14" branch="False" />
            <line number="95" hits="14" branch="False" />
            <line number="96" hits="12" branch="False" />
            <line number="99" hits="3" branch="False" />
            <line number="100" hits="3" branch="False" />
            <line number="101" hits="3" branch="True" condition-coverage="100% (2/2)">
              <conditions>
                <condition number="38" type="jump" coverage="100%" />
              </conditions>
            </line>
            <line number="102" hits="3" branch="False" />
            <line number="103" hits="24" branch="False" />
            <line number="105" hits="3" branch="True" condition-coverage="100% (2/2)">
              <conditions>
                <condition number="97" type="jump" coverage="100%" />
              </conditions>
            </line>
            <line number="106" hits="3" branch="False" />
            <line number="107" hits="21" branch="False" />
            <line number="108" hits="3" branch="False" />
            <line number="110" hits="7" branch="True" condition-coverage="100% (2/2)">
              <conditions>
                <condition number="321" type="jump" coverage="100%" />
              </conditions>
            </line>
            <line number="111" hits="4" branch="False" />
            <line number="112" hits="4" branch="False" />
            <line number="113" hits="68" branch="True" condition-coverage="100% (2/2)">
              <conditions>
                <condition number="297" type="jump" coverage="100%" />
              </conditions>
            </line>
            <line number="114" hits="28" branch="False" />
            <line number="115" hits="28" branch="True" condition-coverage="50% (2/4)">
              <conditions>
                <condition number="185" type="jump" coverage="50%" />
                <condition number="207" type="jump" coverage="50%" />
              </conditions>
            </line>
            <line number="116" hits="28" branch="False" />
            <line number="117" hits="0" branch="False" />
            <line number="118" hits="0" branch="False" />
            <line number="121" hits="28" branch="False" />
            <line number="122" hits="28" branch="True" condition-coverage="100% (2/2)">
              <conditions>
                <condition number="236" type="jump" coverage="100%" />
              </conditions>
            </line>
            <line number="123" hits="1" branch="False" />
            <line number="124" hits="1" branch="False" />
            <line number="125" hits="1" branch="False" />
            <line number="128" hits="27" branch="False" />
            <line number="129" hits="27" branch="False" />
            <line number="131" hits="4" branch="False" />
            <line number="132" hits="4" branch="False" />
            <line number="134" hits="3" branch="False" />
            <line number="135" hits="3" branch="False" />
            <line number="138" hits="25" branch="False" />
            <line number="139" hits="25" branch="True" condition-coverage="95.23% (20/21)">
              <conditions>
                <condition number="14" type="jump" coverage="100%" />
                <condition number="18" type="jump" coverage="100%" />
                <condition number="38" type="switch" coverage="90%" />
                <condition number="85" type="switch" coverage="100%" />
                <condition number="24" type="jump" coverage="100%" />
              </conditions>
            </line>
            <line number="140" hits="25" branch="False" />
            <line number="141" hits="4" branch="False" />
            <line number="142" hits="1" branch="False" />
            <line number="143" hits="1" branch="False" />
            <line number="144" hits="8" branch="False" />
            <line number="145" hits="2" branch="False" />
            <line number="146" hits="2" branch="False" />
            <line number="147" hits="1" branch="False" />
            <line number="148" hits="1" branch="False" />
            <line number="149" hits="0" branch="False" />
            <line number="150" hits="4" branch="False" />
            <line number="151" hits="1" branch="False" />
            <line number="152" hits="25" branch="False" />
            <line number="153" hits="23" branch="False" />
            <line number="156" hits="5" branch="False" />
            <line number="157" hits="5" branch="False" />
            <line number="158" hits="5" branch="False" />
            <line number="161" hits="1" branch="False" />
            <line number="162" hits="1" branch="False" />
            <line number="163" hits="1" branch="False" />
            <line number="166" hits="14" branch="False" />
            <line number="167" hits="14" branch="False" />
            <line number="168" hits="14" branch="False" />
            <line number="169" hits="14" branch="False" />
            <line number="170" hits="14" branch="False" />
            <line number="172" hits="14" branch="True" condition-coverage="100% (2/2)">
              <conditions>
                <condition number="61" type="jump" coverage="100%" />
              </conditions>
            </line>
            <line number="173" hits="1" branch="False" />
            <line number="174" hits="1" branch="True" condition-coverage="50% (1/2)">
              <conditions>
                <condition number="75" type="jump" coverage="50%" />
              </conditions>
            </line>
            <line number="175" hits="1" branch="False" />
            <line number="176" hits="1" branch="False" />
            <line number="179" hits="13" branch="True" condition-coverage="50% (1/2)">
              <conditions>
                <condition number="118" type="jump" coverage="50%" />
              </conditions>
            </line>
            <line number="180" hits="0" branch="False" />
            <line number="181" hits="0" branch="True" condition-coverage="0% (0/2)">
              <conditions>
                <condition number="132" type="jump" coverage="0%" />
              </conditions>
            </line>
            <line number="182" hits="0" branch="False" />
            <line number="183" hits="0" branch="False" />
            <line number="186" hits="13" branch="True" condition-coverage="100% (2/2)">
              <conditions>
                <condition number="173" type="jump" coverage="100%" />
              </conditions>
            </line>
            <line number="187" hits="12" branch="False" />
            <line number="188" hits="12" branch="False" />
            <line number="191" hits="1" branch="True" condition-coverage="50% (1/2)">
              <conditions>
                <condition number="272" type="jump" coverage="50%" />
              </conditions>
            </line>
            <line number="192" hits="1" branch="False" />
            <line number="193" hits="1" branch="False" />
            <line number="196" hits="0" branch="False" />
            <line number="197" hits="14" branch="False" />
            <line number="200" hits="4" branch="False" />
            <line number="201" hits="4" branch="True" condition-coverage="100% (2/2)">
              <conditions>
                <condition number="12" type="jump" coverage="100%" />
              </conditions>
            </line>
            <line number="202" hits="3" branch="False" />
            <line number="203" hits="3" branch="False" />
            <line number="206" hits="1" branch="False" />
            <line number="207" hits="3" branch="False" />
            <line number="210" hits="4" branch="False" />
            <line number="211" hits="4" branch="False" />
            <line number="216" hits="4" branch="True" condition-coverage="100% (4/4)">
              <conditions>
                <condition number="29" type="jump" coverage="100%" />
                <condition number="52" type="jump" coverage="100%" />
              </conditions>
            </line>
            <line number="217" hits="4" branch="False" />
            <line number="218" hits="1" branch="False" />
            <line number="219" hits="1" branch="False" />
            <line number="220" hits="1" branch="False" />
            <line number="221" hits="1" branch="False" />
            <line number="222" hits="3" branch="True" condition-coverage="100% (8/8)">
              <conditions>
                <condition number="105" type="jump" coverage="100%" />
                <condition number="113" type="jump" coverage="100%" />
                <condition number="127" type="jump" coverage="100%" />
                <condition number="162" type="jump" coverage="100%" />
              </conditions>
            </line>
            <line number="223" hits="3" branch="False" />
            <line number="224" hits="3" branch="False" />
            <line number="225" hits="3" branch="False" />
            <line number="226" hits="2" branch="False" />
            <line number="227" hits="2" branch="False" />
            <line number="228" hits="2" branch="False" />
            <line number="229" hits="2" branch="False" />
            <line number="231" hits="1" branch="False" />
            <line number="232" hits="1" branch="False" />
            <line number="235" hits="3" branch="False" />
            <line number="236" hits="3" branch="True" condition-coverage="50% (1/2)">
              <conditions>
                <condition number="213" type="jump" coverage="50%" />
              </conditions>
            </line>
            <line number="237" hits="0" branch="False" />
            <line number="238" hits="0" branch="False" />
            <line number="241" hits="3" branch="False" />
            <line number="242" hits="3" branch="True" condition-coverage="50% (2/4)">
              <conditions>
                <condition number="237" type="jump" coverage="50%" />
                <condition number="262" type="jump" coverage="50%" />
              </conditions>
            </line>
            <line number="243" hits="0" branch="False" />
            <line number="244" hits="0" branch="False" />
            <line number="247" hits="3" branch="True" condition-coverage="100% (2/2)">
              <conditions>
                <condition number="283" type="jump" coverage="100%" />
              </conditions>
            </line>
            <line number="248" hits="3" branch="True" condition-coverage="100% (2/2)">
              <conditions>
                <condition number="320" type="jump" coverage="100%" />
              </conditions>
            </line>
            <line number="249" hits="3" branch="False" />
            <line number="250" hits="3" branch="False" />
            <line number="251" hits="3" branch="False" />
            <line number="252" hits="4" branch="False" />
            <line number="255" hits="31" branch="False" />
            <line number="256" hits="31" branch="False" />
            <line number="258" hits="31" branch="True" condition-coverage="100% (4/4)">
              <conditions>
                <condition number="17" type="jump" coverage="100%" />
                <condition number="41" type="jump" coverage="100%" />
              </conditions>
            </line>
            <line number="259" hits="31" branch="False" />
            <line number="260" hits="14" branch="False" />
            <line number="261" hits="14" branch="False" />
            <line number="264" hits="17" branch="True" condition-coverage="50% (1/2)">
              <conditions>
                <condition number="79" type="jump" coverage="50%" />
              </conditions>
            </line>
            <line number="265" hits="0" branch="False" />
            <line number="266" hits="0" branch="False" />
            <line number="269" hits="17" branch="False" />
            <line number="270" hits="31" branch="False" />
            <line number="273" hits="75" branch="False" />
            <line number="274" hits="115" branch="True" condition-coverage="100% (4/4)">
              <conditions>
                <condition number="43" type="jump" coverage="100%" />
                <condition number="30" type="jump" coverage="100%" />
              </conditions>
            </line>
            <line number="275" hits="40" branch="False" />
            <line number="276" hits="40" branch="False" />
            <line number="277" hits="40" branch="False" />
            <line number="279" hits="75" branch="False" />
            <line number="280" hits="75" branch="False" />
            <line number="283" hits="16" branch="False" />
            <line number="284" hits="16" branch="False" />
            <line number="286" hits="16" branch="True" condition-coverage="100% (2/2)">
              <conditions>
                <condition number="22" type="jump" coverage="100%" />
              </conditions>
            </line>
            <line number="287" hits="12" branch="False" />
            <line number="288" hits="12" branch="False" />
            <line number="291" hits="4" branch="False" />
            <line number="292" hits="4" branch="False" />
            <line number="293" hits="4" branch="False" />
            <line number="294" hits="16" branch="False" />
            <line number="297" hits="28" branch="False" />
            <line number="298" hits="28" branch="True" condition-coverage="100% (2/2)">
              <conditions>
                <condition number="14" type="jump" coverage="100%" />
              </conditions>
            </line>
            <line number="299" hits="28" branch="False" />
            <line number="302" hits="27" branch="False" />
            <line number="303" hits="27" branch="True" condition-coverage="100% (2/2)">
              <conditions>
                <condition number="8" type="jump" coverage="100%" />
              </conditions>
            </line>
            <line number="305" hits="27" branch="True" condition-coverage="50% (1/2)">
              <conditions>
                <condition number="21" type="jump" coverage="50%" />
              </conditions>
            </line>
            <line number="306" hits="0" branch="False" />
            <line number="307" hits="0" branch="False" />
            <line number="310" hits="27" branch="False" />
            <line number="311" hits="27" branch="False" />
            <line number="314" hits="17" branch="False" />
            <line number="315" hits="17" branch="False" />
            <line number="316" hits="17" branch="False" />
            <line number="319" hits="12" branch="False" />
            <line number="320" hits="12" branch="False" />
            <line number="321" hits="12" branch="False" />
            <line number="324" hits="17" branch="False" />
            <line number="325" hits="17" branch="True" condition-coverage="64.28% (9/14)">
              <conditions>
                <condition number="6" type="jump" coverage="50%" />
                <condition number="16" type="jump" coverage="100%" />
                <condition number="24" type="jump" coverage="100%" />
                <condition number="41" type="jump" coverage="50%" />
                <condition number="58" type="jump" coverage="50%" />
                <condition number="82" type="jump" coverage="50%" />
                <condition number="97" type="jump" coverage="50%" />
              </conditions>
            </line>
            <line number="326" hits="17" branch="False" />
            <line number="327" hits="0" branch="False" />
            <line number="328" hits="8" branch="False" />
            <line number="329" hits="1" branch="False" />
            <line number="330" hits="0" branch="False" />
            <line number="331" hits="0" branch="True" condition-coverage="0% (0/2)">
              <conditions>
                <condition number="225" type="jump" coverage="0%" />
              </conditions>
            </line>
            <line number="332" hits="0" branch="False" />
            <line number="333" hits="8" branch="False" />
            <line number="334" hits="0" branch="True" condition-coverage="0% (0/2)">
              <conditions>
                <condition number="301" type="jump" coverage="0%" />
              </conditions>
            </line>
            <line number="335" hits="17" branch="False" />
            <line number="336" hits="17" branch="False" />
            <line number="26" hits="17" branch="False" />
            <line number="27" hits="17" branch="False" />
            <line number="28" hits="17" branch="False" />
            <line number="29" hits="17" branch="False" />
            <line number="30" hits="17" branch="False" />
            <line number="31" hits="17" branch="False" />
            <line number="32" hits="17" branch="False" />
          </lines>
        </class>
        <class name="ParquetLoader.ParquetLoads.WorkflowParquetLoader.WorkflowDto" filename="ParquetLoads/WorkflowParquetLoader/WorkflowDto.cs" line-rate="1" branch-rate="1" complexity="7">
          <methods>
            <method name="get_Id" signature="()" line-rate="1" branch-rate="1" complexity="1">
              <lines>
                <line number="5" hits="7" branch="False" />
              </lines>
            </method>
            <method name="get_WorkflowId" signature="()" line-rate="1" branch-rate="1" complexity="1">
              <lines>
                <line number="7" hits="5" branch="False" />
              </lines>
            </method>
            <method name="get_Status" signature="()" line-rate="1" branch-rate="1" complexity="1">
              <lines>
                <line number="9" hits="6" branch="False" />
              </lines>
            </method>
            <method name="get_CreatedOn" signature="()" line-rate="1" branch-rate="1" complexity="1">
              <lines>
                <line number="11" hits="4" branch="False" />
              </lines>
            </method>
            <method name="get_Assignee" signature="()" line-rate="1" branch-rate="1" complexity="1">
              <lines>
                <line number="13" hits="6" branch="False" />
              </lines>
            </method>
            <method name="get_UpdatedOn" signature="()" line-rate="1" branch-rate="1" complexity="1">
              <lines>
                <line number="15" hits="5" branch="False" />
              </lines>
            </method>
            <method name="get_MonthOfYear" signature="()" line-rate="1" branch-rate="1" complexity="1">
              <lines>
                <line number="17" hits="6" branch="False" />
              </lines>
            </method>
          </methods>
          <lines>
            <line number="5" hits="7" branch="False" />
            <line number="7" hits="5" branch="False" />
            <line number="9" hits="6" branch="False" />
            <line number="11" hits="4" branch="False" />
            <line number="13" hits="6" branch="False" />
            <line number="15" hits="5" branch="False" />
            <line number="17" hits="6" branch="False" />
          </lines>
        </class>
        <class name="ParquetLoader.ParquetLoads.WorkflowParquetLoader.WorkflowParquetLoader" filename="ParquetLoads/WorkflowParquetLoader/WorkflowParquetLoader.cs" line-rate="0" branch-rate="1" complexity="3">
          <methods>
            <method name="get_DatasetName" signature="()" line-rate="0" branch-rate="1" complexity="1">
              <lines>
                <line number="15" hits="0" branch="False" />
              </lines>
            </method>
            <method name="get_ColumnMap" signature="()" line-rate="0" branch-rate="1" complexity="1">
              <lines>
                <line number="17" hits="0" branch="False" />
              </lines>
            </method>
            <method name=".ctor" signature="(ParquetLoader.Configuration.ParquetLoaderConfig,Microsoft.Extensions.Logging.ILogger`1&lt;ParquetLoader.ParquetLoads.WorkflowParquetLoader.WorkflowParquetLoader&gt;)" line-rate="0" branch-rate="1" complexity="1">
              <lines>
                <line number="11" hits="0" branch="False" />
                <line number="12" hits="0" branch="False" />
                <line number="13" hits="0" branch="False" />
                <line number="18" hits="0" branch="False" />
                <line number="19" hits="0" branch="False" />
                <line number="20" hits="0" branch="False" />
                <line number="21" hits="0" branch="False" />
                <line number="22" hits="0" branch="False" />
                <line number="23" hits="0" branch="False" />
                <line number="24" hits="0" branch="False" />
                <line number="25" hits="0" branch="False" />
                <line number="26" hits="0" branch="False" />
                <line number="27" hits="0" branch="False" />
              </lines>
            </method>
          </methods>
          <lines>
            <line number="15" hits="0" branch="False" />
            <line number="17" hits="0" branch="False" />
            <line number="11" hits="0" branch="False" />
            <line number="12" hits="0" branch="False" />
            <line number="13" hits="0" branch="False" />
            <line number="18" hits="0" branch="False" />
            <line number="19" hits="0" branch="False" />
            <line number="20" hits="0" branch="False" />
            <line number="21" hits="0" branch="False" />
            <line number="22" hits="0" branch="False" />
            <line number="23" hits="0" branch="False" />
            <line number="24" hits="0" branch="False" />
            <line number="25" hits="0" branch="False" />
            <line number="26" hits="0" branch="False" />
            <line number="27" hits="0" branch="False" />
          </lines>
        </class>
        <class name="ParquetLoader.Configuration.ParquetLoaderConfig" filename="Configuration/ParquetLoaderConfig.cs" line-rate="1" branch-rate="1" complexity="4">
          <methods>
            <method name="get_BaseParquetPath" signature="()" line-rate="1" branch-rate="1" complexity="1">
              <lines>
                <line number="7" hits="50" branch="False" />
              </lines>
            </method>
            <method name="Normalize" signature="(System.String)" line-rate="1" branch-rate="1" complexity="1">
              <lines>
                <line number="10" hits="2" branch="False" />
                <line number="11" hits="2" branch="False" />
                <line number="12" hits="2" branch="False" />
                <line number="13" hits="2" branch="False" />
              </lines>
            </method>
            <method name="Validate" signature="()" line-rate="1" branch-rate="1" complexity="2">
              <lines>
                <line number="16" hits="3" branch="False" />
                <line number="17" hits="3" branch="True" condition-coverage="100% (2/2)">
                  <conditions>
                    <condition number="14" type="jump" coverage="100%" />
                  </conditions>
                </line>
                <line number="18" hits="1" branch="False" />
                <line number="19" hits="1" branch="False" />
                <line number="21" hits="2" branch="False" />
              </lines>
            </method>
          </methods>
          <lines>
            <line number="7" hits="50" branch="False" />
            <line number="10" hits="2" branch="False" />
            <line number="11" hits="2" branch="False" />
            <line number="12" hits="2" branch="False" />
            <line number="13" hits="2" branch="False" />
            <line number="16" hits="3" branch="False" />
            <line number="17" hits="3" branch="True" condition-coverage="100% (2/2)">
              <conditions>
                <condition number="14" type="jump" coverage="100%" />
              </conditions>
            </line>
            <line number="18" hits="1" branch="False" />
            <line number="19" hits="1" branch="False" />
            <line number="21" hits="2" branch="False" />
          </lines>
        </class>
      </classes>
    </package>
  </packages>
</coverage>